2024-05-14 00:30:21,133 +0545 [INFO] Watching for file changes with StatReloader
2024-05-14 00:31:00,233 +0545 [INFO] "OPTIONS /account/auth/login/ HTTP/1.1" 200 0
2024-05-14 00:31:00,510 +0545 [INFO] "POST /account/auth/login/ HTTP/1.1" 200 483
2024-05-14 00:31:00,536 +0545 [INFO] "OPTIONS /account/user/details/ HTTP/1.1" 200 0
2024-05-14 00:31:00,540 +0545 [INFO] "OPTIONS /account/user/details/ HTTP/1.1" 200 0
2024-05-14 00:31:00,547 +0545 [INFO] "GET /account/user/details/ HTTP/1.1" 200 290
2024-05-14 00:31:00,551 +0545 [INFO] "GET /account/user/details/ HTTP/1.1" 200 290
2024-05-14 00:31:03,267 +0545 [INFO] "GET /account/user/details/ HTTP/1.1" 200 290
2024-05-14 00:31:03,277 +0545 [INFO] "GET /account/user/details/ HTTP/1.1" 200 290
2024-05-14 00:31:03,282 +0545 [INFO] "OPTIONS /account/seller-profile/1/ HTTP/1.1" 200 0
2024-05-14 00:31:03,287 +0545 [INFO] "GET /account/seller-profile/1/ HTTP/1.1" 200 184
2024-05-14 00:31:03,300 +0545 [INFO] "GET /media/seller/profile_images/e-commerce_RDMS_Diagram.png HTTP/1.1" 200 31349
2024-05-14 00:31:04,327 +0545 [INFO] "GET /e-com/api/categories/list/ HTTP/1.1" 200 350
2024-05-14 00:31:04,328 +0545 [INFO] "GET /account/user/details/ HTTP/1.1" 200 290
2024-05-14 00:31:04,333 +0545 [INFO] "GET /e-com/api/categories/list/ HTTP/1.1" 200 350
2024-05-14 00:31:04,338 +0545 [INFO] "GET /account/user/details/ HTTP/1.1" 200 290
2024-05-14 00:31:06,707 +0545 [INFO] "GET /account/user/details/ HTTP/1.1" 200 290
2024-05-14 00:31:06,715 +0545 [INFO] "GET /account/user/details/ HTTP/1.1" 200 290
2024-05-14 00:35:23,743 +0545 [INFO] "OPTIONS /e-com/api/seller/products/list/ HTTP/1.1" 200 0
2024-05-14 00:35:23,745 +0545 [INFO] "OPTIONS /e-com/api/seller/products/list/ HTTP/1.1" 200 0
2024-05-14 00:35:23,749 +0545 [WARNING] Unauthorized: /e-com/api/seller/products/list/
2024-05-14 00:35:23,750 +0545 [WARNING] "GET /e-com/api/seller/products/list/ HTTP/1.1" 401 183
2024-05-14 00:35:23,751 +0545 [WARNING] Unauthorized: /e-com/api/seller/products/list/
2024-05-14 00:35:23,751 +0545 [WARNING] "GET /e-com/api/seller/products/list/ HTTP/1.1" 401 183
2024-05-14 00:36:56,874 +0545 [WARNING] Unauthorized: /e-com/api/seller/products/list/
2024-05-14 00:36:56,875 +0545 [WARNING] "GET /e-com/api/seller/products/list/ HTTP/1.1" 401 183
2024-05-14 00:36:56,877 +0545 [WARNING] Unauthorized: /e-com/api/seller/products/list/
2024-05-14 00:36:56,878 +0545 [WARNING] "GET /e-com/api/seller/products/list/ HTTP/1.1" 401 183
2024-05-14 00:37:14,360 +0545 [WARNING] Unauthorized: /e-com/api/seller/products/list/
2024-05-14 00:37:14,361 +0545 [WARNING] "GET /e-com/api/seller/products/list/ HTTP/1.1" 401 183
2024-05-14 00:37:19,727 +0545 [WARNING] Unauthorized: /e-com/api/seller/products/list/
2024-05-14 00:37:19,728 +0545 [WARNING] "GET /e-com/api/seller/products/list/ HTTP/1.1" 401 183
2024-05-14 00:37:21,073 +0545 [WARNING] Unauthorized: /e-com/api/seller/products/list/
2024-05-14 00:37:21,073 +0545 [WARNING] "GET /e-com/api/seller/products/list/ HTTP/1.1" 401 183
2024-05-14 00:37:51,920 +0545 [INFO] "GET /e-com/api/seller/products/list/ HTTP/1.1" 200 1975
2024-05-14 00:37:55,742 +0545 [INFO] "GET /e-com/api/seller/products/list/ HTTP/1.1" 200 1975
2024-05-14 00:37:55,749 +0545 [INFO] "GET /e-com/api/seller/products/list/ HTTP/1.1" 200 1975
2024-05-14 00:38:06,540 +0545 [INFO] "GET /e-com/api/seller/products/list/ HTTP/1.1" 200 1975
2024-05-14 00:38:06,549 +0545 [INFO] "GET /e-com/api/seller/products/list/ HTTP/1.1" 200 1975
2024-05-14 00:38:32,713 +0545 [INFO] "GET /e-com/api/seller/products/list/ HTTP/1.1" 200 1975
2024-05-14 00:39:10,839 +0545 [WARNING] Unauthorized: /e-com/api/seller/products/list/
2024-05-14 00:39:10,842 +0545 [WARNING] "GET /e-com/api/seller/products/list/ HTTP/1.1" 401 58
2024-05-14 00:39:10,848 +0545 [INFO] "GET /media/seller/product_images/n6_KBnMTeA.jpg HTTP/1.1" 200 48579
2024-05-14 00:39:10,850 +0545 [INFO] "GET /media/seller/product_images/dell_monitor_AngHyoj.jpeg HTTP/1.1" 200 105816
2024-05-14 00:39:10,854 +0545 [INFO] "GET /media/seller/product_images/cg.png HTTP/1.1" 200 678927
2024-05-14 00:39:12,698 +0545 [WARNING] Unauthorized: /e-com/api/seller/products/list/
2024-05-14 00:39:12,699 +0545 [WARNING] "GET /e-com/api/seller/products/list/ HTTP/1.1" 401 58
2024-05-14 00:39:12,712 +0545 [WARNING] Unauthorized: /e-com/api/seller/products/list/
2024-05-14 00:39:12,713 +0545 [WARNING] "GET /e-com/api/seller/products/list/ HTTP/1.1" 401 58
2024-05-14 00:39:15,245 +0545 [WARNING] Unauthorized: /e-com/api/seller/products/list/
2024-05-14 00:39:15,249 +0545 [WARNING] Unauthorized: /e-com/api/seller/products/list/
2024-05-14 00:39:15,250 +0545 [WARNING] "GET /e-com/api/seller/products/list/ HTTP/1.1" 401 58
2024-05-14 00:39:15,250 +0545 [WARNING] "GET /e-com/api/seller/products/list/ HTTP/1.1" 401 58
2024-05-14 00:40:41,579 +0545 [INFO] "GET /e-com/api/seller/products/list/ HTTP/1.1" 200 1975
2024-05-14 00:40:43,268 +0545 [INFO] "GET /e-com/api/seller/products/list/ HTTP/1.1" 200 1975
2024-05-14 00:40:43,274 +0545 [INFO] "GET /e-com/api/seller/products/list/ HTTP/1.1" 200 1975
2024-05-14 00:41:01,857 +0545 [INFO] "GET /e-com/api/seller/products/list/ HTTP/1.1" 200 1975
2024-05-14 00:42:25,336 +0545 [INFO] "GET /e-com/api/seller/products/list/ HTTP/1.1" 200 1975
2024-05-14 00:42:28,710 +0545 [INFO] "GET /e-com/api/seller/products/list/ HTTP/1.1" 200 1975
2024-05-14 00:42:28,719 +0545 [INFO] "GET /e-com/api/seller/products/list/ HTTP/1.1" 200 1975
2024-05-14 00:42:36,612 +0545 [INFO] "GET /e-com/api/seller/products/list/ HTTP/1.1" 200 1975
2024-05-14 00:42:40,731 +0545 [INFO] "GET /e-com/api/seller/products/list/ HTTP/1.1" 200 1975
2024-05-14 00:43:08,150 +0545 [INFO] "GET /e-com/api/seller/products/list/ HTTP/1.1" 200 1975
2024-05-14 00:43:14,523 +0545 [INFO] "GET /e-com/api/seller/products/list/ HTTP/1.1" 200 1975
2024-05-14 00:43:16,479 +0545 [INFO] "GET /e-com/api/seller/products/list/ HTTP/1.1" 200 1975
2024-05-14 00:43:17,540 +0545 [INFO] "GET /e-com/api/seller/products/list/ HTTP/1.1" 200 1975
2024-05-14 00:44:40,131 +0545 [INFO] "GET /e-com/api/seller/products/list/ HTTP/1.1" 200 1975
2024-05-14 00:44:42,524 +0545 [INFO] "GET /e-com/api/seller/products/list/ HTTP/1.1" 200 1975
2024-05-14 00:44:42,533 +0545 [INFO] "GET /e-com/api/seller/products/list/ HTTP/1.1" 200 1975
2024-05-14 00:44:55,082 +0545 [INFO] "GET /e-com/api/seller/products/list/ HTTP/1.1" 200 1975
2024-05-14 00:45:00,853 +0545 [INFO] "GET /e-com/api/seller/products/list/ HTTP/1.1" 200 1975
2024-05-14 00:45:00,866 +0545 [INFO] "GET /e-com/api/seller/products/list/ HTTP/1.1" 200 1975
2024-05-14 00:45:10,123 +0545 [INFO] "GET /e-com/api/seller/products/list/ HTTP/1.1" 200 1975
2024-05-14 00:45:13,331 +0545 [INFO] "GET /e-com/api/seller/products/list/ HTTP/1.1" 200 1975
2024-05-14 00:45:23,753 +0545 [INFO] "GET /e-com/api/seller/products/list/ HTTP/1.1" 200 1975
2024-05-14 00:45:28,330 +0545 [INFO] "GET /e-com/api/seller/products/list/ HTTP/1.1" 200 1975
2024-05-14 00:45:37,558 +0545 [INFO] "GET /e-com/api/seller/products/list/ HTTP/1.1" 200 1975
2024-05-14 00:45:47,509 +0545 [INFO] "GET /e-com/api/seller/products/list/ HTTP/1.1" 200 1975
2024-05-14 00:45:50,914 +0545 [INFO] "GET /e-com/api/seller/products/list/ HTTP/1.1" 200 1975
2024-05-14 00:45:53,489 +0545 [INFO] "GET /e-com/api/seller/products/list/ HTTP/1.1" 200 1975
2024-05-14 00:45:58,228 +0545 [INFO] "GET /e-com/api/seller/products/list/ HTTP/1.1" 200 1975
2024-05-14 00:46:00,435 +0545 [INFO] "GET /e-com/api/seller/products/list/ HTTP/1.1" 200 1975
2024-05-14 00:46:01,550 +0545 [INFO] "GET /e-com/api/seller/products/list/ HTTP/1.1" 200 1975
2024-05-14 00:46:05,163 +0545 [INFO] "GET /e-com/api/seller/products/list/ HTTP/1.1" 200 1975
2024-05-14 00:46:11,950 +0545 [INFO] "GET /e-com/api/seller/products/list/ HTTP/1.1" 200 1975
2024-05-14 00:46:26,539 +0545 [INFO] "GET /e-com/api/seller/products/list/ HTTP/1.1" 200 1975
2024-05-14 00:46:27,630 +0545 [INFO] "GET /e-com/api/seller/products/list/ HTTP/1.1" 200 1975
2024-05-14 00:46:30,082 +0545 [INFO] "GET /e-com/api/seller/products/list/ HTTP/1.1" 200 1975
2024-05-14 00:47:07,760 +0545 [INFO] "GET /e-com/api/seller/products/list/ HTTP/1.1" 200 1975
2024-05-14 00:47:19,824 +0545 [INFO] "GET /e-com/api/seller/products/list/ HTTP/1.1" 200 1975
2024-05-14 00:47:24,238 +0545 [INFO] "GET /e-com/api/seller/products/list/ HTTP/1.1" 200 1975
2024-05-14 00:47:31,417 +0545 [INFO] "GET /e-com/api/seller/products/list/ HTTP/1.1" 200 1975
2024-05-14 00:47:33,713 +0545 [INFO] "GET /e-com/api/seller/products/list/ HTTP/1.1" 200 1975
2024-05-14 00:47:38,049 +0545 [INFO] "GET /e-com/api/seller/products/list/ HTTP/1.1" 200 1975
2024-05-14 00:47:41,685 +0545 [INFO] "GET /e-com/api/seller/products/list/ HTTP/1.1" 200 1975
2024-05-14 00:48:18,605 +0545 [INFO] "GET /e-com/api/seller/products/list/ HTTP/1.1" 200 1975
2024-05-14 00:48:18,614 +0545 [INFO] "GET /e-com/api/seller/products/list/ HTTP/1.1" 200 1975
2024-05-14 00:48:22,002 +0545 [INFO] "GET /e-com/api/seller/products/list/ HTTP/1.1" 200 1975
2024-05-14 00:48:22,008 +0545 [INFO] "GET /e-com/api/seller/products/list/ HTTP/1.1" 200 1975
2024-05-14 00:48:40,561 +0545 [INFO] "GET /e-com/api/seller/products/list/ HTTP/1.1" 200 1975
2024-05-14 00:48:45,736 +0545 [INFO] "GET /e-com/api/seller/products/list/ HTTP/1.1" 200 1975
2024-05-14 00:48:53,508 +0545 [INFO] "GET /e-com/api/seller/products/list/ HTTP/1.1" 200 1975
2024-05-14 00:50:20,146 +0545 [INFO] "GET /e-com/api/seller/products/list/ HTTP/1.1" 200 1975
2024-05-14 00:50:29,797 +0545 [INFO] "GET /e-com/api/seller/products/list/ HTTP/1.1" 200 1975
2024-05-14 00:50:29,808 +0545 [INFO] "GET /e-com/api/seller/products/list/ HTTP/1.1" 200 1975
2024-05-14 00:53:16,139 +0545 [INFO] "GET /e-com/api/seller/products/list/ HTTP/1.1" 200 1975
2024-05-14 00:53:16,146 +0545 [INFO] "GET /e-com/api/seller/products/list/ HTTP/1.1" 200 1975
2024-05-14 00:53:44,282 +0545 [INFO] "GET /e-com/api/seller/products/list/ HTTP/1.1" 200 1975
2024-05-14 00:53:44,292 +0545 [INFO] "GET /e-com/api/seller/products/list/ HTTP/1.1" 200 1975
2024-05-14 00:55:20,531 +0545 [INFO] "GET /e-com/api/seller/products/list/ HTTP/1.1" 200 1975
2024-05-14 00:55:40,426 +0545 [INFO] "GET /e-com/api/seller/products/list/ HTTP/1.1" 200 1975
2024-05-14 00:55:44,104 +0545 [INFO] "GET /e-com/api/seller/products/list/ HTTP/1.1" 200 1975
2024-05-14 00:56:03,876 +0545 [INFO] "GET /e-com/api/seller/products/list/ HTTP/1.1" 200 1975
2024-05-14 00:56:10,095 +0545 [INFO] "GET /e-com/api/seller/products/list/ HTTP/1.1" 200 1975
2024-05-14 00:56:23,510 +0545 [INFO] "GET /e-com/api/seller/products/list/ HTTP/1.1" 200 1975
2024-05-14 00:56:25,770 +0545 [INFO] "GET /e-com/api/seller/products/list/ HTTP/1.1" 200 1975
2024-05-14 00:56:36,871 +0545 [INFO] "GET /e-com/api/seller/products/list/ HTTP/1.1" 200 1975
2024-05-14 00:56:45,292 +0545 [INFO] "GET /e-com/api/seller/products/list/ HTTP/1.1" 200 1975
2024-05-14 00:59:58,831 +0545 [INFO] "GET /e-com/api/seller/products/list/ HTTP/1.1" 200 1975
2024-05-14 01:00:34,122 +0545 [INFO] "GET /e-com/api/seller/products/list/ HTTP/1.1" 200 1975
2024-05-14 01:01:11,098 +0545 [INFO] "GET /e-com/api/seller/products/list/ HTTP/1.1" 200 1975
2024-05-14 01:01:12,083 +0545 [INFO] "GET /e-com/api/seller/products/list/ HTTP/1.1" 200 1975
2024-05-14 01:01:42,106 +0545 [INFO] "GET /e-com/api/seller/products/list/ HTTP/1.1" 200 1975
2024-05-14 01:01:42,114 +0545 [INFO] "GET /e-com/api/seller/products/list/ HTTP/1.1" 200 1975
2024-05-14 01:02:24,112 +0545 [INFO] "GET /e-com/api/seller/products/list/ HTTP/1.1" 200 1975
2024-05-14 01:02:31,105 +0545 [INFO] "GET /e-com/api/seller/products/list/ HTTP/1.1" 200 1975
2024-05-14 01:02:37,148 +0545 [INFO] "GET /e-com/api/seller/products/list/ HTTP/1.1" 200 1975
2024-05-14 01:02:44,797 +0545 [INFO] "GET /e-com/api/seller/products/list/ HTTP/1.1" 200 1975
2024-05-14 01:02:44,812 +0545 [INFO] "GET /e-com/api/seller/products/list/ HTTP/1.1" 200 1975
2024-05-14 01:03:04,092 +0545 [INFO] "GET /e-com/api/seller/products/list/ HTTP/1.1" 200 1975
2024-05-14 01:03:07,083 +0545 [INFO] "GET /e-com/api/seller/products/list/ HTTP/1.1" 200 1975
2024-05-14 01:03:09,090 +0545 [INFO] "GET /e-com/api/seller/products/list/ HTTP/1.1" 200 1975
2024-05-14 01:03:10,089 +0545 [INFO] "GET /e-com/api/seller/products/list/ HTTP/1.1" 200 1975
2024-05-14 01:03:11,916 +0545 [WARNING] Not Found: /e-com/api/seller/products/edit/1/
2024-05-14 01:03:11,917 +0545 [WARNING] "GET /e-com/api/seller/products/edit/1/ HTTP/1.1" 404 48
2024-05-14 01:03:17,103 +0545 [WARNING] Not Found: /e-com/api/seller/products/edit/1/
2024-05-14 01:03:17,103 +0545 [WARNING] "PUT /e-com/api/seller/products/edit/1/ HTTP/1.1" 404 48
2024-05-14 01:03:19,372 +0545 [WARNING] Not Found: /e-com/api/seller/products/edit/3/
2024-05-14 01:03:19,373 +0545 [WARNING] "PUT /e-com/api/seller/products/edit/3/ HTTP/1.1" 404 48
2024-05-14 01:03:23,265 +0545 [INFO] "GET /e-com/api/seller/products/edit/3/ HTTP/1.1" 200 709
2024-05-14 01:04:06,470 +0545 [INFO] "GET /e-com/api/seller/products/list/ HTTP/1.1" 200 1975
2024-05-14 01:04:06,477 +0545 [INFO] "GET /e-com/api/seller/products/list/ HTTP/1.1" 200 1975
2024-05-14 01:04:12,023 +0545 [INFO] "GET /account/user/details/ HTTP/1.1" 200 290
2024-05-14 01:04:12,043 +0545 [INFO] "GET /account/user/details/ HTTP/1.1" 200 290
2024-05-14 01:04:12,589 +0545 [INFO] "GET /e-com/api/seller/products/list/ HTTP/1.1" 200 1975
2024-05-14 01:04:12,594 +0545 [INFO] "GET /e-com/api/seller/products/list/ HTTP/1.1" 200 1975
2024-05-14 01:04:40,595 +0545 [INFO] "GET /e-com/api/seller/products/list/ HTTP/1.1" 200 1975
2024-05-14 01:04:41,111 +0545 [INFO] "GET /e-com/api/seller/products/list/ HTTP/1.1" 200 1975
2024-05-14 01:04:49,655 +0545 [INFO] "GET /e-com/api/seller/products/list/ HTTP/1.1" 200 1975
2024-05-14 01:05:07,071 +0545 [INFO] "GET /e-com/api/seller/products/list/ HTTP/1.1" 200 1975
2024-05-14 01:05:07,926 +0545 [INFO] "GET /e-com/api/seller/products/list/ HTTP/1.1" 200 1975
2024-05-14 01:05:14,070 +0545 [INFO] "GET /e-com/api/seller/products/list/ HTTP/1.1" 200 1975
2024-05-14 01:05:14,675 +0545 [INFO] "GET /e-com/api/seller/products/list/ HTTP/1.1" 200 1975
2024-05-14 01:05:23,072 +0545 [INFO] "GET /e-com/api/seller/products/list/ HTTP/1.1" 200 1975
2024-05-14 01:05:26,068 +0545 [INFO] "GET /e-com/api/seller/products/list/ HTTP/1.1" 200 1975
2024-05-14 01:05:28,492 +0545 [INFO] "GET /e-com/api/seller/products/list/ HTTP/1.1" 200 1975
2024-05-14 01:05:34,079 +0545 [INFO] "GET /e-com/api/seller/products/list/ HTTP/1.1" 200 1975
2024-05-14 01:05:35,555 +0545 [INFO] "GET /e-com/api/seller/products/list/ HTTP/1.1" 200 1975
2024-05-14 01:08:10,501 +0545 [INFO] "GET /e-com/api/seller/products/list/ HTTP/1.1" 200 1975
2024-05-14 01:08:10,509 +0545 [INFO] "GET /e-com/api/seller/products/list/ HTTP/1.1" 200 1975
2024-05-14 01:08:16,956 +0545 [INFO] "POST /account/auth/login/ HTTP/1.1" 200 483
2024-05-14 01:08:17,000 +0545 [INFO] "GET /account/user/details/ HTTP/1.1" 200 290
2024-05-14 01:08:17,005 +0545 [INFO] "GET /account/user/details/ HTTP/1.1" 200 290
2024-05-14 01:08:19,660 +0545 [INFO] "GET /e-com/api/seller/products/list/ HTTP/1.1" 200 1975
2024-05-14 01:08:19,666 +0545 [INFO] "GET /e-com/api/seller/products/list/ HTTP/1.1" 200 1975
2024-05-14 01:08:22,083 +0545 [INFO] "GET /e-com/api/seller/products/list/ HTTP/1.1" 200 1975
2024-05-14 01:08:22,090 +0545 [INFO] "GET /e-com/api/seller/products/list/ HTTP/1.1" 200 1975
2024-05-14 01:08:29,960 +0545 [INFO] "GET /e-com/api/seller/products/list/ HTTP/1.1" 200 1975
2024-05-14 01:08:29,965 +0545 [INFO] "GET /e-com/api/seller/products/list/ HTTP/1.1" 200 1975
2024-05-14 01:08:29,969 +0545 [INFO] "GET /e-com/api/seller/products/list/ HTTP/1.1" 200 1975
2024-05-14 01:08:36,053 +0545 [INFO] "GET /e-com/api/seller/products/list/ HTTP/1.1" 200 1975
2024-05-14 01:08:39,057 +0545 [INFO] "GET /e-com/api/seller/products/list/ HTTP/1.1" 200 1975
2024-05-14 01:08:51,053 +0545 [INFO] "GET /e-com/api/seller/products/list/ HTTP/1.1" 200 1975
2024-05-14 01:09:00,065 +0545 [INFO] "GET /e-com/api/seller/products/list/ HTTP/1.1" 200 1975
2024-05-14 01:09:07,066 +0545 [INFO] "GET /e-com/api/seller/products/list/ HTTP/1.1" 200 1975
2024-05-14 01:09:15,556 +0545 [INFO] "GET /e-com/api/seller/products/list/ HTTP/1.1" 200 1975
2024-05-14 01:09:17,448 +0545 [INFO] "GET /e-com/api/seller/products/list/ HTTP/1.1" 200 1975
2024-05-14 01:09:17,475 +0545 [INFO] "GET /e-com/api/seller/products/list/ HTTP/1.1" 200 1975
2024-05-14 01:09:21,066 +0545 [INFO] "GET /e-com/api/seller/products/list/ HTTP/1.1" 200 1975
2024-05-14 01:10:01,083 +0545 [INFO] "GET /e-com/api/seller/products/list/ HTTP/1.1" 200 1975
2024-05-14 01:10:01,089 +0545 [INFO] "GET /e-com/api/seller/products/list/ HTTP/1.1" 200 1975
2024-05-14 01:10:01,094 +0545 [INFO] "GET /e-com/api/seller/products/list/ HTTP/1.1" 200 1975
2024-05-14 01:12:43,070 +0545 [INFO] "GET /e-com/api/seller/products/list/ HTTP/1.1" 200 1975
2024-05-14 01:12:54,214 +0545 [INFO] "GET /e-com/api/seller/products/list/ HTTP/1.1" 200 1975
2024-05-14 01:12:54,239 +0545 [INFO] "GET /e-com/api/seller/products/list/ HTTP/1.1" 200 1975
2024-05-14 01:12:54,246 +0545 [INFO] "GET /e-com/api/seller/products/list/ HTTP/1.1" 200 1975
2024-05-14 01:12:54,252 +0545 [INFO] "GET /e-com/api/seller/products/list/ HTTP/1.1" 200 1975
2024-05-14 01:13:16,408 +0545 [WARNING] Bad Request: /e-com/api/seller/products/edit/3/
2024-05-14 01:13:16,409 +0545 [WARNING] "PUT /e-com/api/seller/products/edit/3/ HTTP/1.1" 400 194
2024-05-14 01:15:34,052 +0545 [INFO] "GET /e-com/api/seller/products/list/ HTTP/1.1" 200 1975
2024-05-14 01:15:41,035 +0545 [INFO] "GET /e-com/api/seller/products/list/ HTTP/1.1" 200 1975
2024-05-14 01:15:52,047 +0545 [INFO] "GET /e-com/api/seller/products/list/ HTTP/1.1" 200 1975
2024-05-14 01:19:29,800 +0545 [INFO] "GET /e-com/api/seller/products/list/ HTTP/1.1" 200 1975
2024-05-14 01:19:29,818 +0545 [INFO] "GET /e-com/api/seller/products/list/ HTTP/1.1" 200 1975
2024-05-14 01:19:29,823 +0545 [INFO] "GET /e-com/api/seller/products/list/ HTTP/1.1" 200 1975
2024-05-14 01:19:29,827 +0545 [INFO] "GET /e-com/api/seller/products/list/ HTTP/1.1" 200 1975
2024-05-14 01:19:33,743 +0545 [INFO] "OPTIONS /e-com/api/seller/products/edit/1/ HTTP/1.1" 200 0
2024-05-14 01:19:33,755 +0545 [WARNING] Bad Request: /e-com/api/seller/products/edit/1/
2024-05-14 01:19:33,756 +0545 [WARNING] "PUT /e-com/api/seller/products/edit/1/ HTTP/1.1" 400 85
2024-05-14 01:19:34,950 +0545 [WARNING] Bad Request: /e-com/api/seller/products/edit/1/
2024-05-14 01:19:34,951 +0545 [WARNING] "PUT /e-com/api/seller/products/edit/1/ HTTP/1.1" 400 85
2024-05-14 01:19:35,134 +0545 [WARNING] Bad Request: /e-com/api/seller/products/edit/1/
2024-05-14 01:19:35,134 +0545 [WARNING] "PUT /e-com/api/seller/products/edit/1/ HTTP/1.1" 400 85
2024-05-14 01:19:37,399 +0545 [WARNING] Bad Request: /e-com/api/seller/products/edit/1/
2024-05-14 01:19:37,400 +0545 [WARNING] "PUT /e-com/api/seller/products/edit/1/ HTTP/1.1" 400 85
2024-05-14 01:19:45,757 +0545 [WARNING] Bad Request: /e-com/api/seller/products/edit/1/
2024-05-14 01:19:45,758 +0545 [WARNING] "PUT /e-com/api/seller/products/edit/1/ HTTP/1.1" 400 85
2024-05-14 01:20:40,295 +0545 [WARNING] Bad Request: /e-com/api/seller/products/edit/1/
2024-05-14 01:20:40,296 +0545 [WARNING] "PUT /e-com/api/seller/products/edit/1/ HTTP/1.1" 400 85
2024-05-14 01:27:06,707 +0545 [INFO] "GET /e-com/api/seller/products/list/ HTTP/1.1" 200 1975
2024-05-14 01:27:07,687 +0545 [INFO] "GET /e-com/api/seller/products/list/ HTTP/1.1" 200 1975
2024-05-14 01:27:18,697 +0545 [INFO] "GET /e-com/api/seller/products/list/ HTTP/1.1" 200 1975
2024-05-14 01:27:21,694 +0545 [INFO] "GET /e-com/api/seller/products/list/ HTTP/1.1" 200 1975
2024-05-14 01:27:23,686 +0545 [INFO] "GET /e-com/api/seller/products/list/ HTTP/1.1" 200 1975
2024-05-14 01:27:25,686 +0545 [INFO] "GET /e-com/api/seller/products/list/ HTTP/1.1" 200 1975
2024-05-14 01:28:07,686 +0545 [INFO] "GET /e-com/api/seller/products/list/ HTTP/1.1" 200 1975
2024-05-14 01:28:18,682 +0545 [INFO] "GET /e-com/api/seller/products/list/ HTTP/1.1" 200 1975
2024-05-14 01:28:22,080 +0545 [INFO] "GET /e-com/api/seller/products/list/ HTTP/1.1" 200 1975
2024-05-14 01:28:22,144 +0545 [INFO] "GET /e-com/api/seller/products/list/ HTTP/1.1" 200 1975
2024-05-14 01:28:22,165 +0545 [INFO] "GET /e-com/api/seller/products/list/ HTTP/1.1" 200 1975
2024-05-14 01:28:22,179 +0545 [INFO] "GET /e-com/api/seller/products/list/ HTTP/1.1" 200 1975
2024-05-14 01:28:30,488 +0545 [WARNING] Bad Request: /e-com/api/seller/products/edit/1/
2024-05-14 01:28:30,489 +0545 [WARNING] "PUT /e-com/api/seller/products/edit/1/ HTTP/1.1" 400 152
2024-05-14 01:29:45,848 +0545 [INFO] /Users/dilli/Desktop/e-com/backend/masterDummy/models.py changed, reloading.
2024-05-14 01:29:46,332 +0545 [INFO] Watching for file changes with StatReloader
2024-05-14 01:29:50,560 +0545 [INFO] /Users/dilli/Desktop/e-com/backend/masterDummy/models.py changed, reloading.
2024-05-14 01:29:50,873 +0545 [INFO] Watching for file changes with StatReloader
2024-05-14 01:30:03,370 +0545 [INFO] /Users/dilli/Desktop/e-com/backend/masterDummy/models.py changed, reloading.
2024-05-14 01:30:03,766 +0545 [INFO] Watching for file changes with StatReloader
2024-05-14 01:45:53,887 +0545 [INFO] Watching for file changes with StatReloader
2024-05-14 01:45:56,531 +0545 [INFO] "GET /e-com/api/seller/products/list/ HTTP/1.1" 200 1975
2024-05-14 01:45:56,558 +0545 [INFO] "GET /e-com/api/seller/products/list/ HTTP/1.1" 200 1975
2024-05-14 01:45:56,570 +0545 [INFO] "GET /e-com/api/seller/products/list/ HTTP/1.1" 200 1975
2024-05-14 01:45:56,587 +0545 [INFO] "GET /e-com/api/seller/products/list/ HTTP/1.1" 200 1975
2024-05-14 01:47:14,965 +0545 [WARNING] Bad Request: /e-com/api/seller/products/edit/1/
2024-05-14 01:47:14,967 +0545 [WARNING] "PUT /e-com/api/seller/products/edit/1/ HTTP/1.1" 400 152
2024-05-14 01:47:22,309 +0545 [WARNING] Bad Request: /e-com/api/seller/products/edit/1/
2024-05-14 01:47:22,309 +0545 [WARNING] "PUT /e-com/api/seller/products/edit/1/ HTTP/1.1" 400 152
2024-05-14 01:53:42,558 +0545 [INFO] "GET /e-com/api/seller/products/list/ HTTP/1.1" 200 1975
2024-05-14 01:53:55,536 +0545 [INFO] "GET /e-com/api/seller/products/list/ HTTP/1.1" 200 1975
2024-05-14 01:55:53,539 +0545 [INFO] "GET /e-com/api/seller/products/list/ HTTP/1.1" 200 1975
2024-05-14 01:57:26,471 +0545 [INFO] "GET /e-com/api/seller/products/list/ HTTP/1.1" 200 1975
2024-05-14 01:57:26,495 +0545 [INFO] "GET /e-com/api/seller/products/list/ HTTP/1.1" 200 1975
2024-05-14 01:57:26,505 +0545 [INFO] "GET /e-com/api/seller/products/list/ HTTP/1.1" 200 1975
2024-05-14 01:57:26,516 +0545 [INFO] "GET /e-com/api/seller/products/list/ HTTP/1.1" 200 1975
2024-05-14 02:04:04,303 +0545 [INFO] "GET /e-com/api/seller/products/list/ HTTP/1.1" 200 1975
2024-05-14 02:04:35,954 +0545 [INFO] "GET /e-com/api/seller/products/list/ HTTP/1.1" 200 1975
2024-05-14 02:04:35,989 +0545 [INFO] "GET /e-com/api/seller/products/list/ HTTP/1.1" 200 1975
2024-05-14 02:04:36,036 +0545 [INFO] "GET /e-com/api/seller/products/list/ HTTP/1.1" 200 1975
2024-05-14 02:04:36,094 +0545 [INFO] "GET /e-com/api/seller/products/list/ HTTP/1.1" 200 1975
2024-05-14 02:04:43,983 +0545 [WARNING] Bad Request: /e-com/api/seller/products/edit/1/
2024-05-14 02:04:43,984 +0545 [WARNING] "PUT /e-com/api/seller/products/edit/1/ HTTP/1.1" 400 102
2024-05-14 02:05:23,842 +0545 [INFO] "GET /e-com/api/seller/products/list/ HTTP/1.1" 200 1975
2024-05-14 02:05:42,298 +0545 [INFO] "GET /e-com/api/seller/products/list/ HTTP/1.1" 200 1975
2024-05-14 02:05:53,303 +0545 [INFO] "GET /e-com/api/seller/products/list/ HTTP/1.1" 200 1975
2024-05-14 02:06:00,783 +0545 [INFO] "GET /e-com/api/seller/products/list/ HTTP/1.1" 200 1975
2024-05-14 02:06:31,250 +0545 [INFO] "GET /e-com/api/seller/products/list/ HTTP/1.1" 200 1975
2024-05-14 02:06:41,292 +0545 [INFO] "GET /e-com/api/seller/products/list/ HTTP/1.1" 200 1975
2024-05-14 02:07:27,093 +0545 [INFO] "GET /e-com/api/seller/products/list/ HTTP/1.1" 200 1975
2024-05-14 02:07:39,290 +0545 [INFO] "GET /e-com/api/seller/products/list/ HTTP/1.1" 200 1975
2024-05-14 02:07:41,779 +0545 [INFO] "GET /e-com/api/seller/products/list/ HTTP/1.1" 200 1975
2024-05-14 02:08:38,293 +0545 [INFO] "GET /e-com/api/seller/products/list/ HTTP/1.1" 200 1975
2024-05-14 02:08:55,299 +0545 [INFO] "GET /e-com/api/seller/products/list/ HTTP/1.1" 200 1975
2024-05-14 02:09:24,345 +0545 [INFO] "GET /e-com/api/seller/products/list/ HTTP/1.1" 200 1975
2024-05-14 02:09:34,329 +0545 [INFO] "GET /e-com/api/seller/products/list/ HTTP/1.1" 200 1975
2024-05-14 02:09:34,367 +0545 [INFO] "GET /e-com/api/seller/products/list/ HTTP/1.1" 200 1975
2024-05-14 02:09:34,375 +0545 [INFO] "GET /e-com/api/seller/products/list/ HTTP/1.1" 200 1975
2024-05-14 02:09:34,387 +0545 [INFO] "GET /e-com/api/seller/products/list/ HTTP/1.1" 200 1975
2024-05-14 02:10:15,290 +0545 [INFO] "GET /e-com/api/seller/products/list/ HTTP/1.1" 200 1975
2024-05-14 02:10:25,279 +0545 [INFO] "GET /e-com/api/seller/products/list/ HTTP/1.1" 200 1975
2024-05-14 02:10:30,885 +0545 [INFO] "GET /e-com/api/seller/products/list/ HTTP/1.1" 200 1975
2024-05-14 02:10:30,922 +0545 [INFO] "GET /e-com/api/seller/products/list/ HTTP/1.1" 200 1975
2024-05-14 02:10:30,942 +0545 [INFO] "GET /e-com/api/seller/products/list/ HTTP/1.1" 200 1975
2024-05-14 02:10:30,956 +0545 [INFO] "GET /e-com/api/seller/products/list/ HTTP/1.1" 200 1975
2024-05-14 02:10:44,331 +0545 [WARNING] Bad Request: /e-com/api/seller/products/edit/1/
2024-05-14 02:10:44,332 +0545 [WARNING] "PUT /e-com/api/seller/products/edit/1/ HTTP/1.1" 400 102
2024-05-14 02:11:03,283 +0545 [INFO] "GET /e-com/api/seller/products/list/ HTTP/1.1" 200 1975
2024-05-14 02:11:18,278 +0545 [INFO] "GET /e-com/api/seller/products/list/ HTTP/1.1" 200 1975
2024-05-14 02:11:32,883 +0545 [INFO] "GET /e-com/api/seller/products/list/ HTTP/1.1" 200 1975
2024-05-14 02:11:39,703 +0545 [INFO] "GET /e-com/api/seller/products/list/ HTTP/1.1" 200 1975
2024-05-14 02:11:39,731 +0545 [INFO] "GET /e-com/api/seller/products/list/ HTTP/1.1" 200 1975
2024-05-14 02:11:39,749 +0545 [INFO] "GET /e-com/api/seller/products/list/ HTTP/1.1" 200 1975
2024-05-14 02:11:39,762 +0545 [INFO] "GET /e-com/api/seller/products/list/ HTTP/1.1" 200 1975
2024-05-14 02:11:42,268 +0545 [WARNING] Bad Request: /e-com/api/seller/products/edit/1/
2024-05-14 02:11:42,269 +0545 [WARNING] "PUT /e-com/api/seller/products/edit/1/ HTTP/1.1" 400 102
2024-05-14 02:13:08,287 +0545 [INFO] "GET /e-com/api/seller/products/list/ HTTP/1.1" 200 1975
2024-05-14 02:13:29,276 +0545 [INFO] "GET /e-com/api/seller/products/list/ HTTP/1.1" 200 1975
2024-05-14 02:13:31,825 +0545 [INFO] "GET /e-com/api/seller/products/list/ HTTP/1.1" 200 1975
2024-05-14 02:13:32,219 +0545 [WARNING] Bad Request: /e-com/api/seller/products/edit/1/
2024-05-14 02:13:32,220 +0545 [WARNING] "PUT /e-com/api/seller/products/edit/1/ HTTP/1.1" 400 65
2024-05-14 02:13:33,061 +0545 [WARNING] Bad Request: /e-com/api/seller/products/edit/1/
2024-05-14 02:13:33,062 +0545 [WARNING] "PUT /e-com/api/seller/products/edit/1/ HTTP/1.1" 400 65
2024-05-14 02:13:51,289 +0545 [INFO] "GET /e-com/api/seller/products/list/ HTTP/1.1" 200 1975
2024-05-14 02:15:06,876 +0545 [WARNING] Bad Request: /e-com/api/seller/products/edit/1/
2024-05-14 02:15:06,877 +0545 [WARNING] "PUT /e-com/api/seller/products/edit/1/ HTTP/1.1" 400 65
2024-05-14 02:15:08,066 +0545 [WARNING] Bad Request: /e-com/api/seller/products/edit/1/
2024-05-14 02:15:08,067 +0545 [WARNING] "PUT /e-com/api/seller/products/edit/1/ HTTP/1.1" 400 65
2024-05-14 02:15:08,281 +0545 [WARNING] Bad Request: /e-com/api/seller/products/edit/1/
2024-05-14 02:15:08,282 +0545 [WARNING] "PUT /e-com/api/seller/products/edit/1/ HTTP/1.1" 400 65
2024-05-14 02:19:54,227 +0545 [INFO] "GET /e-com/api/seller/products/list/ HTTP/1.1" 200 1975
2024-05-14 02:19:54,233 +0545 [INFO] "GET /e-com/api/seller/products/list/ HTTP/1.1" 200 1975
2024-05-14 02:20:01,420 +0545 [WARNING] Bad Request: /e-com/api/seller/products/edit/1/
2024-05-14 02:20:01,423 +0545 [WARNING] "PUT /e-com/api/seller/products/edit/1/ HTTP/1.1" 400 65
2024-05-14 02:20:10,212 +0545 [INFO] "GET /e-com/api/seller/products/list/ HTTP/1.1" 200 1975
2024-05-14 02:20:26,299 +0545 [INFO] "GET /e-com/api/seller/products/list/ HTTP/1.1" 200 1975
2024-05-14 02:20:26,303 +0545 [INFO] "GET /e-com/api/seller/products/list/ HTTP/1.1" 200 1975
2024-05-14 02:20:26,308 +0545 [INFO] "GET /e-com/api/seller/products/list/ HTTP/1.1" 200 1975
2024-05-14 02:20:26,313 +0545 [INFO] "GET /e-com/api/seller/products/list/ HTTP/1.1" 200 1975
2024-05-14 02:28:15,687 +0545 [INFO] "GET /e-com/api/seller/products/list/ HTTP/1.1" 200 1975
2024-05-14 02:28:15,695 +0545 [INFO] "GET /e-com/api/seller/products/list/ HTTP/1.1" 200 1975
2024-05-14 02:28:15,702 +0545 [INFO] "GET /e-com/api/seller/products/list/ HTTP/1.1" 200 1975
2024-05-14 02:28:15,716 +0545 [INFO] "GET /e-com/api/seller/products/list/ HTTP/1.1" 200 1975
2024-05-14 02:28:21,603 +0545 [INFO] "GET /e-com/api/seller/products/list/ HTTP/1.1" 200 1975
2024-05-14 02:28:21,613 +0545 [INFO] "GET /e-com/api/seller/products/list/ HTTP/1.1" 200 1975
2024-05-14 02:28:21,618 +0545 [INFO] "GET /e-com/api/seller/products/list/ HTTP/1.1" 200 1975
2024-05-14 02:28:21,628 +0545 [INFO] "GET /e-com/api/seller/products/list/ HTTP/1.1" 200 1975
2024-05-14 02:28:22,586 +0545 [INFO] "GET /e-com/api/seller/products/list/ HTTP/1.1" 200 1975
2024-05-14 02:28:29,600 +0545 [INFO] "GET /e-com/api/seller/products/list/ HTTP/1.1" 200 1975
2024-05-14 02:28:32,668 +0545 [WARNING] Bad Request: /e-com/api/seller/products/edit/1/
2024-05-14 02:28:32,668 +0545 [WARNING] "PUT /e-com/api/seller/products/edit/1/ HTTP/1.1" 400 65
2024-05-14 02:28:38,595 +0545 [INFO] "GET /e-com/api/seller/products/list/ HTTP/1.1" 200 1975
2024-05-14 02:30:46,641 +0545 [INFO] "GET /e-com/api/seller/products/list/ HTTP/1.1" 200 1975
2024-05-14 02:30:46,646 +0545 [INFO] "GET /e-com/api/seller/products/list/ HTTP/1.1" 200 1975
2024-05-14 02:30:46,651 +0545 [INFO] "GET /e-com/api/seller/products/list/ HTTP/1.1" 200 1975
2024-05-14 02:30:46,659 +0545 [INFO] "GET /e-com/api/seller/products/list/ HTTP/1.1" 200 1975
2024-05-14 02:30:56,145 +0545 [INFO] "GET /e-com/api/seller/products/list/ HTTP/1.1" 200 1975
2024-05-14 02:30:58,669 +0545 [WARNING] Bad Request: /e-com/api/seller/products/edit/1/
2024-05-14 02:30:58,669 +0545 [WARNING] "PUT /e-com/api/seller/products/edit/1/ HTTP/1.1" 400 65
2024-05-14 02:31:05,161 +0545 [INFO] "GET /e-com/api/seller/products/list/ HTTP/1.1" 200 1975
2024-05-14 02:31:07,824 +0545 [INFO] "GET /e-com/api/seller/products/list/ HTTP/1.1" 200 1975
2024-05-14 02:31:07,856 +0545 [INFO] "GET /e-com/api/seller/products/list/ HTTP/1.1" 200 1975
2024-05-14 02:31:07,861 +0545 [INFO] "GET /e-com/api/seller/products/list/ HTTP/1.1" 200 1975
2024-05-14 02:31:07,866 +0545 [INFO] "GET /e-com/api/seller/products/list/ HTTP/1.1" 200 1975
2024-05-14 02:31:10,318 +0545 [WARNING] Bad Request: /e-com/api/seller/products/edit/1/
2024-05-14 02:31:10,319 +0545 [WARNING] "PUT /e-com/api/seller/products/edit/1/ HTTP/1.1" 400 65
2024-05-14 02:31:15,589 +0545 [INFO] "GET /e-com/api/seller/products/list/ HTTP/1.1" 200 1975
2024-05-14 02:31:19,589 +0545 [INFO] "GET /e-com/api/seller/products/list/ HTTP/1.1" 200 1975
2024-05-14 02:31:25,596 +0545 [INFO] "GET /e-com/api/seller/products/list/ HTTP/1.1" 200 1975
2024-05-14 02:31:37,522 +0545 [INFO] "GET /e-com/api/seller/products/list/ HTTP/1.1" 200 1975
2024-05-14 02:31:50,132 +0545 [INFO] "GET /e-com/api/seller/products/list/ HTTP/1.1" 200 1975
2024-05-14 02:31:50,158 +0545 [INFO] "GET /e-com/api/seller/products/list/ HTTP/1.1" 200 1975
2024-05-14 02:31:50,165 +0545 [INFO] "GET /e-com/api/seller/products/list/ HTTP/1.1" 200 1975
2024-05-14 02:31:50,173 +0545 [INFO] "GET /e-com/api/seller/products/list/ HTTP/1.1" 200 1975
2024-05-14 02:31:52,998 +0545 [WARNING] Bad Request: /e-com/api/seller/products/edit/1/
2024-05-14 02:31:52,999 +0545 [WARNING] "PUT /e-com/api/seller/products/edit/1/ HTTP/1.1" 400 65
2024-05-14 02:32:03,576 +0545 [INFO] "GET /e-com/api/seller/products/list/ HTTP/1.1" 200 1975
2024-05-14 02:32:05,573 +0545 [INFO] "GET /e-com/api/seller/products/list/ HTTP/1.1" 200 1975
2024-05-14 02:32:06,581 +0545 [INFO] "GET /e-com/api/seller/products/list/ HTTP/1.1" 200 1975
2024-05-14 02:32:08,015 +0545 [INFO] "GET /e-com/api/seller/products/list/ HTTP/1.1" 200 1975
2024-05-14 02:32:12,667 +0545 [WARNING] Bad Request: /e-com/api/seller/products/edit/1/
2024-05-14 02:32:12,668 +0545 [WARNING] "PUT /e-com/api/seller/products/edit/1/ HTTP/1.1" 400 65
2024-05-14 02:32:14,813 +0545 [INFO] "GET /e-com/api/seller/products/list/ HTTP/1.1" 200 1975
2024-05-14 02:32:14,842 +0545 [INFO] "GET /e-com/api/seller/products/list/ HTTP/1.1" 200 1975
2024-05-14 02:32:14,849 +0545 [INFO] "GET /e-com/api/seller/products/list/ HTTP/1.1" 200 1975
2024-05-14 02:32:14,856 +0545 [INFO] "GET /e-com/api/seller/products/list/ HTTP/1.1" 200 1975
2024-05-14 02:32:16,347 +0545 [WARNING] Bad Request: /e-com/api/seller/products/edit/1/
2024-05-14 02:32:16,348 +0545 [WARNING] "PUT /e-com/api/seller/products/edit/1/ HTTP/1.1" 400 65
2024-05-14 02:32:19,045 +0545 [INFO] "GET /e-com/api/seller/products/list/ HTTP/1.1" 200 1975
2024-05-14 02:32:19,067 +0545 [INFO] "GET /e-com/api/seller/products/list/ HTTP/1.1" 200 1975
2024-05-14 02:32:19,074 +0545 [INFO] "GET /e-com/api/seller/products/list/ HTTP/1.1" 200 1975
2024-05-14 02:32:19,082 +0545 [INFO] "GET /e-com/api/seller/products/list/ HTTP/1.1" 200 1975
2024-05-14 02:32:21,566 +0545 [WARNING] Bad Request: /e-com/api/seller/products/edit/1/
2024-05-14 02:32:21,567 +0545 [WARNING] "PUT /e-com/api/seller/products/edit/1/ HTTP/1.1" 400 65
2024-05-14 02:32:30,979 +0545 [WARNING] Bad Request: /e-com/api/seller/products/edit/1/
2024-05-14 02:32:30,980 +0545 [WARNING] "PUT /e-com/api/seller/products/edit/1/ HTTP/1.1" 400 65
2024-05-14 02:32:37,358 +0545 [WARNING] Bad Request: /e-com/api/seller/products/edit/1/
2024-05-14 02:32:37,359 +0545 [WARNING] "PUT /e-com/api/seller/products/edit/1/ HTTP/1.1" 400 65
2024-05-14 02:40:57,192 +0545 [INFO] "GET /e-com/api/seller/products/list/ HTTP/1.1" 200 1975
2024-05-14 02:40:57,220 +0545 [INFO] "GET /e-com/api/seller/products/list/ HTTP/1.1" 200 1975
2024-05-14 02:40:57,231 +0545 [INFO] "GET /e-com/api/seller/products/list/ HTTP/1.1" 200 1975
2024-05-14 02:40:57,244 +0545 [INFO] "GET /e-com/api/seller/products/list/ HTTP/1.1" 200 1975
2024-05-14 02:41:11,651 +0545 [INFO] "GET /e-com/api/seller/products/list/ HTTP/1.1" 200 1975
2024-05-14 02:41:11,714 +0545 [INFO] "GET /e-com/api/seller/products/list/ HTTP/1.1" 200 1975
2024-05-14 02:41:11,734 +0545 [INFO] "GET /e-com/api/seller/products/list/ HTTP/1.1" 200 1975
2024-05-14 02:41:11,761 +0545 [INFO] "GET /e-com/api/seller/products/list/ HTTP/1.1" 200 1975
2024-05-14 02:55:18,367 +0545 [WARNING] Bad Request: /e-com/api/seller/products/edit/1/
2024-05-14 02:55:18,368 +0545 [WARNING] "PUT /e-com/api/seller/products/edit/1/ HTTP/1.1" 400 65
2024-05-14 02:59:16,003 +0545 [INFO] "OPTIONS /e-com/api/seller/products/list/ HTTP/1.1" 200 0
2024-05-14 02:59:16,012 +0545 [INFO] "GET /e-com/api/seller/products/list/ HTTP/1.1" 200 1975
2024-05-14 02:59:19,901 +0545 [WARNING] Bad Request: /e-com/api/seller/products/edit/1/
2024-05-14 02:59:19,902 +0545 [WARNING] "PUT /e-com/api/seller/products/edit/1/ HTTP/1.1" 400 65
2024-05-14 04:13:18,885 +0545 [INFO] "GET /e-com/api/seller/products/list/ HTTP/1.1" 200 1975
2024-05-14 04:13:20,145 +0545 [WARNING] Bad Request: /e-com/api/seller/products/edit/1/
2024-05-14 04:13:20,146 +0545 [WARNING] "PUT /e-com/api/seller/products/edit/1/ HTTP/1.1" 400 65
2024-05-14 04:13:22,419 +0545 [INFO] "GET /e-com/api/seller/products/list/ HTTP/1.1" 200 1975
2024-05-14 04:13:22,468 +0545 [INFO] "GET /e-com/api/seller/products/list/ HTTP/1.1" 200 1975
2024-05-14 04:13:22,481 +0545 [INFO] "GET /e-com/api/seller/products/list/ HTTP/1.1" 200 1975
2024-05-14 04:13:22,491 +0545 [INFO] "GET /media/seller/product_images/cg.png HTTP/1.1" 304 0
2024-05-14 04:13:22,497 +0545 [INFO] "GET /e-com/api/seller/products/list/ HTTP/1.1" 200 1975
2024-05-14 04:13:22,502 +0545 [INFO] "GET /media/seller/product_images/dell_monitor_AngHyoj.jpeg HTTP/1.1" 304 0
2024-05-14 04:13:22,504 +0545 [INFO] "GET /media/seller/product_images/n6_KBnMTeA.jpg HTTP/1.1" 304 0
2024-05-14 04:13:27,398 +0545 [WARNING] Bad Request: /e-com/api/seller/products/edit/1/
2024-05-14 04:13:27,399 +0545 [WARNING] "PUT /e-com/api/seller/products/edit/1/ HTTP/1.1" 400 65
2024-05-14 04:17:51,508 +0545 [WARNING] Bad Request: /e-com/api/seller/products/edit/1/
2024-05-14 04:17:51,509 +0545 [WARNING] "PUT /e-com/api/seller/products/edit/1/ HTTP/1.1" 400 65
2024-05-14 04:18:57,888 +0545 [INFO] "GET /e-com/api/seller/products/list/ HTTP/1.1" 200 1975
2024-05-14 04:18:59,933 +0545 [WARNING] Bad Request: /e-com/api/seller/products/edit/1/
2024-05-14 04:18:59,934 +0545 [WARNING] "PUT /e-com/api/seller/products/edit/1/ HTTP/1.1" 400 65
2024-05-14 04:20:11,880 +0545 [INFO] "GET /e-com/api/seller/products/list/ HTTP/1.1" 200 1975
2024-05-14 04:20:15,085 +0545 [WARNING] Bad Request: /e-com/api/seller/products/edit/1/
2024-05-14 04:20:15,085 +0545 [WARNING] "PUT /e-com/api/seller/products/edit/1/ HTTP/1.1" 400 65
2024-05-14 04:20:16,940 +0545 [INFO] "GET /e-com/api/seller/products/list/ HTTP/1.1" 200 1975
2024-05-14 04:20:16,981 +0545 [INFO] "GET /e-com/api/seller/products/list/ HTTP/1.1" 200 1975
2024-05-14 04:20:16,993 +0545 [INFO] "GET /e-com/api/seller/products/list/ HTTP/1.1" 200 1975
2024-05-14 04:20:17,007 +0545 [INFO] "GET /e-com/api/seller/products/list/ HTTP/1.1" 200 1975
2024-05-14 04:20:19,094 +0545 [WARNING] Bad Request: /e-com/api/seller/products/edit/1/
2024-05-14 04:20:19,095 +0545 [WARNING] "PUT /e-com/api/seller/products/edit/1/ HTTP/1.1" 400 65
2024-05-14 04:20:37,877 +0545 [INFO] "GET /e-com/api/seller/products/list/ HTTP/1.1" 200 1975
2024-05-14 04:20:48,377 +0545 [INFO] "GET /e-com/api/seller/products/list/ HTTP/1.1" 200 1975
2024-05-14 04:20:48,546 +0545 [WARNING] Bad Request: /e-com/api/seller/products/edit/1/
2024-05-14 04:20:48,547 +0545 [WARNING] "PUT /e-com/api/seller/products/edit/1/ HTTP/1.1" 400 65
2024-05-14 04:20:49,554 +0545 [WARNING] Bad Request: /e-com/api/seller/products/edit/1/
2024-05-14 04:20:49,554 +0545 [WARNING] "PUT /e-com/api/seller/products/edit/1/ HTTP/1.1" 400 65
2024-05-14 04:22:26,897 +0545 [INFO] "GET /e-com/api/seller/products/list/ HTTP/1.1" 200 1975
2024-05-14 04:22:30,404 +0545 [INFO] "PUT /e-com/api/seller/products/edit/1/ HTTP/1.1" 200 670
2024-05-14 04:22:53,950 +0545 [INFO] "PUT /e-com/api/seller/products/edit/1/ HTTP/1.1" 200 677
2024-05-14 04:22:55,007 +0545 [INFO] "PUT /e-com/api/seller/products/edit/1/ HTTP/1.1" 200 677
2024-05-14 04:22:55,198 +0545 [INFO] "PUT /e-com/api/seller/products/edit/1/ HTTP/1.1" 200 677
2024-05-14 04:22:55,379 +0545 [INFO] "PUT /e-com/api/seller/products/edit/1/ HTTP/1.1" 200 677
2024-05-14 04:23:04,204 +0545 [INFO] "GET /e-com/api/seller/products/list/ HTTP/1.1" 200 2090
2024-05-14 04:23:04,236 +0545 [INFO] "GET /e-com/api/seller/products/list/ HTTP/1.1" 200 2090
2024-05-14 04:23:04,246 +0545 [INFO] "GET /e-com/api/seller/products/list/ HTTP/1.1" 200 2090
2024-05-14 04:23:04,259 +0545 [INFO] "GET /e-com/api/seller/products/list/ HTTP/1.1" 200 2090
2024-05-14 04:23:15,168 +0545 [INFO] "PUT /e-com/api/seller/products/edit/1/ HTTP/1.1" 200 677
2024-05-14 04:23:18,333 +0545 [INFO] "GET /e-com/api/seller/products/list/ HTTP/1.1" 200 2090
2024-05-14 04:23:18,361 +0545 [INFO] "GET /e-com/api/seller/products/list/ HTTP/1.1" 200 2090
2024-05-14 04:23:18,370 +0545 [INFO] "GET /e-com/api/seller/products/list/ HTTP/1.1" 200 2090
2024-05-14 04:23:18,378 +0545 [INFO] "GET /e-com/api/seller/products/list/ HTTP/1.1" 200 2090
2024-05-14 04:23:27,868 +0545 [INFO] "GET /e-com/api/seller/products/list/ HTTP/1.1" 200 2090
2024-05-14 04:25:48,870 +0545 [INFO] "GET /e-com/api/seller/products/list/ HTTP/1.1" 200 2090
2024-05-14 04:26:06,349 +0545 [INFO] "GET /e-com/api/seller/products/list/ HTTP/1.1" 200 2090
2024-05-14 04:26:08,264 +0545 [INFO] "GET /e-com/api/seller/products/list/ HTTP/1.1" 200 2090
2024-05-14 04:26:08,302 +0545 [INFO] "GET /e-com/api/seller/products/list/ HTTP/1.1" 200 2090
2024-05-14 04:26:08,313 +0545 [INFO] "GET /e-com/api/seller/products/list/ HTTP/1.1" 200 2090
2024-05-14 04:26:08,323 +0545 [INFO] "GET /e-com/api/seller/products/list/ HTTP/1.1" 200 2090
2024-05-14 04:26:25,289 +0545 [INFO] "GET /e-com/api/seller/products/list/ HTTP/1.1" 200 2090
2024-05-14 04:26:25,317 +0545 [INFO] "GET /e-com/api/seller/products/list/ HTTP/1.1" 200 2090
2024-05-14 04:26:25,323 +0545 [INFO] "GET /e-com/api/seller/products/list/ HTTP/1.1" 200 2090
2024-05-14 04:26:25,330 +0545 [INFO] "GET /e-com/api/seller/products/list/ HTTP/1.1" 200 2090
2024-05-14 04:27:37,211 +0545 [INFO] "GET /e-com/api/seller/products/list/ HTTP/1.1" 200 2090
2024-05-14 04:27:38,330 +0545 [INFO] "GET /e-com/api/seller/products/list/ HTTP/1.1" 200 2090
2024-05-14 04:27:42,712 +0545 [INFO] "GET /e-com/api/seller/products/list/ HTTP/1.1" 200 2090
2024-05-14 04:27:42,740 +0545 [INFO] "GET /e-com/api/seller/products/list/ HTTP/1.1" 200 2090
2024-05-14 04:27:42,751 +0545 [INFO] "GET /e-com/api/seller/products/list/ HTTP/1.1" 200 2090
2024-05-14 04:27:42,765 +0545 [INFO] "GET /e-com/api/seller/products/list/ HTTP/1.1" 200 2090
2024-05-14 04:27:57,869 +0545 [INFO] "GET /e-com/api/seller/products/list/ HTTP/1.1" 200 2090
2024-05-14 04:28:49,262 +0545 [INFO] "PUT /e-com/api/seller/products/edit/1/ HTTP/1.1" 200 677
2024-05-14 04:29:49,240 +0545 [INFO] "OPTIONS /account/auth/login/ HTTP/1.1" 200 0
2024-05-14 04:29:49,521 +0545 [WARNING] Unauthorized: /account/auth/login/
2024-05-14 04:29:49,522 +0545 [WARNING] "POST /account/auth/login/ HTTP/1.1" 401 63
2024-05-14 04:29:52,674 +0545 [WARNING] Unauthorized: /account/auth/login/
2024-05-14 04:29:52,675 +0545 [WARNING] "POST /account/auth/login/ HTTP/1.1" 401 63
2024-05-14 04:29:53,619 +0545 [WARNING] Unauthorized: /account/auth/login/
2024-05-14 04:29:53,619 +0545 [WARNING] "POST /account/auth/login/ HTTP/1.1" 401 63
2024-05-14 04:30:05,586 +0545 [WARNING] Unauthorized: /account/auth/login/
2024-05-14 04:30:05,587 +0545 [WARNING] "POST /account/auth/login/ HTTP/1.1" 401 63
2024-05-14 04:30:10,360 +0545 [INFO] "POST /account/auth/login/ HTTP/1.1" 200 483
2024-05-14 04:30:10,402 +0545 [INFO] "OPTIONS /account/user/details/ HTTP/1.1" 200 0
2024-05-14 04:30:10,402 +0545 [INFO] "OPTIONS /account/user/details/ HTTP/1.1" 200 0
2024-05-14 04:30:10,410 +0545 [INFO] "GET /account/user/details/ HTTP/1.1" 200 290
2024-05-14 04:30:10,414 +0545 [INFO] "GET /account/user/details/ HTTP/1.1" 200 290
2024-05-14 04:30:39,774 +0545 [INFO] "GET /account/user/details/ HTTP/1.1" 200 290
2024-05-14 04:30:39,782 +0545 [INFO] "GET /account/user/details/ HTTP/1.1" 200 290
2024-05-14 04:30:39,790 +0545 [INFO] "OPTIONS /account/seller-profile/1/ HTTP/1.1" 200 0
2024-05-14 04:30:39,795 +0545 [INFO] "GET /account/seller-profile/1/ HTTP/1.1" 200 184
2024-05-14 04:30:39,803 +0545 [INFO] "GET /media/seller/profile_images/e-commerce_RDMS_Diagram.png HTTP/1.1" 304 0
2024-05-14 04:30:50,056 +0545 [INFO] "GET /e-com/api/categories/list/ HTTP/1.1" 200 350
2024-05-14 04:30:50,057 +0545 [INFO] "GET /account/user/details/ HTTP/1.1" 200 290
2024-05-14 04:30:50,063 +0545 [INFO] "GET /e-com/api/categories/list/ HTTP/1.1" 200 350
2024-05-14 04:30:50,068 +0545 [INFO] "GET /account/user/details/ HTTP/1.1" 200 290
2024-05-14 04:30:57,009 +0545 [INFO] "GET /account/user/details/ HTTP/1.1" 200 290
2024-05-14 04:30:57,017 +0545 [INFO] "GET /account/user/details/ HTTP/1.1" 200 290
