2024-06-25 03:06:51,425 +0545 [INFO] Watching for file changes with StatReloader
2024-06-25 03:06:56,482 +0545 [INFO] "GET /e-com/api/products/public/list/ HTTP/1.1" 200 4903
2024-06-25 03:06:56,491 +0545 [INFO] "GET /e-com/api/products/public/list/ HTTP/1.1" 200 4903
2024-06-25 03:08:41,270 +0545 [INFO] "GET /e-com/api/products/public/list/ HTTP/1.1" 200 4903
2024-06-25 03:08:41,285 +0545 [INFO] "GET /e-com/api/products/public/list/ HTTP/1.1" 200 4903
2024-06-25 03:08:41,319 +0545 [INFO] "GET /media/seller/product_images/Untitled-design-2022-10-11T094010.795.jpg HTTP/1.1" 200 67256
2024-06-25 03:08:41,322 +0545 [INFO] "GET /media/seller/product_images/IMG_0415.webp HTTP/1.1" 200 512346
2024-06-25 03:08:50,756 +0545 [INFO] "OPTIONS /account/auth/login/ HTTP/1.1" 200 0
2024-06-25 03:08:51,136 +0545 [INFO] "POST /account/auth/login/ HTTP/1.1" 200 483
2024-06-25 03:08:51,191 +0545 [INFO] "OPTIONS /account/user/profile/ HTTP/1.1" 200 0
2024-06-25 03:08:51,192 +0545 [INFO] "OPTIONS /account/user/profile/ HTTP/1.1" 200 0
2024-06-25 03:08:51,197 +0545 [INFO] "OPTIONS /account/user/details/ HTTP/1.1" 200 0
2024-06-25 03:08:51,204 +0545 [INFO] "GET /e-com/api/products/public/list/ HTTP/1.1" 200 4903
2024-06-25 03:08:51,206 +0545 [INFO] "OPTIONS /account/user/profile/ HTTP/1.1" 200 0
2024-06-25 03:08:51,211 +0545 [INFO] "OPTIONS /account/user/profile/ HTTP/1.1" 200 0
2024-06-25 03:08:51,216 +0545 [INFO] "OPTIONS /account/user/details/ HTTP/1.1" 200 0
2024-06-25 03:08:51,219 +0545 [INFO] "GET /e-com/api/products/public/list/ HTTP/1.1" 200 4903
2024-06-25 03:08:51,226 +0545 [INFO] "GET /account/user/details/ HTTP/1.1" 200 290
2024-06-25 03:08:51,231 +0545 [INFO] "GET /account/user/profile/ HTTP/1.1" 200 510
2024-06-25 03:08:51,247 +0545 [INFO] "GET /account/user/details/ HTTP/1.1" 200 290
2024-06-25 03:08:51,250 +0545 [INFO] "GET /account/user/profile/ HTTP/1.1" 200 510
2024-06-25 03:08:51,262 +0545 [INFO] "GET /account/user/profile/ HTTP/1.1" 200 510
2024-06-25 03:08:51,270 +0545 [INFO] "GET /account/user/profile/ HTTP/1.1" 200 510
2024-06-25 03:08:51,285 +0545 [INFO] "GET /media/seller/profile_images/images_2.jpeg HTTP/1.1" 200 4653
2024-06-25 03:08:54,621 +0545 [INFO] "GET /account/user/details/ HTTP/1.1" 200 290
2024-06-25 03:08:54,621 +0545 [INFO] "GET /account/user/profile/ HTTP/1.1" 200 510
2024-06-25 03:08:54,651 +0545 [INFO] "GET /account/user/details/ HTTP/1.1" 200 290
2024-06-25 03:08:54,652 +0545 [INFO] "GET /account/user/profile/ HTTP/1.1" 200 510
2024-06-25 03:08:54,730 +0545 [INFO] "OPTIONS /account/seller-profile/1/ HTTP/1.1" 200 0
2024-06-25 03:08:54,737 +0545 [INFO] "GET /account/seller-profile/1/ HTTP/1.1" 200 198
2024-06-25 03:08:54,746 +0545 [INFO] "GET /media/seller/profile_images/images_2.jpeg HTTP/1.1" 200 4653
2024-06-25 03:09:01,240 +0545 [INFO] "GET /e-com/api/products/public/list/ HTTP/1.1" 200 4903
2024-06-25 03:09:01,255 +0545 [INFO] "GET /account/user/details/ HTTP/1.1" 200 290
2024-06-25 03:09:01,260 +0545 [INFO] "GET /account/user/profile/ HTTP/1.1" 200 510
2024-06-25 03:09:01,261 +0545 [INFO] "GET /e-com/api/products/public/list/ HTTP/1.1" 200 4903
2024-06-25 03:09:01,273 +0545 [INFO] "GET /account/user/details/ HTTP/1.1" 200 290
2024-06-25 03:09:01,279 +0545 [INFO] "GET /account/user/profile/ HTTP/1.1" 200 510
2024-06-25 03:09:01,287 +0545 [INFO] "GET /account/user/profile/ HTTP/1.1" 200 510
2024-06-25 03:09:01,296 +0545 [INFO] "GET /account/user/profile/ HTTP/1.1" 200 510
2024-06-25 03:09:02,996 +0545 [INFO] "GET /e-com/api/reviews/ HTTP/1.1" 200 2
2024-06-25 03:09:02,998 +0545 [INFO] "GET /e-com/api/products/public/list/ HTTP/1.1" 200 4903
2024-06-25 03:09:03,007 +0545 [INFO] "GET /e-com/api/reviews/ HTTP/1.1" 200 2
2024-06-25 03:09:03,012 +0545 [INFO] "GET /e-com/api/products/public/list/ HTTP/1.1" 200 4903
2024-06-25 03:09:03,014 +0545 [INFO] "GET /account/user/profile/ HTTP/1.1" 200 510
2024-06-25 03:09:03,023 +0545 [INFO] "GET /account/user/profile/ HTTP/1.1" 200 510
2024-06-25 03:09:03,030 +0545 [INFO] "GET /account/user/profile/ HTTP/1.1" 200 510
2024-06-25 03:09:03,037 +0545 [INFO] "GET /account/user/profile/ HTTP/1.1" 200 510
2024-06-25 03:09:04,196 +0545 [INFO] "GET /account/user/profile/ HTTP/1.1" 200 510
2024-06-25 03:09:04,205 +0545 [INFO] "GET /account/user/profile/ HTTP/1.1" 200 510
2024-06-25 03:09:09,080 +0545 [INFO] "GET /account/user/profile/ HTTP/1.1" 200 510
2024-06-25 03:09:09,087 +0545 [INFO] "GET /account/user/profile/ HTTP/1.1" 200 510
2024-06-25 03:16:22,939 +0545 [INFO] "GET /e-com/api/products/public/list/ HTTP/1.1" 200 4903
2024-06-25 03:16:22,952 +0545 [INFO] "GET /account/user/details/ HTTP/1.1" 200 290
2024-06-25 03:16:22,958 +0545 [INFO] "GET /e-com/api/products/public/list/ HTTP/1.1" 200 4903
2024-06-25 03:16:22,959 +0545 [INFO] "GET /account/user/profile/ HTTP/1.1" 200 510
2024-06-25 03:16:22,966 +0545 [INFO] "GET /account/user/details/ HTTP/1.1" 200 290
2024-06-25 03:16:22,974 +0545 [INFO] "GET /account/user/profile/ HTTP/1.1" 200 510
2024-06-25 03:16:22,984 +0545 [INFO] "GET /account/user/profile/ HTTP/1.1" 200 510
2024-06-25 03:16:22,991 +0545 [INFO] "GET /account/user/profile/ HTTP/1.1" 200 510
2024-06-25 03:33:50,560 +0545 [INFO] "OPTIONS /account/user/profile/ HTTP/1.1" 200 0
2024-06-25 03:33:50,562 +0545 [INFO] "OPTIONS /account/user/profile/ HTTP/1.1" 200 0
2024-06-25 03:33:50,581 +0545 [INFO] "GET /account/user/profile/ HTTP/1.1" 200 510
2024-06-25 03:33:50,594 +0545 [INFO] "GET /account/user/profile/ HTTP/1.1" 200 510
2024-06-25 03:33:50,620 +0545 [INFO] "GET /e-com/api/products/public/list/ HTTP/1.1" 200 4903
2024-06-25 03:33:50,652 +0545 [INFO] "OPTIONS /account/user/details/ HTTP/1.1" 200 0
2024-06-25 03:33:50,655 +0545 [INFO] "OPTIONS /account/user/details/ HTTP/1.1" 200 0
2024-06-25 03:33:50,662 +0545 [INFO] "GET /e-com/api/products/public/list/ HTTP/1.1" 200 4903
2024-06-25 03:33:50,677 +0545 [INFO] "GET /account/user/profile/ HTTP/1.1" 200 510
2024-06-25 03:33:50,677 +0545 [INFO] "GET /account/user/details/ HTTP/1.1" 200 290
2024-06-25 03:33:50,680 +0545 [INFO] "GET /e-com/api/products/public/list/ HTTP/1.1" 200 4903
2024-06-25 03:33:50,692 +0545 [INFO] "GET /e-com/api/products/public/list/ HTTP/1.1" 200 4903
2024-06-25 03:33:50,698 +0545 [INFO] "GET /account/user/profile/ HTTP/1.1" 200 510
2024-06-25 03:33:50,699 +0545 [INFO] "GET /account/user/details/ HTTP/1.1" 200 290
2024-06-25 03:33:50,705 +0545 [INFO] "GET /media/seller/product_images/Untitled-design-2022-10-11T094010.795.jpg HTTP/1.1" 200 67256
2024-06-25 03:33:50,712 +0545 [INFO] "GET /account/user/profile/ HTTP/1.1" 200 510
2024-06-25 03:33:50,721 +0545 [INFO] "GET /media/seller/product_images/IMG_0415.webp HTTP/1.1" 200 512346
2024-06-25 03:33:50,724 +0545 [INFO] "GET /account/user/profile/ HTTP/1.1" 200 510
2024-06-25 03:33:50,737 +0545 [INFO] "GET /media/seller/profile_images/images_2.jpeg HTTP/1.1" 200 4653
2024-06-25 03:33:53,137 +0545 [INFO] "GET /account/user/profile/ HTTP/1.1" 200 510
2024-06-25 03:33:53,147 +0545 [INFO] "GET /account/user/profile/ HTTP/1.1" 200 510
2024-06-25 03:33:56,446 +0545 [INFO] "GET /account/user/profile/ HTTP/1.1" 200 510
2024-06-25 03:33:56,454 +0545 [INFO] "GET /account/user/profile/ HTTP/1.1" 200 510
2024-06-25 03:34:24,870 +0545 [INFO] "GET /account/user/profile/ HTTP/1.1" 200 510
2024-06-25 03:34:24,885 +0545 [INFO] "GET /account/user/profile/ HTTP/1.1" 200 510
2024-06-25 03:36:38,868 +0545 [INFO] "GET /account/user/profile/ HTTP/1.1" 200 510
2024-06-25 03:36:38,877 +0545 [INFO] "GET /account/user/profile/ HTTP/1.1" 200 510
2024-06-25 03:36:42,573 +0545 [INFO] "OPTIONS /account/user/profile/ HTTP/1.1" 200 0
2024-06-25 03:36:42,576 +0545 [INFO] "OPTIONS /account/user/profile/ HTTP/1.1" 200 0
2024-06-25 03:36:42,584 +0545 [INFO] "GET /account/user/profile/ HTTP/1.1" 200 510
2024-06-25 03:36:42,591 +0545 [INFO] "GET /account/user/profile/ HTTP/1.1" 200 510
2024-06-25 03:36:52,099 +0545 [INFO] "GET /account/user/profile/ HTTP/1.1" 200 510
2024-06-25 03:36:52,110 +0545 [INFO] "GET /account/user/profile/ HTTP/1.1" 200 510
2024-06-25 03:39:35,318 +0545 [INFO] "GET /account/user/profile/ HTTP/1.1" 200 510
2024-06-25 03:39:35,328 +0545 [INFO] "GET /account/user/profile/ HTTP/1.1" 200 510
2024-06-25 03:39:45,581 +0545 [INFO] "GET /account/user/profile/ HTTP/1.1" 200 510
2024-06-25 03:39:45,589 +0545 [INFO] "GET /account/user/profile/ HTTP/1.1" 200 510
2024-06-25 03:40:25,597 +0545 [INFO] "GET /account/user/profile/ HTTP/1.1" 200 510
2024-06-25 03:40:25,608 +0545 [INFO] "GET /account/user/profile/ HTTP/1.1" 200 510
2024-06-25 03:40:29,240 +0545 [INFO] "GET /account/user/profile/ HTTP/1.1" 200 510
2024-06-25 03:40:29,248 +0545 [INFO] "GET /account/user/profile/ HTTP/1.1" 200 510
2024-06-25 03:42:23,058 +0545 [INFO] "GET /account/user/profile/ HTTP/1.1" 200 510
2024-06-25 03:42:23,065 +0545 [INFO] "GET /account/user/profile/ HTTP/1.1" 200 510
2024-06-25 03:42:24,937 +0545 [INFO] "GET /account/user/profile/ HTTP/1.1" 200 510
2024-06-25 03:42:24,945 +0545 [INFO] "GET /account/user/profile/ HTTP/1.1" 200 510
2024-06-25 03:43:45,853 +0545 [INFO] "GET /account/user/profile/ HTTP/1.1" 200 510
2024-06-25 03:43:45,861 +0545 [INFO] "GET /account/user/profile/ HTTP/1.1" 200 510
