2024-06-19 02:36:28,421 +0545 [INFO] Watching for file changes with StatReloader
2024-06-19 02:36:51,080 +0545 [INFO] Watching for file changes with StatReloader
2024-06-19 02:37:29,912 +0545 [INFO] Watching for file changes with StatReloader
2024-06-19 02:38:31,813 +0545 [INFO] Watching for file changes with StatReloader
2024-06-19 02:44:35,796 +0545 [INFO] Watching for file changes with StatReloader
2024-06-19 02:45:38,273 +0545 [INFO] Watching for file changes with StatReloader
2024-06-19 02:45:40,206 +0545 [WARNING] Not Found: /
2024-06-19 02:45:40,208 +0545 [WARNING] "GET / HTTP/1.1" 404 2404
2024-06-19 02:45:40,385 +0545 [WARNING] Not Found: /favicon.ico
2024-06-19 02:45:40,386 +0545 [WARNING] "GET /favicon.ico HTTP/1.1" 404 2455
2024-06-19 02:45:43,588 +0545 [INFO] "OPTIONS /account/auth/register/ HTTP/1.1" 200 0
2024-06-19 02:45:43,923 +0545 [INFO] "POST /account/auth/register/ HTTP/1.1" 200 290
2024-06-19 02:45:52,797 +0545 [INFO] "OPTIONS /account/auth/login/ HTTP/1.1" 200 0
2024-06-19 02:45:53,207 +0545 [INFO] "POST /account/auth/login/ HTTP/1.1" 200 483
2024-06-19 02:45:53,264 +0545 [INFO] "OPTIONS /account/user/details/ HTTP/1.1" 200 0
2024-06-19 02:45:53,268 +0545 [INFO] "OPTIONS /account/user/details/ HTTP/1.1" 200 0
2024-06-19 02:45:53,285 +0545 [INFO] "GET /e-com/api/products/public/list/ HTTP/1.1" 200 2
2024-06-19 02:45:53,287 +0545 [INFO] "GET /account/user/details/ HTTP/1.1" 200 290
2024-06-19 02:45:53,294 +0545 [INFO] "GET /e-com/api/products/public/list/ HTTP/1.1" 200 2
2024-06-19 02:45:53,302 +0545 [INFO] "GET /account/user/details/ HTTP/1.1" 200 290
2024-06-19 02:45:55,985 +0545 [INFO] "GET /account/user/details/ HTTP/1.1" 200 290
2024-06-19 02:45:55,992 +0545 [INFO] "GET /account/user/details/ HTTP/1.1" 200 290
2024-06-19 02:45:55,995 +0545 [INFO] "OPTIONS /account/seller-profile/1/ HTTP/1.1" 200 0
2024-06-19 02:45:56,001 +0545 [INFO] "GET /account/seller-profile/1/ HTTP/1.1" 200 97
2024-06-19 02:51:39,487 +0545 [INFO] "GET /account/user/details/ HTTP/1.1" 200 290
2024-06-19 02:51:39,496 +0545 [INFO] "GET /account/user/details/ HTTP/1.1" 200 290
2024-06-19 02:51:39,499 +0545 [INFO] "GET /account/seller-profile/1/ HTTP/1.1" 200 97
2024-06-19 02:51:55,971 +0545 [INFO] "GET /account/user/details/ HTTP/1.1" 200 290
2024-06-19 02:51:55,987 +0545 [INFO] "GET /account/user/details/ HTTP/1.1" 200 290
2024-06-19 02:51:55,991 +0545 [INFO] "GET /account/seller-profile/1/ HTTP/1.1" 200 97
2024-06-19 02:52:51,766 +0545 [INFO] "GET /account/seller-profile/1/ HTTP/1.1" 200 97
2024-06-19 02:52:51,768 +0545 [INFO] "GET /account/user/details/ HTTP/1.1" 200 290
2024-06-19 02:54:45,696 +0545 [INFO] "GET /account/user/details/ HTTP/1.1" 200 290
2024-06-19 02:54:45,702 +0545 [INFO] "GET /account/user/details/ HTTP/1.1" 200 290
2024-06-19 02:54:45,708 +0545 [INFO] "GET /account/seller-profile/1/ HTTP/1.1" 200 97
2024-06-19 02:55:03,172 +0545 [INFO] "GET /account/seller-profile/1/ HTTP/1.1" 200 97
2024-06-19 02:55:03,175 +0545 [INFO] "GET /account/user/details/ HTTP/1.1" 200 290
2024-06-19 02:55:48,059 +0545 [INFO] "GET /account/user/details/ HTTP/1.1" 200 290
2024-06-19 02:55:48,073 +0545 [INFO] "GET /account/user/details/ HTTP/1.1" 200 290
2024-06-19 02:55:48,073 +0545 [INFO] "GET /account/seller-profile/1/ HTTP/1.1" 200 97
2024-06-19 02:55:54,017 +0545 [INFO] "GET /account/user/details/ HTTP/1.1" 200 290
2024-06-19 02:55:54,034 +0545 [INFO] "GET /account/user/details/ HTTP/1.1" 200 290
2024-06-19 02:55:54,058 +0545 [INFO] "GET /account/seller-profile/1/ HTTP/1.1" 200 97
2024-06-19 02:56:15,689 +0545 [INFO] "GET /e-com/api/categories/list/ HTTP/1.1" 200 2
2024-06-19 02:56:15,692 +0545 [INFO] "GET /account/user/details/ HTTP/1.1" 200 290
2024-06-19 02:56:15,695 +0545 [INFO] "GET /e-com/api/categories/list/ HTTP/1.1" 200 2
2024-06-19 02:56:15,702 +0545 [INFO] "GET /account/user/details/ HTTP/1.1" 200 290
2024-06-19 02:56:18,100 +0545 [INFO] "GET /e-com/api/products/public/list/ HTTP/1.1" 200 2
2024-06-19 02:56:18,115 +0545 [INFO] "GET /account/user/details/ HTTP/1.1" 200 290
2024-06-19 02:56:18,120 +0545 [INFO] "GET /e-com/api/products/public/list/ HTTP/1.1" 200 2
2024-06-19 02:56:18,126 +0545 [INFO] "GET /account/user/details/ HTTP/1.1" 200 290
2024-06-19 02:56:19,644 +0545 [INFO] "GET /account/user/details/ HTTP/1.1" 200 290
2024-06-19 02:56:19,651 +0545 [INFO] "GET /account/user/details/ HTTP/1.1" 200 290
2024-06-19 02:56:19,667 +0545 [INFO] "GET /account/seller-profile/1/ HTTP/1.1" 200 97
2024-06-19 02:58:04,266 +0545 [INFO] "GET /account/user/details/ HTTP/1.1" 200 290
2024-06-19 02:58:04,277 +0545 [INFO] "GET /account/user/details/ HTTP/1.1" 200 290
2024-06-19 02:58:04,280 +0545 [INFO] "GET /account/seller-profile/1/ HTTP/1.1" 200 97
2024-06-19 02:58:18,441 +0545 [INFO] "GET /account/seller-profile/1/ HTTP/1.1" 200 97
2024-06-19 02:58:18,443 +0545 [INFO] "GET /account/user/details/ HTTP/1.1" 200 290
2024-06-19 02:58:49,057 +0545 [INFO] "GET /account/user/details/ HTTP/1.1" 200 290
2024-06-19 02:58:49,066 +0545 [INFO] "GET /account/user/details/ HTTP/1.1" 200 290
2024-06-19 02:58:49,068 +0545 [INFO] "GET /account/seller-profile/1/ HTTP/1.1" 200 97
2024-06-19 02:59:21,615 +0545 [INFO] "GET /account/user/details/ HTTP/1.1" 200 290
2024-06-19 02:59:21,625 +0545 [INFO] "GET /account/user/details/ HTTP/1.1" 200 290
2024-06-19 02:59:21,628 +0545 [INFO] "GET /account/seller-profile/1/ HTTP/1.1" 200 97
2024-06-19 02:59:35,266 +0545 [INFO] "GET /account/user/details/ HTTP/1.1" 200 290
2024-06-19 02:59:35,281 +0545 [INFO] "GET /account/seller-profile/1/ HTTP/1.1" 200 97
2024-06-19 02:59:35,283 +0545 [INFO] "GET /account/user/details/ HTTP/1.1" 200 290
2024-06-19 02:59:47,227 +0545 [INFO] "GET /account/user/details/ HTTP/1.1" 200 290
2024-06-19 02:59:47,239 +0545 [INFO] "GET /account/user/details/ HTTP/1.1" 200 290
2024-06-19 02:59:47,246 +0545 [INFO] "GET /account/seller-profile/1/ HTTP/1.1" 200 97
2024-06-19 03:00:32,815 +0545 [INFO] "GET /account/user/details/ HTTP/1.1" 200 290
2024-06-19 03:00:32,825 +0545 [INFO] "GET /account/user/details/ HTTP/1.1" 200 290
2024-06-19 03:00:32,828 +0545 [INFO] "GET /account/seller-profile/1/ HTTP/1.1" 200 97
2024-06-19 03:00:47,764 +0545 [INFO] "GET /account/user/details/ HTTP/1.1" 200 290
2024-06-19 03:00:47,774 +0545 [INFO] "GET /account/user/details/ HTTP/1.1" 200 290
2024-06-19 03:00:47,777 +0545 [INFO] "GET /account/seller-profile/1/ HTTP/1.1" 200 97
2024-06-19 03:01:46,649 +0545 [INFO] "GET /account/user/details/ HTTP/1.1" 200 290
2024-06-19 03:01:46,660 +0545 [INFO] "GET /account/user/details/ HTTP/1.1" 200 290
2024-06-19 03:01:46,665 +0545 [INFO] "GET /account/seller-profile/1/ HTTP/1.1" 200 97
2024-06-19 03:01:59,004 +0545 [INFO] "GET /account/user/details/ HTTP/1.1" 200 290
2024-06-19 03:01:59,016 +0545 [INFO] "GET /account/user/details/ HTTP/1.1" 200 290
2024-06-19 03:01:59,045 +0545 [INFO] "GET /account/seller-profile/1/ HTTP/1.1" 200 97
2024-06-19 03:02:42,391 +0545 [INFO] "GET /account/user/details/ HTTP/1.1" 200 290
2024-06-19 03:02:42,420 +0545 [INFO] "GET /account/user/details/ HTTP/1.1" 200 290
2024-06-19 03:02:42,423 +0545 [INFO] "GET /account/seller-profile/1/ HTTP/1.1" 200 97
2024-06-19 03:03:40,071 +0545 [INFO] "GET /account/seller-profile/1/ HTTP/1.1" 200 97
2024-06-19 03:03:40,072 +0545 [INFO] "GET /account/user/details/ HTTP/1.1" 200 290
2024-06-19 03:05:15,582 +0545 [INFO] "PUT /account/seller-profile/1/ HTTP/1.1" 200 198
2024-06-19 03:05:18,132 +0545 [INFO] "GET /account/user/details/ HTTP/1.1" 200 290
2024-06-19 03:05:18,176 +0545 [INFO] "GET /account/user/details/ HTTP/1.1" 200 290
2024-06-19 03:05:18,210 +0545 [INFO] "GET /account/seller-profile/1/ HTTP/1.1" 200 198
2024-06-19 03:05:18,279 +0545 [INFO] "GET /media/seller/profile_images/images_2.jpeg HTTP/1.1" 200 4653
2024-06-19 03:05:42,156 +0545 [INFO] "GET /account/user/details/ HTTP/1.1" 200 290
2024-06-19 03:05:42,156 +0545 [INFO] "GET /account/seller-profile/1/ HTTP/1.1" 200 198
2024-06-19 03:05:44,685 +0545 [INFO] "GET /account/user/details/ HTTP/1.1" 200 290
2024-06-19 03:05:44,707 +0545 [INFO] "GET /account/user/details/ HTTP/1.1" 200 290
2024-06-19 03:05:44,710 +0545 [INFO] "GET /account/seller-profile/1/ HTTP/1.1" 200 198
2024-06-19 03:05:44,719 +0545 [INFO] "GET /media/seller/profile_images/images_2.jpeg HTTP/1.1" 304 0
2024-06-19 03:05:55,922 +0545 [INFO] "GET /account/seller-profile/1/ HTTP/1.1" 200 198
2024-06-19 03:05:55,925 +0545 [INFO] "GET /account/user/details/ HTTP/1.1" 200 290
2024-06-19 03:06:07,068 +0545 [INFO] "GET /account/seller-profile/1/ HTTP/1.1" 200 198
2024-06-19 03:06:07,071 +0545 [INFO] "GET /account/user/details/ HTTP/1.1" 200 290
2024-06-19 03:06:20,147 +0545 [INFO] "GET /account/user/details/ HTTP/1.1" 200 290
2024-06-19 03:06:20,157 +0545 [INFO] "GET /account/user/details/ HTTP/1.1" 200 290
2024-06-19 03:06:20,160 +0545 [INFO] "GET /account/seller-profile/1/ HTTP/1.1" 200 198
2024-06-19 03:06:20,166 +0545 [INFO] "GET /media/seller/profile_images/images_2.jpeg HTTP/1.1" 304 0
2024-06-19 03:06:31,462 +0545 [INFO] "GET /account/seller-profile/1/ HTTP/1.1" 200 198
2024-06-19 03:06:31,466 +0545 [INFO] "GET /account/user/details/ HTTP/1.1" 200 290
2024-06-19 03:07:14,902 +0545 [INFO] "GET /account/seller-profile/1/ HTTP/1.1" 200 198
2024-06-19 03:07:14,905 +0545 [INFO] "GET /account/user/details/ HTTP/1.1" 200 290
2024-06-19 03:07:21,867 +0545 [INFO] "GET /e-com/api/categories/list/ HTTP/1.1" 200 2
2024-06-19 03:07:21,871 +0545 [INFO] "GET /e-com/api/categories/list/ HTTP/1.1" 200 2
2024-06-19 03:07:21,874 +0545 [INFO] "GET /account/user/details/ HTTP/1.1" 200 290
2024-06-19 03:07:21,880 +0545 [INFO] "GET /account/user/details/ HTTP/1.1" 200 290
2024-06-19 06:10:50,095 +0545 [INFO] "GET /account/user/details/ HTTP/1.1" 200 290
2024-06-19 06:10:50,110 +0545 [INFO] "GET /account/user/details/ HTTP/1.1" 200 290
2024-06-19 06:10:50,113 +0545 [INFO] "GET /account/seller-profile/1/ HTTP/1.1" 200 198
2024-06-19 06:10:50,123 +0545 [INFO] "GET /media/seller/profile_images/images_2.jpeg HTTP/1.1" 304 0
2024-06-19 06:10:50,949 +0545 [INFO] "GET /account/user/details/ HTTP/1.1" 200 290
2024-06-19 06:10:50,957 +0545 [INFO] "GET /account/user/details/ HTTP/1.1" 200 290
2024-06-19 06:10:50,960 +0545 [INFO] "GET /account/seller-profile/1/ HTTP/1.1" 200 198
2024-06-19 06:10:52,115 +0545 [INFO] "GET /account/user/details/ HTTP/1.1" 200 290
2024-06-19 06:10:52,137 +0545 [INFO] "GET /account/user/details/ HTTP/1.1" 200 290
2024-06-19 06:10:52,139 +0545 [INFO] "GET /account/seller-profile/1/ HTTP/1.1" 200 198
2024-06-19 06:10:57,624 +0545 [INFO] "GET /e-com/api/categories/list/ HTTP/1.1" 200 2
2024-06-19 06:10:57,629 +0545 [INFO] "GET /account/user/details/ HTTP/1.1" 200 290
2024-06-19 06:10:57,636 +0545 [INFO] "GET /e-com/api/categories/list/ HTTP/1.1" 200 2
2024-06-19 06:10:57,656 +0545 [INFO] "GET /account/user/details/ HTTP/1.1" 200 290
2024-06-19 06:11:06,601 +0545 [INFO] "GET /account/seller-profile/1/ HTTP/1.1" 200 198
2024-06-19 06:11:08,166 +0545 [INFO] "GET /account/seller-profile/1/ HTTP/1.1" 200 198
2024-06-19 06:11:23,914 +0545 [INFO] "GET /account/user/details/ HTTP/1.1" 200 290
2024-06-19 06:11:23,928 +0545 [INFO] "GET /account/user/details/ HTTP/1.1" 200 290
2024-06-19 06:11:23,961 +0545 [INFO] "GET /account/seller-profile/1/ HTTP/1.1" 200 198
2024-06-19 06:11:24,751 +0545 [INFO] "GET /account/user/details/ HTTP/1.1" 200 290
2024-06-19 06:11:24,772 +0545 [INFO] "GET /account/user/details/ HTTP/1.1" 200 290
2024-06-19 06:11:24,803 +0545 [INFO] "GET /account/seller-profile/1/ HTTP/1.1" 200 198
2024-06-19 06:11:26,575 +0545 [INFO] "GET /e-com/api/categories/list/ HTTP/1.1" 200 2
2024-06-19 06:11:26,578 +0545 [INFO] "GET /account/user/details/ HTTP/1.1" 200 290
2024-06-19 06:11:26,593 +0545 [INFO] "GET /e-com/api/categories/list/ HTTP/1.1" 200 2
2024-06-19 06:11:26,597 +0545 [INFO] "GET /account/user/details/ HTTP/1.1" 200 290
2024-06-19 06:12:51,750 +0545 [INFO] "GET /account/user/details/ HTTP/1.1" 200 290
2024-06-19 06:12:51,764 +0545 [INFO] "GET /account/user/details/ HTTP/1.1" 200 290
2024-06-19 06:12:51,779 +0545 [INFO] "GET /account/user/details/ HTTP/1.1" 200 290
2024-06-19 06:12:51,785 +0545 [INFO] "GET /account/seller-profile/1/ HTTP/1.1" 200 198
2024-06-19 06:12:51,798 +0545 [INFO] "GET /account/user/details/ HTTP/1.1" 200 290
2024-06-19 06:12:51,802 +0545 [INFO] "GET /account/seller-profile/1/ HTTP/1.1" 200 198
2024-06-19 06:13:38,768 +0545 [INFO] "GET /account/user/details/ HTTP/1.1" 200 290
2024-06-19 06:13:38,814 +0545 [INFO] "GET /account/user/details/ HTTP/1.1" 200 290
2024-06-19 06:13:38,816 +0545 [INFO] "GET /account/seller-profile/1/ HTTP/1.1" 200 198
2024-06-19 06:13:38,827 +0545 [INFO] "GET /account/seller-profile/1/ HTTP/1.1" 200 198
2024-06-19 06:13:38,827 +0545 [INFO] "GET /account/user/details/ HTTP/1.1" 200 290
2024-06-19 06:13:38,834 +0545 [INFO] "GET /account/user/details/ HTTP/1.1" 200 290
2024-06-19 06:13:41,767 +0545 [INFO] "GET /account/user/details/ HTTP/1.1" 200 290
2024-06-19 06:13:41,773 +0545 [INFO] "GET /account/user/details/ HTTP/1.1" 200 290
2024-06-19 06:13:41,817 +0545 [INFO] "GET /account/seller-profile/1/ HTTP/1.1" 200 198
2024-06-19 06:13:42,738 +0545 [INFO] "GET /account/user/details/ HTTP/1.1" 200 290
2024-06-19 06:13:42,756 +0545 [INFO] "GET /account/user/details/ HTTP/1.1" 200 290
2024-06-19 06:13:42,790 +0545 [INFO] "GET /account/seller-profile/1/ HTTP/1.1" 200 198
2024-06-19 06:13:44,918 +0545 [INFO] "GET /account/user/details/ HTTP/1.1" 200 290
2024-06-19 06:13:44,941 +0545 [INFO] "GET /account/user/details/ HTTP/1.1" 200 290
2024-06-19 06:13:44,943 +0545 [INFO] "GET /account/seller-profile/1/ HTTP/1.1" 200 198
2024-06-19 06:13:50,886 +0545 [INFO] "GET /e-com/api/categories/list/ HTTP/1.1" 200 2
2024-06-19 06:13:50,893 +0545 [INFO] "GET /account/user/details/ HTTP/1.1" 200 290
2024-06-19 06:13:50,899 +0545 [INFO] "GET /e-com/api/categories/list/ HTTP/1.1" 200 2
2024-06-19 06:13:50,902 +0545 [INFO] "GET /account/user/details/ HTTP/1.1" 200 290
2024-06-19 06:13:53,933 +0545 [INFO] "GET /account/user/details/ HTTP/1.1" 200 290
2024-06-19 06:13:53,942 +0545 [INFO] "GET /account/user/details/ HTTP/1.1" 200 290
2024-06-19 06:13:53,944 +0545 [INFO] "GET /account/seller-profile/1/ HTTP/1.1" 200 198
2024-06-19 06:13:54,973 +0545 [INFO] "OPTIONS /e-com/api/seller/products/list/ HTTP/1.1" 200 0
2024-06-19 06:13:54,974 +0545 [INFO] "OPTIONS /e-com/api/seller/products/list/ HTTP/1.1" 200 0
2024-06-19 06:13:54,979 +0545 [INFO] "OPTIONS /e-com/api/seller/products/list/ HTTP/1.1" 200 0
2024-06-19 06:13:54,984 +0545 [INFO] "OPTIONS /e-com/api/seller/products/list/ HTTP/1.1" 200 0
2024-06-19 06:13:54,991 +0545 [INFO] "GET /e-com/api/seller/products/list/ HTTP/1.1" 200 2
2024-06-19 06:13:54,995 +0545 [INFO] "GET /e-com/api/seller/products/list/ HTTP/1.1" 200 2
2024-06-19 06:13:55,000 +0545 [INFO] "GET /e-com/api/seller/products/list/ HTTP/1.1" 200 2
2024-06-19 06:13:55,004 +0545 [INFO] "GET /e-com/api/seller/products/list/ HTTP/1.1" 200 2
2024-06-19 06:13:56,465 +0545 [INFO] "GET /account/user/details/ HTTP/1.1" 200 290
2024-06-19 06:13:56,473 +0545 [INFO] "GET /account/user/details/ HTTP/1.1" 200 290
2024-06-19 06:13:56,476 +0545 [INFO] "GET /account/seller-profile/1/ HTTP/1.1" 200 198
2024-06-19 06:13:57,579 +0545 [INFO] "OPTIONS /e-com/api/sellers/orders/ HTTP/1.1" 200 0
2024-06-19 06:13:57,579 +0545 [INFO] "OPTIONS /e-com/api/sellers/orders/ HTTP/1.1" 200 0
2024-06-19 06:13:57,586 +0545 [INFO] "GET /e-com/api/sellers/orders/ HTTP/1.1" 200 2
2024-06-19 06:13:57,590 +0545 [INFO] "GET /e-com/api/sellers/orders/ HTTP/1.1" 200 2
2024-06-19 06:13:59,051 +0545 [INFO] "GET /account/user/details/ HTTP/1.1" 200 290
2024-06-19 06:13:59,060 +0545 [INFO] "GET /account/user/details/ HTTP/1.1" 200 290
2024-06-19 06:13:59,062 +0545 [INFO] "GET /account/seller-profile/1/ HTTP/1.1" 200 198
2024-06-19 06:14:03,761 +0545 [INFO] "GET /account/user/details/ HTTP/1.1" 200 290
2024-06-19 06:14:03,781 +0545 [INFO] "GET /account/seller-profile/1/ HTTP/1.1" 200 198
2024-06-19 06:14:03,783 +0545 [INFO] "GET /account/user/details/ HTTP/1.1" 200 290
2024-06-19 06:14:38,674 +0545 [INFO] "GET /account/user/details/ HTTP/1.1" 200 290
2024-06-19 06:14:38,690 +0545 [INFO] "GET /account/user/details/ HTTP/1.1" 200 290
2024-06-19 06:14:38,693 +0545 [INFO] "GET /account/seller-profile/1/ HTTP/1.1" 200 198
2024-06-19 06:14:40,550 +0545 [INFO] "GET /e-com/api/categories/list/ HTTP/1.1" 200 2
2024-06-19 06:14:40,617 +0545 [INFO] "GET /account/user/details/ HTTP/1.1" 200 290
2024-06-19 06:14:40,619 +0545 [INFO] "GET /e-com/api/categories/list/ HTTP/1.1" 200 2
2024-06-19 06:14:40,638 +0545 [INFO] "GET /account/user/details/ HTTP/1.1" 200 290
2024-06-19 06:14:41,546 +0545 [INFO] "GET /account/user/details/ HTTP/1.1" 200 290
2024-06-19 06:14:41,553 +0545 [INFO] "GET /account/user/details/ HTTP/1.1" 200 290
2024-06-19 06:14:41,584 +0545 [INFO] "GET /account/seller-profile/1/ HTTP/1.1" 200 198
2024-06-19 06:15:39,426 +0545 [INFO] "GET /account/user/details/ HTTP/1.1" 200 290
2024-06-19 06:15:39,442 +0545 [INFO] "GET /account/user/details/ HTTP/1.1" 200 290
2024-06-19 06:15:39,445 +0545 [INFO] "GET /account/seller-profile/1/ HTTP/1.1" 200 198
2024-06-19 06:15:54,105 +0545 [INFO] "GET /account/user/details/ HTTP/1.1" 200 290
2024-06-19 06:15:54,116 +0545 [INFO] "GET /account/user/details/ HTTP/1.1" 200 290
2024-06-19 06:15:54,117 +0545 [INFO] "GET /account/seller-profile/1/ HTTP/1.1" 200 198
2024-06-19 06:16:16,047 +0545 [INFO] "GET /account/user/details/ HTTP/1.1" 200 290
2024-06-19 06:16:16,062 +0545 [INFO] "GET /account/user/details/ HTTP/1.1" 200 290
2024-06-19 06:16:16,064 +0545 [INFO] "GET /account/seller-profile/1/ HTTP/1.1" 200 198
2024-06-19 06:16:25,696 +0545 [INFO] "GET /account/seller-profile/1/ HTTP/1.1" 200 198
2024-06-19 06:16:25,699 +0545 [INFO] "GET /account/user/details/ HTTP/1.1" 200 290
2024-06-19 06:16:25,723 +0545 [INFO] "GET /account/user/details/ HTTP/1.1" 200 290
2024-06-19 06:16:25,727 +0545 [INFO] "GET /account/seller-profile/1/ HTTP/1.1" 200 198
2024-06-19 06:16:45,425 +0545 [INFO] "GET /e-com/api/categories/list/ HTTP/1.1" 200 2
2024-06-19 06:16:45,439 +0545 [INFO] "GET /account/user/details/ HTTP/1.1" 200 290
2024-06-19 06:16:45,444 +0545 [INFO] "GET /e-com/api/categories/list/ HTTP/1.1" 200 2
2024-06-19 06:16:45,452 +0545 [INFO] "GET /account/user/details/ HTTP/1.1" 200 290
2024-06-19 06:16:48,216 +0545 [INFO] "GET /account/user/details/ HTTP/1.1" 200 290
2024-06-19 06:16:48,222 +0545 [INFO] "GET /account/user/details/ HTTP/1.1" 200 290
2024-06-19 06:16:48,268 +0545 [INFO] "GET /account/seller-profile/1/ HTTP/1.1" 200 198
2024-06-19 06:18:57,613 +0545 [INFO] "GET /account/seller-profile/1/ HTTP/1.1" 200 198
2024-06-19 06:18:57,615 +0545 [INFO] "GET /account/user/details/ HTTP/1.1" 200 290
2024-06-19 06:18:57,747 +0545 [INFO] "GET /account/user/details/ HTTP/1.1" 200 290
2024-06-19 06:18:57,751 +0545 [INFO] "GET /account/seller-profile/1/ HTTP/1.1" 200 198
2024-06-19 06:19:20,804 +0545 [INFO] "GET /account/seller-profile/1/ HTTP/1.1" 200 198
2024-06-19 06:19:20,808 +0545 [INFO] "GET /account/user/details/ HTTP/1.1" 200 290
2024-06-19 06:19:20,812 +0545 [INFO] "GET /account/seller-profile/1/ HTTP/1.1" 200 198
2024-06-19 06:19:20,817 +0545 [INFO] "GET /account/user/details/ HTTP/1.1" 200 290
2024-06-19 06:21:02,857 +0545 [INFO] "GET /e-com/api/categories/list/ HTTP/1.1" 200 2
2024-06-19 06:21:02,861 +0545 [INFO] "GET /account/user/details/ HTTP/1.1" 200 290
2024-06-19 06:21:02,864 +0545 [INFO] "GET /e-com/api/categories/list/ HTTP/1.1" 200 2
2024-06-19 06:21:02,869 +0545 [INFO] "GET /account/user/details/ HTTP/1.1" 200 290
2024-06-19 06:21:06,311 +0545 [INFO] "GET /account/user/details/ HTTP/1.1" 200 290
2024-06-19 06:21:06,336 +0545 [INFO] "GET /account/user/details/ HTTP/1.1" 200 290
2024-06-19 06:21:06,337 +0545 [INFO] "GET /account/seller-profile/1/ HTTP/1.1" 200 198
2024-06-19 06:21:07,694 +0545 [INFO] "GET /e-com/api/categories/list/ HTTP/1.1" 200 2
2024-06-19 06:21:07,702 +0545 [INFO] "GET /account/user/details/ HTTP/1.1" 200 290
2024-06-19 06:21:07,702 +0545 [INFO] "GET /e-com/api/categories/list/ HTTP/1.1" 200 2
2024-06-19 06:21:07,708 +0545 [INFO] "GET /account/user/details/ HTTP/1.1" 200 290
2024-06-19 06:21:10,840 +0545 [INFO] "GET /account/user/details/ HTTP/1.1" 200 290
2024-06-19 06:21:10,845 +0545 [INFO] "GET /account/user/details/ HTTP/1.1" 200 290
2024-06-19 06:21:10,879 +0545 [INFO] "GET /account/seller-profile/1/ HTTP/1.1" 200 198
2024-06-19 06:21:26,858 +0545 [INFO] "GET /e-com/api/categories/list/ HTTP/1.1" 200 2
2024-06-19 06:21:26,862 +0545 [INFO] "GET /account/user/details/ HTTP/1.1" 200 290
2024-06-19 06:21:26,874 +0545 [INFO] "GET /e-com/api/categories/list/ HTTP/1.1" 200 2
2024-06-19 06:21:26,886 +0545 [INFO] "GET /account/user/details/ HTTP/1.1" 200 290
2024-06-19 06:21:27,770 +0545 [INFO] "GET /account/user/details/ HTTP/1.1" 200 290
2024-06-19 06:21:27,770 +0545 [INFO] "GET /account/seller-profile/1/ HTTP/1.1" 200 198
2024-06-19 06:21:33,755 +0545 [INFO] "GET /account/seller-profile/1/ HTTP/1.1" 200 198
2024-06-19 06:21:33,756 +0545 [INFO] "GET /account/user/details/ HTTP/1.1" 200 290
2024-06-19 06:22:13,063 +0545 [INFO] "GET /account/user/details/ HTTP/1.1" 200 290
2024-06-19 06:22:13,077 +0545 [INFO] "GET /account/user/details/ HTTP/1.1" 200 290
2024-06-19 06:22:13,081 +0545 [INFO] "GET /account/seller-profile/1/ HTTP/1.1" 200 198
2024-06-19 06:22:14,625 +0545 [INFO] "GET /e-com/api/categories/list/ HTTP/1.1" 200 2
2024-06-19 06:22:14,634 +0545 [INFO] "GET /account/user/details/ HTTP/1.1" 200 290
2024-06-19 06:22:14,635 +0545 [INFO] "GET /e-com/api/categories/list/ HTTP/1.1" 200 2
2024-06-19 06:22:14,641 +0545 [INFO] "GET /account/user/details/ HTTP/1.1" 200 290
2024-06-19 06:22:15,700 +0545 [INFO] "GET /account/user/details/ HTTP/1.1" 200 290
2024-06-19 06:22:15,705 +0545 [INFO] "GET /account/user/details/ HTTP/1.1" 200 290
2024-06-19 06:22:15,735 +0545 [INFO] "GET /account/seller-profile/1/ HTTP/1.1" 200 198
2024-06-19 06:22:55,438 +0545 [INFO] "GET /account/user/details/ HTTP/1.1" 200 290
2024-06-19 06:22:55,455 +0545 [INFO] "GET /account/user/details/ HTTP/1.1" 200 290
2024-06-19 06:22:55,459 +0545 [INFO] "GET /account/seller-profile/1/ HTTP/1.1" 200 198
2024-06-19 06:25:10,769 +0545 [INFO] "GET /account/user/details/ HTTP/1.1" 200 290
2024-06-19 06:25:10,788 +0545 [INFO] "GET /account/user/details/ HTTP/1.1" 200 290
2024-06-19 06:25:10,792 +0545 [INFO] "GET /account/seller-profile/1/ HTTP/1.1" 200 198
2024-06-19 06:34:29,888 +0545 [INFO] "GET /account/user/details/ HTTP/1.1" 200 290
2024-06-19 06:34:29,905 +0545 [INFO] "GET /account/seller-profile/1/ HTTP/1.1" 200 198
2024-06-19 06:34:29,905 +0545 [INFO] "GET /account/user/details/ HTTP/1.1" 200 290
2024-06-19 06:34:29,915 +0545 [INFO] "GET /media/seller/profile_images/images_2.jpeg HTTP/1.1" 304 0
2024-06-19 06:35:09,484 +0545 [INFO] "GET /account/user/details/ HTTP/1.1" 200 290
2024-06-19 06:35:09,505 +0545 [INFO] "GET /account/user/details/ HTTP/1.1" 200 290
2024-06-19 06:35:09,511 +0545 [INFO] "GET /account/seller-profile/1/ HTTP/1.1" 200 198
2024-06-19 06:36:10,855 +0545 [INFO] "GET /account/user/details/ HTTP/1.1" 200 290
2024-06-19 06:36:10,880 +0545 [INFO] "GET /account/seller-profile/1/ HTTP/1.1" 200 198
2024-06-19 06:36:10,881 +0545 [INFO] "GET /account/user/details/ HTTP/1.1" 200 290
2024-06-19 06:36:12,241 +0545 [INFO] "GET /account/user/details/ HTTP/1.1" 200 290
2024-06-19 06:36:12,267 +0545 [INFO] "GET /account/user/details/ HTTP/1.1" 200 290
2024-06-19 06:36:12,284 +0545 [INFO] "GET /account/seller-profile/1/ HTTP/1.1" 200 198
2024-06-19 06:36:41,769 +0545 [INFO] "GET /account/user/details/ HTTP/1.1" 200 290
2024-06-19 06:36:41,785 +0545 [INFO] "GET /account/user/details/ HTTP/1.1" 200 290
2024-06-19 06:36:41,788 +0545 [INFO] "GET /account/seller-profile/1/ HTTP/1.1" 200 198
2024-06-19 06:37:24,282 +0545 [INFO] "GET /account/user/details/ HTTP/1.1" 200 290
2024-06-19 06:37:24,334 +0545 [INFO] "GET /account/seller-profile/1/ HTTP/1.1" 200 198
2024-06-19 06:37:24,335 +0545 [INFO] "GET /account/user/details/ HTTP/1.1" 200 290
2024-06-19 06:37:47,621 +0545 [INFO] "GET /account/user/details/ HTTP/1.1" 200 290
2024-06-19 06:37:47,641 +0545 [INFO] "GET /account/user/details/ HTTP/1.1" 200 290
2024-06-19 06:37:47,643 +0545 [INFO] "GET /account/seller-profile/1/ HTTP/1.1" 200 198
2024-06-19 06:38:33,006 +0545 [INFO] "GET /account/user/details/ HTTP/1.1" 200 290
2024-06-19 06:38:33,017 +0545 [INFO] "GET /account/user/details/ HTTP/1.1" 200 290
2024-06-19 06:38:33,022 +0545 [INFO] "GET /account/seller-profile/1/ HTTP/1.1" 200 198
2024-06-19 06:41:01,118 +0545 [INFO] "GET /account/user/details/ HTTP/1.1" 200 290
2024-06-19 06:41:01,145 +0545 [INFO] "GET /account/user/details/ HTTP/1.1" 200 290
2024-06-19 06:41:01,176 +0545 [INFO] "GET /account/seller-profile/1/ HTTP/1.1" 200 198
2024-06-19 06:41:03,395 +0545 [INFO] "GET /account/user/details/ HTTP/1.1" 200 290
2024-06-19 06:41:03,446 +0545 [INFO] "GET /account/user/details/ HTTP/1.1" 200 290
2024-06-19 06:41:03,454 +0545 [INFO] "GET /account/seller-profile/1/ HTTP/1.1" 200 198
2024-06-19 06:41:37,774 +0545 [INFO] "GET /account/user/details/ HTTP/1.1" 200 290
2024-06-19 06:41:37,808 +0545 [INFO] "GET /account/seller-profile/1/ HTTP/1.1" 200 198
2024-06-19 06:41:37,820 +0545 [INFO] "GET /account/user/details/ HTTP/1.1" 200 290
2024-06-19 06:41:46,978 +0545 [INFO] "GET /account/user/details/ HTTP/1.1" 200 290
2024-06-19 06:41:47,012 +0545 [INFO] "GET /account/user/details/ HTTP/1.1" 200 290
2024-06-19 06:41:47,019 +0545 [INFO] "GET /account/seller-profile/1/ HTTP/1.1" 200 198
2024-06-19 06:42:48,577 +0545 [INFO] "GET /account/user/details/ HTTP/1.1" 200 290
2024-06-19 06:42:48,610 +0545 [INFO] "GET /account/user/details/ HTTP/1.1" 200 290
2024-06-19 06:42:48,616 +0545 [INFO] "GET /account/seller-profile/1/ HTTP/1.1" 200 198
2024-06-19 06:43:24,563 +0545 [INFO] "GET /account/user/details/ HTTP/1.1" 200 290
2024-06-19 06:43:24,598 +0545 [INFO] "GET /account/user/details/ HTTP/1.1" 200 290
2024-06-19 06:43:24,606 +0545 [INFO] "GET /account/seller-profile/1/ HTTP/1.1" 200 198
2024-06-19 06:43:58,637 +0545 [INFO] "GET /account/user/details/ HTTP/1.1" 200 290
2024-06-19 06:43:58,683 +0545 [INFO] "GET /account/seller-profile/1/ HTTP/1.1" 200 198
2024-06-19 06:43:58,683 +0545 [INFO] "GET /account/user/details/ HTTP/1.1" 200 290
2024-06-19 06:45:58,397 +0545 [INFO] "GET /account/user/details/ HTTP/1.1" 200 290
2024-06-19 06:45:58,416 +0545 [INFO] "GET /account/user/details/ HTTP/1.1" 200 290
2024-06-19 06:45:58,420 +0545 [INFO] "GET /account/seller-profile/1/ HTTP/1.1" 200 198
2024-06-19 06:46:12,867 +0545 [INFO] "GET /e-com/api/categories/list/ HTTP/1.1" 200 2
2024-06-19 06:46:12,872 +0545 [INFO] "GET /account/user/details/ HTTP/1.1" 200 290
2024-06-19 06:46:12,872 +0545 [INFO] "GET /e-com/api/categories/list/ HTTP/1.1" 200 2
2024-06-19 06:46:12,885 +0545 [INFO] "GET /account/user/details/ HTTP/1.1" 200 290
2024-06-19 06:46:14,339 +0545 [INFO] "GET /account/user/details/ HTTP/1.1" 200 290
2024-06-19 06:46:14,348 +0545 [INFO] "GET /account/user/details/ HTTP/1.1" 200 290
2024-06-19 06:46:14,391 +0545 [INFO] "GET /account/seller-profile/1/ HTTP/1.1" 200 198
2024-06-19 06:46:15,327 +0545 [INFO] "GET /e-com/api/seller/products/list/ HTTP/1.1" 200 2
2024-06-19 06:46:15,333 +0545 [INFO] "GET /e-com/api/seller/products/list/ HTTP/1.1" 200 2
2024-06-19 06:46:15,338 +0545 [INFO] "GET /e-com/api/seller/products/list/ HTTP/1.1" 200 2
2024-06-19 06:46:15,344 +0545 [INFO] "GET /e-com/api/seller/products/list/ HTTP/1.1" 200 2
2024-06-19 06:46:16,332 +0545 [INFO] "GET /account/user/details/ HTTP/1.1" 200 290
2024-06-19 06:46:16,340 +0545 [INFO] "GET /account/user/details/ HTTP/1.1" 200 290
2024-06-19 06:46:16,371 +0545 [INFO] "GET /account/seller-profile/1/ HTTP/1.1" 200 198
2024-06-19 06:46:17,283 +0545 [INFO] "GET /e-com/api/sellers/orders/ HTTP/1.1" 200 2
2024-06-19 06:46:17,289 +0545 [INFO] "GET /e-com/api/sellers/orders/ HTTP/1.1" 200 2
2024-06-19 06:46:18,325 +0545 [INFO] "GET /account/user/details/ HTTP/1.1" 200 290
2024-06-19 06:46:18,337 +0545 [INFO] "GET /account/user/details/ HTTP/1.1" 200 290
2024-06-19 06:46:18,363 +0545 [INFO] "GET /account/seller-profile/1/ HTTP/1.1" 200 198
2024-06-19 06:46:20,269 +0545 [INFO] "GET /e-com/api/products/public/list/ HTTP/1.1" 200 2
2024-06-19 06:46:20,284 +0545 [INFO] "GET /e-com/api/products/public/list/ HTTP/1.1" 200 2
2024-06-19 06:46:20,286 +0545 [INFO] "GET /account/user/details/ HTTP/1.1" 200 290
2024-06-19 06:46:20,294 +0545 [INFO] "GET /account/user/details/ HTTP/1.1" 200 290
2024-06-19 06:46:23,137 +0545 [INFO] "GET /e-com/api/products/public/list/ HTTP/1.1" 200 2
2024-06-19 06:46:23,143 +0545 [INFO] "GET /e-com/api/products/public/list/ HTTP/1.1" 200 2
2024-06-19 06:46:23,147 +0545 [INFO] "GET /account/user/details/ HTTP/1.1" 200 290
2024-06-19 06:46:23,156 +0545 [INFO] "GET /account/user/details/ HTTP/1.1" 200 290
