2024-06-21 00:34:27,971 +0545 [INFO] Watching for file changes with StatReloader
2024-06-21 00:35:08,863 +0545 [INFO] "GET /e-com/api/products/public/list/ HTTP/1.1" 200 722
2024-06-21 00:35:08,891 +0545 [INFO] "OPTIONS /account/user/details/ HTTP/1.1" 200 0
2024-06-21 00:35:08,892 +0545 [INFO] "OPTIONS /account/user/details/ HTTP/1.1" 200 0
2024-06-21 00:35:08,896 +0545 [INFO] "GET /e-com/api/products/public/list/ HTTP/1.1" 200 722
2024-06-21 00:35:08,913 +0545 [INFO] "GET /e-com/api/products/public/list/ HTTP/1.1" 200 722
2024-06-21 00:35:08,933 +0545 [INFO] "GET /e-com/api/products/public/list/ HTTP/1.1" 200 722
2024-06-21 00:35:09,002 +0545 [INFO] "GET /media/seller/product_images/Untitled-design-2022-10-11T094010.795.jpg HTTP/1.1" 200 67256
2024-06-21 00:35:09,029 +0545 [INFO] "GET /account/user/details/ HTTP/1.1" 200 290
2024-06-21 00:35:09,037 +0545 [INFO] "GET /account/user/details/ HTTP/1.1" 200 290
2024-06-21 00:37:26,612 +0545 [INFO] "GET /e-com/api/products/public/list/ HTTP/1.1" 200 722
2024-06-21 00:37:26,634 +0545 [INFO] "GET /e-com/api/products/public/list/ HTTP/1.1" 200 722
2024-06-21 00:37:26,642 +0545 [INFO] "GET /account/user/details/ HTTP/1.1" 200 290
2024-06-21 00:37:26,647 +0545 [INFO] "GET /e-com/api/products/public/list/ HTTP/1.1" 200 722
2024-06-21 00:37:26,663 +0545 [INFO] "GET /account/user/details/ HTTP/1.1" 200 290
2024-06-21 00:37:26,663 +0545 [INFO] "GET /e-com/api/products/public/list/ HTTP/1.1" 200 722
2024-06-21 00:41:02,151 +0545 [INFO] "GET /e-com/api/products/public/list/ HTTP/1.1" 200 722
2024-06-21 00:41:02,154 +0545 [INFO] "GET /account/user/details/ HTTP/1.1" 200 290
2024-06-21 00:41:02,161 +0545 [INFO] "GET /e-com/api/products/public/list/ HTTP/1.1" 200 722
2024-06-21 00:41:02,163 +0545 [INFO] "GET /account/user/details/ HTTP/1.1" 200 290
2024-06-21 00:41:04,359 +0545 [INFO] "GET /account/user/details/ HTTP/1.1" 200 290
2024-06-21 00:41:04,392 +0545 [INFO] "GET /account/user/details/ HTTP/1.1" 200 290
2024-06-21 00:41:04,458 +0545 [INFO] "OPTIONS /account/seller-profile/1/ HTTP/1.1" 200 0
2024-06-21 00:41:04,469 +0545 [INFO] "GET /account/seller-profile/1/ HTTP/1.1" 200 198
2024-06-21 00:41:04,477 +0545 [INFO] "GET /media/seller/profile_images/images_2.jpeg HTTP/1.1" 304 0
2024-06-21 00:43:17,876 +0545 [INFO] "GET /e-com/api/products/public/list/ HTTP/1.1" 200 722
2024-06-21 00:43:17,907 +0545 [INFO] "GET /e-com/api/products/public/list/ HTTP/1.1" 200 722
2024-06-21 00:43:17,921 +0545 [INFO] "GET /e-com/api/products/public/list/ HTTP/1.1" 200 722
2024-06-21 00:43:17,923 +0545 [INFO] "GET /account/user/details/ HTTP/1.1" 200 290
2024-06-21 00:43:17,932 +0545 [INFO] "GET /e-com/api/products/public/list/ HTTP/1.1" 200 722
2024-06-21 00:43:17,934 +0545 [INFO] "GET /account/user/details/ HTTP/1.1" 200 290
2024-06-21 01:00:58,159 +0545 [INFO] "GET /e-com/api/products/public/list/ HTTP/1.1" 200 722
2024-06-21 01:00:58,164 +0545 [INFO] "GET /account/user/details/ HTTP/1.1" 200 290
2024-06-21 01:00:58,169 +0545 [INFO] "GET /e-com/api/products/public/list/ HTTP/1.1" 200 722
2024-06-21 01:00:58,173 +0545 [INFO] "GET /account/user/details/ HTTP/1.1" 200 290
2024-06-21 01:01:02,028 +0545 [INFO] "GET /account/user/details/ HTTP/1.1" 200 290
2024-06-21 01:01:02,078 +0545 [INFO] "GET /account/user/details/ HTTP/1.1" 200 290
2024-06-21 01:01:02,184 +0545 [INFO] "GET /account/seller-profile/1/ HTTP/1.1" 200 198
2024-06-21 01:01:12,562 +0545 [INFO] "OPTIONS /e-com/api/sellers/orders/ HTTP/1.1" 200 0
2024-06-21 01:01:12,567 +0545 [INFO] "OPTIONS /e-com/api/sellers/orders/ HTTP/1.1" 200 0
2024-06-21 01:01:12,569 +0545 [INFO] "GET /e-com/api/sellers/orders/ HTTP/1.1" 200 2
2024-06-21 01:01:12,575 +0545 [INFO] "GET /e-com/api/sellers/orders/ HTTP/1.1" 200 2
2024-06-21 01:01:14,082 +0545 [INFO] "GET /account/user/details/ HTTP/1.1" 200 290
2024-06-21 01:01:14,088 +0545 [INFO] "GET /account/user/details/ HTTP/1.1" 200 290
2024-06-21 01:01:14,110 +0545 [INFO] "GET /account/seller-profile/1/ HTTP/1.1" 200 198
2024-06-21 02:24:31,989 +0545 [INFO] Watching for file changes with StatReloader
2024-06-21 02:24:45,938 +0545 [INFO] "OPTIONS /account/user/details/ HTTP/1.1" 200 0
2024-06-21 02:24:45,941 +0545 [INFO] "OPTIONS /account/user/details/ HTTP/1.1" 200 0
2024-06-21 02:24:45,955 +0545 [INFO] "GET /e-com/api/products/public/list/ HTTP/1.1" 200 722
2024-06-21 02:24:45,961 +0545 [INFO] "GET /e-com/api/products/public/list/ HTTP/1.1" 200 722
2024-06-21 02:24:45,966 +0545 [INFO] "GET /e-com/api/products/public/list/ HTTP/1.1" 200 722
2024-06-21 02:24:45,971 +0545 [INFO] "GET /e-com/api/products/public/list/ HTTP/1.1" 200 722
2024-06-21 02:24:46,052 +0545 [INFO] "GET /media/seller/product_images/Untitled-design-2022-10-11T094010.795.jpg HTTP/1.1" 200 67256
2024-06-21 02:24:46,083 +0545 [INFO] "GET /account/user/details/ HTTP/1.1" 200 290
2024-06-21 02:24:46,092 +0545 [INFO] "GET /account/user/details/ HTTP/1.1" 200 290
2024-06-21 02:24:54,353 +0545 [INFO] "GET /account/user/details/ HTTP/1.1" 200 290
2024-06-21 02:24:54,385 +0545 [INFO] "GET /account/user/details/ HTTP/1.1" 200 290
2024-06-21 02:24:54,455 +0545 [INFO] "OPTIONS /account/seller-profile/1/ HTTP/1.1" 200 0
2024-06-21 02:24:54,462 +0545 [INFO] "GET /account/seller-profile/1/ HTTP/1.1" 200 198
2024-06-21 02:24:54,469 +0545 [INFO] "GET /media/seller/profile_images/images_2.jpeg HTTP/1.1" 200 4653
2024-06-21 02:24:58,732 +0545 [INFO] "GET /e-com/api/products/public/list/ HTTP/1.1" 200 722
2024-06-21 02:24:58,736 +0545 [INFO] "GET /account/user/details/ HTTP/1.1" 200 290
2024-06-21 02:24:58,740 +0545 [INFO] "GET /e-com/api/products/public/list/ HTTP/1.1" 200 722
2024-06-21 02:24:58,745 +0545 [INFO] "GET /account/user/details/ HTTP/1.1" 200 290
2024-06-21 02:26:52,018 +0545 [INFO] "GET /account/user/details/ HTTP/1.1" 200 290
2024-06-21 02:26:52,023 +0545 [INFO] "GET /account/user/details/ HTTP/1.1" 200 290
2024-06-21 02:26:52,064 +0545 [INFO] "GET /account/seller-profile/1/ HTTP/1.1" 200 198
2024-06-21 02:26:54,610 +0545 [INFO] "GET /e-com/api/products/public/list/ HTTP/1.1" 200 722
2024-06-21 02:26:54,626 +0545 [INFO] "GET /account/user/details/ HTTP/1.1" 200 290
2024-06-21 02:26:54,631 +0545 [INFO] "GET /e-com/api/products/public/list/ HTTP/1.1" 200 722
2024-06-21 02:26:54,636 +0545 [INFO] "GET /account/user/details/ HTTP/1.1" 200 290
2024-06-21 02:26:55,316 +0545 [INFO] "GET /e-com/api/products/public/list/ HTTP/1.1" 200 722
2024-06-21 02:26:55,316 +0545 [INFO] "GET /e-com/api/reviews/ HTTP/1.1" 200 2
2024-06-21 02:26:55,325 +0545 [INFO] "GET /e-com/api/products/public/list/ HTTP/1.1" 200 722
2024-06-21 02:26:55,326 +0545 [INFO] "GET /e-com/api/reviews/ HTTP/1.1" 200 2
2024-06-21 02:39:50,691 +0545 [INFO] "OPTIONS /account/user/profile/ HTTP/1.1" 200 0
2024-06-21 02:39:50,704 +0545 [INFO] "OPTIONS /account/user/profile/ HTTP/1.1" 200 0
2024-06-21 02:39:50,712 +0545 [INFO] "GET /account/user/profile/ HTTP/1.1" 200 510
2024-06-21 02:39:50,720 +0545 [INFO] "GET /account/user/profile/ HTTP/1.1" 200 510
2024-06-21 02:40:19,851 +0545 [INFO] "GET /account/user/profile/ HTTP/1.1" 200 510
2024-06-21 02:40:19,866 +0545 [INFO] "GET /account/user/profile/ HTTP/1.1" 200 510
2024-06-21 02:46:37,839 +0545 [INFO] "GET /e-com/api/products/public/list/ HTTP/1.1" 200 722
2024-06-21 02:46:37,843 +0545 [INFO] "GET /account/user/details/ HTTP/1.1" 200 290
2024-06-21 02:46:37,846 +0545 [INFO] "GET /e-com/api/products/public/list/ HTTP/1.1" 200 722
2024-06-21 02:46:37,850 +0545 [INFO] "GET /account/user/details/ HTTP/1.1" 200 290
2024-06-21 02:46:39,771 +0545 [INFO] "GET /e-com/api/reviews/ HTTP/1.1" 200 2
2024-06-21 02:46:39,772 +0545 [INFO] "GET /e-com/api/products/public/list/ HTTP/1.1" 200 722
2024-06-21 02:46:39,778 +0545 [INFO] "GET /e-com/api/products/public/list/ HTTP/1.1" 200 722
2024-06-21 02:46:39,780 +0545 [INFO] "GET /e-com/api/reviews/ HTTP/1.1" 200 2
2024-06-21 02:46:42,904 +0545 [INFO] "GET /media/seller/product_images/Untitled-design-2022-10-11T094010.795.jpg HTTP/1.1" 200 67256
2024-06-21 02:46:44,070 +0545 [INFO] "GET /e-com/api/products/public/list/ HTTP/1.1" 200 722
2024-06-21 02:46:44,083 +0545 [INFO] "GET /account/user/details/ HTTP/1.1" 200 290
2024-06-21 02:46:44,089 +0545 [INFO] "GET /e-com/api/products/public/list/ HTTP/1.1" 200 722
2024-06-21 02:46:44,093 +0545 [INFO] "GET /account/user/details/ HTTP/1.1" 200 290
2024-06-21 03:10:57,798 +0545 [INFO] "GET /e-com/api/products/public/list/ HTTP/1.1" 200 722
2024-06-21 03:10:57,822 +0545 [INFO] "OPTIONS /account/user/details/ HTTP/1.1" 200 0
2024-06-21 03:10:57,822 +0545 [INFO] "OPTIONS /account/user/details/ HTTP/1.1" 200 0
2024-06-21 03:10:57,832 +0545 [INFO] "GET /e-com/api/products/public/list/ HTTP/1.1" 200 722
2024-06-21 03:10:57,841 +0545 [INFO] "GET /e-com/api/products/public/list/ HTTP/1.1" 200 722
2024-06-21 03:10:57,841 +0545 [INFO] "GET /account/user/details/ HTTP/1.1" 200 290
2024-06-21 03:10:57,851 +0545 [INFO] "GET /e-com/api/products/public/list/ HTTP/1.1" 200 722
2024-06-21 03:10:57,851 +0545 [INFO] "GET /account/user/details/ HTTP/1.1" 200 290
2024-06-21 03:10:57,864 +0545 [INFO] "GET /media/seller/product_images/Untitled-design-2022-10-11T094010.795.jpg HTTP/1.1" 200 67256
2024-06-21 03:11:07,785 +0545 [INFO] "OPTIONS /account/user/profile/ HTTP/1.1" 200 0
2024-06-21 03:11:07,785 +0545 [INFO] "OPTIONS /account/user/profile/ HTTP/1.1" 200 0
2024-06-21 03:11:07,794 +0545 [INFO] "GET /account/user/profile/ HTTP/1.1" 200 510
2024-06-21 03:11:07,802 +0545 [INFO] "GET /account/user/profile/ HTTP/1.1" 200 510
2024-06-21 03:23:49,076 +0545 [INFO] "GET /account/user/profile/ HTTP/1.1" 200 510
2024-06-21 03:23:49,083 +0545 [INFO] "GET /account/user/profile/ HTTP/1.1" 200 510
2024-06-21 03:23:54,230 +0545 [INFO] "GET /account/user/profile/ HTTP/1.1" 200 510
2024-06-21 03:23:54,236 +0545 [INFO] "GET /account/user/profile/ HTTP/1.1" 200 510
2024-06-21 03:26:49,315 +0545 [INFO] "GET /e-com/api/products/public/list/ HTTP/1.1" 200 722
2024-06-21 03:26:49,322 +0545 [INFO] "GET /account/user/details/ HTTP/1.1" 200 290
2024-06-21 03:26:49,323 +0545 [INFO] "GET /e-com/api/products/public/list/ HTTP/1.1" 200 722
2024-06-21 03:26:49,328 +0545 [INFO] "GET /account/user/details/ HTTP/1.1" 200 290
2024-06-21 03:36:17,704 +0545 [INFO] "GET /e-com/api/products/public/list/ HTTP/1.1" 200 722
2024-06-21 03:36:17,708 +0545 [INFO] "GET /account/user/details/ HTTP/1.1" 200 290
2024-06-21 03:36:17,713 +0545 [INFO] "GET /e-com/api/products/public/list/ HTTP/1.1" 200 722
2024-06-21 03:36:17,716 +0545 [INFO] "GET /account/user/details/ HTTP/1.1" 200 290
2024-06-21 03:36:20,118 +0545 [INFO] "GET /e-com/api/reviews/ HTTP/1.1" 200 2
2024-06-21 03:36:20,121 +0545 [INFO] "GET /e-com/api/products/public/list/ HTTP/1.1" 200 722
2024-06-21 03:36:20,130 +0545 [INFO] "GET /e-com/api/products/public/list/ HTTP/1.1" 200 722
2024-06-21 03:36:20,131 +0545 [INFO] "GET /e-com/api/reviews/ HTTP/1.1" 200 2
2024-06-21 03:36:20,133 +0545 [INFO] "GET /media/seller/profile_images/images_2.jpeg HTTP/1.1" 200 4653
2024-06-21 03:36:22,759 +0545 [INFO] "GET /media/seller/product_images/Untitled-design-2022-10-11T094010.795.jpg HTTP/1.1" 200 67256
2024-06-21 03:36:52,052 +0545 [INFO] "GET /e-com/api/reviews/ HTTP/1.1" 200 2
2024-06-21 03:36:52,084 +0545 [INFO] "GET /e-com/api/products/public/list/ HTTP/1.1" 200 722
2024-06-21 03:36:52,084 +0545 [INFO] "GET /e-com/api/reviews/ HTTP/1.1" 200 2
2024-06-21 03:36:52,089 +0545 [INFO] "GET /e-com/api/products/public/list/ HTTP/1.1" 200 722
2024-06-21 03:37:13,997 +0545 [INFO] "GET /account/user/details/ HTTP/1.1" 200 290
2024-06-21 03:37:14,033 +0545 [INFO] "GET /account/user/details/ HTTP/1.1" 200 290
2024-06-21 03:37:14,095 +0545 [INFO] "OPTIONS /account/seller-profile/1/ HTTP/1.1" 200 0
2024-06-21 03:37:14,101 +0545 [INFO] "GET /account/seller-profile/1/ HTTP/1.1" 200 198
2024-06-21 03:37:16,873 +0545 [INFO] "GET /e-com/api/categories/list/ HTTP/1.1" 200 82
2024-06-21 03:37:16,880 +0545 [INFO] "GET /account/user/details/ HTTP/1.1" 200 290
2024-06-21 03:37:16,880 +0545 [INFO] "GET /e-com/api/categories/list/ HTTP/1.1" 200 82
2024-06-21 03:37:16,886 +0545 [INFO] "GET /account/user/details/ HTTP/1.1" 200 290
2024-06-21 03:37:18,350 +0545 [INFO] "GET /account/user/details/ HTTP/1.1" 200 290
2024-06-21 03:37:18,356 +0545 [INFO] "GET /account/user/details/ HTTP/1.1" 200 290
2024-06-21 03:37:18,386 +0545 [INFO] "GET /account/seller-profile/1/ HTTP/1.1" 200 198
2024-06-21 03:37:19,501 +0545 [INFO] "OPTIONS /e-com/api/seller/products/list/ HTTP/1.1" 200 0
2024-06-21 03:37:19,502 +0545 [INFO] "OPTIONS /e-com/api/seller/products/list/ HTTP/1.1" 200 0
2024-06-21 03:37:19,505 +0545 [INFO] "OPTIONS /e-com/api/seller/products/list/ HTTP/1.1" 200 0
2024-06-21 03:37:19,505 +0545 [INFO] "OPTIONS /e-com/api/seller/products/list/ HTTP/1.1" 200 0
2024-06-21 03:37:19,509 +0545 [INFO] "GET /e-com/api/seller/products/list/ HTTP/1.1" 200 704
2024-06-21 03:37:19,515 +0545 [INFO] "GET /e-com/api/seller/products/list/ HTTP/1.1" 200 704
2024-06-21 03:37:19,522 +0545 [INFO] "GET /e-com/api/seller/products/list/ HTTP/1.1" 200 704
2024-06-21 03:37:19,526 +0545 [INFO] "GET /e-com/api/seller/products/list/ HTTP/1.1" 200 704
2024-06-21 03:37:21,487 +0545 [INFO] "GET /account/user/details/ HTTP/1.1" 200 290
2024-06-21 03:37:21,494 +0545 [INFO] "GET /account/user/details/ HTTP/1.1" 200 290
2024-06-21 03:37:21,520 +0545 [INFO] "GET /account/seller-profile/1/ HTTP/1.1" 200 198
2024-06-21 03:37:22,347 +0545 [INFO] "OPTIONS /e-com/api/sellers/orders/ HTTP/1.1" 200 0
2024-06-21 03:37:22,347 +0545 [INFO] "OPTIONS /e-com/api/sellers/orders/ HTTP/1.1" 200 0
2024-06-21 03:37:22,353 +0545 [INFO] "GET /e-com/api/sellers/orders/ HTTP/1.1" 200 2
2024-06-21 03:37:22,358 +0545 [INFO] "GET /e-com/api/sellers/orders/ HTTP/1.1" 200 2
2024-06-21 03:37:24,993 +0545 [INFO] "GET /account/user/details/ HTTP/1.1" 200 290
2024-06-21 03:37:24,999 +0545 [INFO] "GET /account/user/details/ HTTP/1.1" 200 290
2024-06-21 03:37:25,020 +0545 [INFO] "GET /account/seller-profile/1/ HTTP/1.1" 200 198
2024-06-21 03:37:26,742 +0545 [INFO] "GET /e-com/api/products/public/list/ HTTP/1.1" 200 722
2024-06-21 03:37:26,749 +0545 [INFO] "GET /account/user/details/ HTTP/1.1" 200 290
2024-06-21 03:37:26,754 +0545 [INFO] "GET /e-com/api/products/public/list/ HTTP/1.1" 200 722
2024-06-21 03:37:26,758 +0545 [INFO] "GET /account/user/details/ HTTP/1.1" 200 290
2024-06-21 03:37:30,475 +0545 [INFO] "GET /e-com/api/products/public/list/ HTTP/1.1" 200 722
2024-06-21 03:37:30,483 +0545 [INFO] "GET /account/user/details/ HTTP/1.1" 200 290
2024-06-21 03:37:30,483 +0545 [INFO] "GET /e-com/api/products/public/list/ HTTP/1.1" 200 722
2024-06-21 03:37:30,490 +0545 [INFO] "GET /account/user/details/ HTTP/1.1" 200 290
2024-06-21 03:41:29,169 +0545 [INFO] "GET /e-com/api/products/public/list/ HTTP/1.1" 200 722
2024-06-21 03:41:29,172 +0545 [INFO] "GET /account/user/details/ HTTP/1.1" 200 290
2024-06-21 03:41:29,178 +0545 [INFO] "GET /e-com/api/products/public/list/ HTTP/1.1" 200 722
2024-06-21 03:41:29,180 +0545 [INFO] "GET /account/user/details/ HTTP/1.1" 200 290
2024-06-21 03:41:32,003 +0545 [INFO] "GET /e-com/api/products/public/list/ HTTP/1.1" 200 722
2024-06-21 03:41:32,008 +0545 [INFO] "GET /account/user/details/ HTTP/1.1" 200 290
2024-06-21 03:41:32,015 +0545 [INFO] "GET /e-com/api/products/public/list/ HTTP/1.1" 200 722
2024-06-21 03:41:32,016 +0545 [INFO] "GET /account/user/details/ HTTP/1.1" 200 290
2024-06-21 03:42:11,245 +0545 [INFO] "GET /e-com/api/products/public/list/ HTTP/1.1" 200 722
2024-06-21 03:42:11,249 +0545 [INFO] "GET /account/user/details/ HTTP/1.1" 200 290
2024-06-21 03:42:11,252 +0545 [INFO] "GET /e-com/api/products/public/list/ HTTP/1.1" 200 722
2024-06-21 03:42:11,256 +0545 [INFO] "GET /account/user/details/ HTTP/1.1" 200 290
2024-06-21 03:42:14,987 +0545 [INFO] "GET /e-com/api/products/public/list/ HTTP/1.1" 200 722
2024-06-21 03:42:14,993 +0545 [INFO] "GET /account/user/details/ HTTP/1.1" 200 290
2024-06-21 03:42:14,994 +0545 [INFO] "GET /e-com/api/products/public/list/ HTTP/1.1" 200 722
2024-06-21 03:42:15,006 +0545 [INFO] "GET /account/user/details/ HTTP/1.1" 200 290
2024-06-21 03:42:16,527 +0545 [INFO] "GET /e-com/api/reviews/ HTTP/1.1" 200 2
2024-06-21 03:42:16,533 +0545 [INFO] "GET /e-com/api/products/public/list/ HTTP/1.1" 200 722
2024-06-21 03:42:16,539 +0545 [INFO] "GET /e-com/api/reviews/ HTTP/1.1" 200 2
2024-06-21 03:42:16,542 +0545 [INFO] "GET /e-com/api/products/public/list/ HTTP/1.1" 200 722
2024-06-21 03:42:21,812 +0545 [INFO] "GET /e-com/api/products/public/list/ HTTP/1.1" 200 722
2024-06-21 03:42:21,823 +0545 [INFO] "GET /e-com/api/products/public/list/ HTTP/1.1" 200 722
2024-06-21 03:42:21,823 +0545 [INFO] "GET /account/user/details/ HTTP/1.1" 200 290
2024-06-21 03:42:21,829 +0545 [INFO] "GET /account/user/details/ HTTP/1.1" 200 290
2024-06-21 03:42:24,686 +0545 [INFO] "GET /e-com/api/products/public/list/?category=Mobile%20Phones HTTP/1.1" 200 722
2024-06-21 03:42:24,693 +0545 [INFO] "GET /e-com/api/products/public/list/?category=Mobile%20Phones HTTP/1.1" 200 722
2024-06-21 03:42:26,402 +0545 [INFO] "GET /e-com/api/products/public/list/ HTTP/1.1" 200 722
2024-06-21 03:42:26,411 +0545 [INFO] "GET /account/user/details/ HTTP/1.1" 200 290
2024-06-21 03:42:26,411 +0545 [INFO] "GET /e-com/api/products/public/list/ HTTP/1.1" 200 722
2024-06-21 03:42:26,418 +0545 [INFO] "GET /account/user/details/ HTTP/1.1" 200 290
2024-06-21 03:42:36,022 +0545 [INFO] "GET /e-com/api/products/public/list/ HTTP/1.1" 200 722
2024-06-21 03:42:36,049 +0545 [INFO] "GET /e-com/api/products/public/list/ HTTP/1.1" 200 722
2024-06-21 03:42:36,056 +0545 [INFO] "GET /account/user/details/ HTTP/1.1" 200 290
2024-06-21 03:42:36,056 +0545 [INFO] "GET /e-com/api/products/public/list/ HTTP/1.1" 200 722
2024-06-21 03:42:36,062 +0545 [INFO] "GET /e-com/api/products/public/list/ HTTP/1.1" 200 722
2024-06-21 03:42:36,065 +0545 [INFO] "GET /account/user/details/ HTTP/1.1" 200 290
2024-06-21 03:42:50,353 +0545 [INFO] "GET /account/user/details/ HTTP/1.1" 200 290
2024-06-21 03:42:50,362 +0545 [INFO] "GET /account/user/details/ HTTP/1.1" 200 290
2024-06-21 03:42:50,428 +0545 [INFO] "GET /account/seller-profile/1/ HTTP/1.1" 200 198
2024-06-21 03:42:53,221 +0545 [INFO] "GET /e-com/api/products/public/list/ HTTP/1.1" 200 722
2024-06-21 03:42:53,231 +0545 [INFO] "GET /e-com/api/products/public/list/ HTTP/1.1" 200 722
2024-06-21 03:43:40,436 +0545 [INFO] "GET /e-com/api/products/public/list/ HTTP/1.1" 200 722
2024-06-21 03:43:40,443 +0545 [INFO] "GET /e-com/api/products/public/list/ HTTP/1.1" 200 722
2024-06-21 03:43:42,843 +0545 [INFO] "GET /e-com/api/products/public/list/ HTTP/1.1" 200 722
2024-06-21 03:43:42,848 +0545 [INFO] "GET /e-com/api/products/public/list/ HTTP/1.1" 200 722
2024-06-21 03:44:07,180 +0545 [INFO] "GET /e-com/api/products/public/list/ HTTP/1.1" 200 722
2024-06-21 03:44:07,186 +0545 [INFO] "GET /e-com/api/products/public/list/ HTTP/1.1" 200 722
2024-06-21 03:44:18,500 +0545 [INFO] "GET /e-com/api/reviews/ HTTP/1.1" 200 2
2024-06-21 03:44:18,500 +0545 [INFO] "GET /e-com/api/products/public/list/ HTTP/1.1" 200 722
2024-06-21 03:44:18,512 +0545 [INFO] "GET /e-com/api/products/public/list/ HTTP/1.1" 200 722
2024-06-21 03:44:18,514 +0545 [INFO] "GET /e-com/api/reviews/ HTTP/1.1" 200 2
2024-06-21 03:44:23,272 +0545 [INFO] "GET /e-com/api/products/public/list/ HTTP/1.1" 200 722
2024-06-21 03:44:23,279 +0545 [INFO] "GET /e-com/api/products/public/list/ HTTP/1.1" 200 722
2024-06-21 03:45:39,293 +0545 [INFO] "GET /e-com/api/products/public/list/ HTTP/1.1" 200 722
2024-06-21 03:45:39,297 +0545 [INFO] "GET /e-com/api/products/public/list/ HTTP/1.1" 200 722
2024-06-21 03:45:52,554 +0545 [INFO] "GET /e-com/api/reviews/ HTTP/1.1" 200 2
2024-06-21 03:45:52,559 +0545 [INFO] "GET /e-com/api/products/public/list/ HTTP/1.1" 200 722
2024-06-21 03:45:52,564 +0545 [INFO] "GET /e-com/api/reviews/ HTTP/1.1" 200 2
2024-06-21 03:45:52,568 +0545 [INFO] "GET /e-com/api/products/public/list/ HTTP/1.1" 200 722
2024-06-21 03:45:56,364 +0545 [INFO] "GET /e-com/api/products/public/list/ HTTP/1.1" 200 722
2024-06-21 03:45:56,371 +0545 [INFO] "GET /e-com/api/products/public/list/ HTTP/1.1" 200 722
2024-06-21 03:46:04,683 +0545 [INFO] "OPTIONS /account/auth/login/ HTTP/1.1" 200 0
2024-06-21 03:46:05,027 +0545 [INFO] "POST /account/auth/login/ HTTP/1.1" 200 483
2024-06-21 03:46:05,089 +0545 [INFO] "GET /e-com/api/products/public/list/ HTTP/1.1" 200 722
2024-06-21 03:46:05,101 +0545 [INFO] "GET /e-com/api/products/public/list/ HTTP/1.1" 200 722
2024-06-21 03:46:05,101 +0545 [INFO] "GET /account/user/details/ HTTP/1.1" 200 288
2024-06-21 03:46:05,107 +0545 [INFO] "GET /account/user/details/ HTTP/1.1" 200 288
2024-06-21 03:46:09,047 +0545 [INFO] "GET /e-com/api/products/public/list/ HTTP/1.1" 200 722
2024-06-21 03:46:09,056 +0545 [INFO] "GET /e-com/api/products/public/list/ HTTP/1.1" 200 722
2024-06-21 03:46:09,058 +0545 [INFO] "GET /account/user/details/ HTTP/1.1" 200 288
2024-06-21 03:46:09,063 +0545 [INFO] "GET /account/user/details/ HTTP/1.1" 200 288
2024-06-21 03:46:12,780 +0545 [INFO] "GET /account/user/details/ HTTP/1.1" 200 288
2024-06-21 03:46:12,789 +0545 [INFO] "OPTIONS /account/buyer-profile/2/ HTTP/1.1" 200 0
2024-06-21 03:46:12,791 +0545 [INFO] "GET /account/user/details/ HTTP/1.1" 200 288
2024-06-21 03:46:12,793 +0545 [INFO] "GET /account/buyer-profile/2/ HTTP/1.1" 200 93
2024-06-21 03:46:45,824 +0545 [INFO] "PUT /account/buyer-profile/2/ HTTP/1.1" 200 212
2024-06-21 03:46:47,826 +0545 [INFO] "GET /account/user/details/ HTTP/1.1" 200 288
2024-06-21 03:46:47,831 +0545 [INFO] "GET /account/user/details/ HTTP/1.1" 200 288
2024-06-21 03:46:47,845 +0545 [INFO] "GET /account/buyer-profile/2/ HTTP/1.1" 200 212
2024-06-21 03:46:47,851 +0545 [INFO] "GET /media/user/profile_images/two-people-are-talking-with-each-other-and-the-question-mark-above-_7NZkHea.jpeg HTTP/1.1" 200 151999
2024-06-21 03:46:49,548 +0545 [INFO] "OPTIONS /e-com/api/orders/ HTTP/1.1" 200 0
2024-06-21 03:46:49,548 +0545 [INFO] "OPTIONS /e-com/api/orders/ HTTP/1.1" 200 0
2024-06-21 03:46:49,556 +0545 [INFO] "GET /e-com/api/orders/ HTTP/1.1" 200 2
2024-06-21 03:46:49,559 +0545 [INFO] "GET /e-com/api/orders/ HTTP/1.1" 200 2
2024-06-21 03:46:51,276 +0545 [INFO] "OPTIONS /e-com/api/reviews/create/ HTTP/1.1" 200 0
2024-06-21 03:46:51,276 +0545 [INFO] "OPTIONS /e-com/api/reviews/create/ HTTP/1.1" 200 0
2024-06-21 03:46:51,287 +0545 [INFO] "GET /e-com/api/reviews/create/ HTTP/1.1" 200 2
2024-06-21 03:46:51,291 +0545 [INFO] "GET /e-com/api/reviews/create/ HTTP/1.1" 200 2
2024-06-21 03:46:52,941 +0545 [INFO] "GET /e-com/api/products/public/list/ HTTP/1.1" 200 722
2024-06-21 03:46:52,951 +0545 [INFO] "GET /account/user/details/ HTTP/1.1" 200 288
2024-06-21 03:46:52,954 +0545 [INFO] "GET /e-com/api/products/public/list/ HTTP/1.1" 200 722
2024-06-21 03:46:52,959 +0545 [INFO] "GET /account/user/details/ HTTP/1.1" 200 288
2024-06-21 03:47:16,784 +0545 [INFO] "GET /e-com/api/products/public/list/ HTTP/1.1" 200 722
2024-06-21 03:47:16,792 +0545 [INFO] "GET /account/user/details/ HTTP/1.1" 200 288
2024-06-21 03:47:16,800 +0545 [INFO] "GET /e-com/api/products/public/list/ HTTP/1.1" 200 722
2024-06-21 03:47:16,803 +0545 [INFO] "GET /account/user/details/ HTTP/1.1" 200 288
2024-06-21 03:47:20,124 +0545 [INFO] "GET /account/user/details/ HTTP/1.1" 200 288
2024-06-21 03:47:20,143 +0545 [INFO] "GET /account/user/details/ HTTP/1.1" 200 288
2024-06-21 03:47:20,144 +0545 [INFO] "GET /account/buyer-profile/2/ HTTP/1.1" 200 212
2024-06-21 03:47:20,150 +0545 [INFO] "GET /media/user/profile_images/two-people-are-talking-with-each-other-and-the-question-mark-above-_7NZkHea.jpeg HTTP/1.1" 304 0
2024-06-21 03:47:45,284 +0545 [INFO] "GET /e-com/api/orders/ HTTP/1.1" 200 2
2024-06-21 03:47:45,289 +0545 [INFO] "GET /e-com/api/orders/ HTTP/1.1" 200 2
2024-06-21 03:47:47,043 +0545 [INFO] "GET /e-com/api/reviews/create/ HTTP/1.1" 200 2
2024-06-21 03:47:47,046 +0545 [INFO] "GET /e-com/api/reviews/create/ HTTP/1.1" 200 2
2024-06-21 03:47:47,924 +0545 [INFO] "GET /e-com/api/products/public/list/ HTTP/1.1" 200 722
2024-06-21 03:47:47,932 +0545 [INFO] "GET /e-com/api/products/public/list/ HTTP/1.1" 200 722
2024-06-21 03:47:47,933 +0545 [INFO] "GET /account/user/details/ HTTP/1.1" 200 288
2024-06-21 03:47:47,939 +0545 [INFO] "GET /account/user/details/ HTTP/1.1" 200 288
2024-06-21 03:47:49,870 +0545 [INFO] "GET /account/user/details/ HTTP/1.1" 200 288
2024-06-21 03:47:49,882 +0545 [INFO] "GET /account/user/details/ HTTP/1.1" 200 288
2024-06-21 03:47:49,884 +0545 [INFO] "GET /account/buyer-profile/2/ HTTP/1.1" 200 212
2024-06-21 03:47:49,890 +0545 [INFO] "GET /media/user/profile_images/two-people-are-talking-with-each-other-and-the-question-mark-above-_7NZkHea.jpeg HTTP/1.1" 304 0
2024-06-21 03:47:54,225 +0545 [INFO] "GET /e-com/api/products/public/list/ HTTP/1.1" 200 722
2024-06-21 03:47:54,228 +0545 [INFO] "GET /account/user/details/ HTTP/1.1" 200 288
2024-06-21 03:47:54,230 +0545 [INFO] "GET /e-com/api/products/public/list/ HTTP/1.1" 200 722
2024-06-21 03:47:54,237 +0545 [INFO] "GET /account/user/details/ HTTP/1.1" 200 288
2024-06-21 03:47:55,867 +0545 [INFO] "GET /e-com/api/reviews/ HTTP/1.1" 200 2
2024-06-21 03:47:55,871 +0545 [INFO] "GET /e-com/api/products/public/list/ HTTP/1.1" 200 722
2024-06-21 03:47:55,877 +0545 [INFO] "GET /e-com/api/reviews/ HTTP/1.1" 200 2
2024-06-21 03:47:55,880 +0545 [INFO] "GET /e-com/api/products/public/list/ HTTP/1.1" 200 722
2024-06-21 03:48:08,388 +0545 [INFO] "GET /account/user/profile/ HTTP/1.1" 200 518
2024-06-21 03:48:08,396 +0545 [INFO] "GET /account/user/profile/ HTTP/1.1" 200 518
2024-06-21 03:48:10,854 +0545 [INFO] "POST /e-com/api/orders/ HTTP/1.1" 201 678
2024-06-21 03:48:15,934 +0545 [INFO] "GET /e-com/api/products/public/list/ HTTP/1.1" 200 722
2024-06-21 03:48:15,936 +0545 [INFO] "GET /account/user/details/ HTTP/1.1" 200 288
2024-06-21 03:48:15,941 +0545 [INFO] "GET /e-com/api/products/public/list/ HTTP/1.1" 200 722
2024-06-21 03:48:15,945 +0545 [INFO] "GET /account/user/details/ HTTP/1.1" 200 288
2024-06-21 03:48:19,887 +0545 [INFO] "GET /account/user/details/ HTTP/1.1" 200 288
2024-06-21 03:48:19,898 +0545 [INFO] "GET /account/user/details/ HTTP/1.1" 200 288
2024-06-21 03:48:19,900 +0545 [INFO] "GET /account/buyer-profile/2/ HTTP/1.1" 200 212
2024-06-21 03:48:19,906 +0545 [INFO] "GET /media/user/profile_images/two-people-are-talking-with-each-other-and-the-question-mark-above-_7NZkHea.jpeg HTTP/1.1" 304 0
2024-06-21 03:48:20,867 +0545 [INFO] "GET /e-com/api/orders/ HTTP/1.1" 200 680
2024-06-21 03:48:20,873 +0545 [INFO] "GET /e-com/api/orders/ HTTP/1.1" 200 680
2024-06-21 03:48:23,497 +0545 [INFO] "GET /e-com/api/reviews/create/ HTTP/1.1" 200 2
2024-06-21 03:48:23,502 +0545 [INFO] "GET /e-com/api/reviews/create/ HTTP/1.1" 200 2
2024-06-21 03:48:27,137 +0545 [INFO] "GET /e-com/api/products/public/list/ HTTP/1.1" 200 722
2024-06-21 03:48:27,144 +0545 [INFO] "GET /account/user/details/ HTTP/1.1" 200 288
2024-06-21 03:48:27,149 +0545 [INFO] "GET /e-com/api/products/public/list/ HTTP/1.1" 200 722
2024-06-21 03:48:27,153 +0545 [INFO] "GET /account/user/details/ HTTP/1.1" 200 288
2024-06-21 03:48:29,422 +0545 [INFO] "GET /e-com/api/products/public/list/ HTTP/1.1" 200 722
2024-06-21 03:48:29,425 +0545 [INFO] "GET /e-com/api/reviews/ HTTP/1.1" 200 2
2024-06-21 03:48:29,432 +0545 [INFO] "GET /e-com/api/products/public/list/ HTTP/1.1" 200 722
2024-06-21 03:48:29,434 +0545 [INFO] "GET /e-com/api/reviews/ HTTP/1.1" 200 2
2024-06-21 03:48:31,093 +0545 [INFO] "GET /e-com/api/products/public/list/ HTTP/1.1" 200 722
2024-06-21 03:48:31,099 +0545 [INFO] "GET /account/user/details/ HTTP/1.1" 200 288
2024-06-21 03:48:31,103 +0545 [INFO] "GET /e-com/api/products/public/list/ HTTP/1.1" 200 722
2024-06-21 03:48:31,108 +0545 [INFO] "GET /account/user/details/ HTTP/1.1" 200 288
