2024-07-09 00:49:08,446 +0545 [INFO] Watching for file changes with StatReloader
2024-07-09 00:49:37,157 +0545 [INFO] "OPTIONS /account/user/profile/ HTTP/1.1" 200 0
2024-07-09 00:49:37,158 +0545 [INFO] "OPTIONS /account/user/profile/ HTTP/1.1" 200 0
2024-07-09 00:49:37,264 +0545 [WARNING] Unauthorized: /account/user/profile/
2024-07-09 00:49:37,266 +0545 [WARNING] "GET /account/user/profile/ HTTP/1.1" 401 183
2024-07-09 00:49:37,271 +0545 [WARNING] Unauthorized: /account/user/profile/
2024-07-09 00:49:37,271 +0545 [WARNING] "GET /account/user/profile/ HTTP/1.1" 401 183
2024-07-09 00:49:37,284 +0545 [INFO] "GET /e-com/api/products/public/list/ HTTP/1.1" 200 4903
2024-07-09 00:49:37,297 +0545 [WARNING] Unauthorized: /account/user/profile/
2024-07-09 00:49:37,301 +0545 [WARNING] "GET /account/user/profile/ HTTP/1.1" 401 183
2024-07-09 00:49:37,303 +0545 [WARNING] Unauthorized: /account/user/profile/
2024-07-09 00:49:37,305 +0545 [INFO] "OPTIONS /account/user/details/ HTTP/1.1" 200 0
2024-07-09 00:49:37,309 +0545 [INFO] "OPTIONS /account/user/details/ HTTP/1.1" 200 0
2024-07-09 00:49:37,309 +0545 [WARNING] "GET /account/user/profile/ HTTP/1.1" 401 183
2024-07-09 00:49:37,313 +0545 [WARNING] Unauthorized: /account/user/details/
2024-07-09 00:49:37,315 +0545 [WARNING] Unauthorized: /account/user/profile/
2024-07-09 00:49:37,322 +0545 [INFO] "GET /e-com/api/products/public/list/ HTTP/1.1" 200 4903
2024-07-09 00:49:37,322 +0545 [WARNING] "GET /account/user/details/ HTTP/1.1" 401 183
2024-07-09 00:49:37,326 +0545 [WARNING] Unauthorized: /account/user/profile/
2024-07-09 00:49:37,326 +0545 [WARNING] "GET /account/user/profile/ HTTP/1.1" 401 183
2024-07-09 00:49:37,327 +0545 [WARNING] Unauthorized: /account/user/details/
2024-07-09 00:49:37,330 +0545 [WARNING] "GET /account/user/profile/ HTTP/1.1" 401 183
2024-07-09 00:49:37,331 +0545 [WARNING] "GET /account/user/details/ HTTP/1.1" 401 183
2024-07-09 00:49:37,336 +0545 [INFO] "GET /e-com/api/products/public/list/ HTTP/1.1" 200 4903
2024-07-09 00:49:37,343 +0545 [INFO] "GET /e-com/api/products/public/list/ HTTP/1.1" 200 4903
2024-07-09 00:49:37,404 +0545 [INFO] "GET /media/seller/product_images/Untitled-design-2022-10-11T094010.795.jpg HTTP/1.1" 200 67256
2024-07-09 00:49:37,407 +0545 [INFO] "GET /media/seller/product_images/IMG_0415.webp HTTP/1.1" 200 512346
2024-07-09 00:49:45,397 +0545 [WARNING] Unauthorized: /account/user/profile/
2024-07-09 00:49:45,399 +0545 [WARNING] Unauthorized: /account/user/details/
2024-07-09 00:49:45,400 +0545 [WARNING] "GET /account/user/profile/ HTTP/1.1" 401 183
2024-07-09 00:49:45,400 +0545 [WARNING] "GET /account/user/details/ HTTP/1.1" 401 183
2024-07-09 00:49:45,403 +0545 [WARNING] Unauthorized: /account/user/profile/
2024-07-09 00:49:45,404 +0545 [WARNING] Unauthorized: /account/user/details/
2024-07-09 00:49:45,408 +0545 [WARNING] "GET /account/user/profile/ HTTP/1.1" 401 183
2024-07-09 00:49:45,409 +0545 [WARNING] "GET /account/user/details/ HTTP/1.1" 401 183
2024-07-09 00:49:48,718 +0545 [INFO] "GET /e-com/api/products/public/list/ HTTP/1.1" 200 4903
2024-07-09 00:49:48,722 +0545 [INFO] "GET /e-com/api/products/public/list/ HTTP/1.1" 200 4903
2024-07-09 00:49:53,388 +0545 [INFO] "OPTIONS /account/auth/login/ HTTP/1.1" 200 0
2024-07-09 00:49:53,696 +0545 [WARNING] Unauthorized: /account/auth/login/
2024-07-09 00:49:53,696 +0545 [WARNING] "POST /account/auth/login/ HTTP/1.1" 401 63
2024-07-09 00:49:59,616 +0545 [INFO] "POST /account/auth/login/ HTTP/1.1" 200 483
2024-07-09 00:49:59,683 +0545 [INFO] "GET /e-com/api/products/public/list/ HTTP/1.1" 200 4903
2024-07-09 00:49:59,688 +0545 [INFO] "GET /account/user/details/ HTTP/1.1" 200 290
2024-07-09 00:49:59,697 +0545 [INFO] "GET /account/user/profile/ HTTP/1.1" 200 510
2024-07-09 00:49:59,699 +0545 [INFO] "GET /e-com/api/products/public/list/ HTTP/1.1" 200 4903
2024-07-09 00:49:59,709 +0545 [INFO] "GET /account/user/details/ HTTP/1.1" 200 290
2024-07-09 00:49:59,715 +0545 [INFO] "GET /account/user/profile/ HTTP/1.1" 200 510
2024-07-09 00:49:59,723 +0545 [INFO] "GET /account/user/profile/ HTTP/1.1" 200 510
2024-07-09 00:49:59,731 +0545 [INFO] "GET /account/user/profile/ HTTP/1.1" 200 510
2024-07-09 00:49:59,744 +0545 [INFO] "GET /media/seller/profile_images/images_2.jpeg HTTP/1.1" 200 4653
2024-07-09 00:50:01,553 +0545 [INFO] "GET /account/user/profile/ HTTP/1.1" 200 510
2024-07-09 00:50:01,559 +0545 [INFO] "GET /account/user/profile/ HTTP/1.1" 200 510
2024-07-09 00:50:01,566 +0545 [INFO] "GET /account/user/profile/ HTTP/1.1" 200 510
2024-07-09 00:50:01,587 +0545 [INFO] "GET /account/user/profile/ HTTP/1.1" 200 510
2024-07-09 00:50:01,596 +0545 [INFO] "GET /e-com/api/products/public/list/ HTTP/1.1" 200 4903
2024-07-09 00:50:01,602 +0545 [INFO] "GET /account/user/details/ HTTP/1.1" 200 290
2024-07-09 00:50:01,608 +0545 [INFO] "GET /e-com/api/products/public/list/ HTTP/1.1" 200 4903
2024-07-09 00:50:01,612 +0545 [INFO] "GET /account/user/details/ HTTP/1.1" 200 290
2024-07-09 00:50:04,886 +0545 [INFO] "GET /account/user/details/ HTTP/1.1" 200 290
2024-07-09 00:50:04,887 +0545 [INFO] "GET /account/user/profile/ HTTP/1.1" 200 510
2024-07-09 00:50:04,927 +0545 [INFO] "GET /account/user/details/ HTTP/1.1" 200 290
2024-07-09 00:50:04,928 +0545 [INFO] "GET /account/user/profile/ HTTP/1.1" 200 510
2024-07-09 00:50:05,004 +0545 [INFO] "OPTIONS /account/seller-profile/1/ HTTP/1.1" 200 0
2024-07-09 00:50:05,017 +0545 [INFO] "GET /account/seller-profile/1/ HTTP/1.1" 200 198
2024-07-09 00:50:05,028 +0545 [INFO] "GET /media/seller/profile_images/images_2.jpeg HTTP/1.1" 200 4653
2024-07-09 00:50:10,357 +0545 [INFO] "GET /e-com/api/products/public/list/ HTTP/1.1" 200 4903
2024-07-09 00:50:10,362 +0545 [INFO] "GET /e-com/api/products/public/list/ HTTP/1.1" 200 4903
2024-07-09 00:50:22,590 +0545 [INFO] "POST /account/auth/login/ HTTP/1.1" 200 483
2024-07-09 00:50:22,661 +0545 [INFO] "GET /e-com/api/products/public/list/ HTTP/1.1" 200 4903
2024-07-09 00:50:22,667 +0545 [INFO] "GET /account/user/details/ HTTP/1.1" 200 288
2024-07-09 00:50:22,677 +0545 [INFO] "GET /e-com/api/products/public/list/ HTTP/1.1" 200 4903
2024-07-09 00:50:22,680 +0545 [INFO] "GET /account/user/profile/ HTTP/1.1" 200 449
2024-07-09 00:50:22,682 +0545 [INFO] "GET /account/user/details/ HTTP/1.1" 200 288
2024-07-09 00:50:22,690 +0545 [INFO] "GET /account/user/profile/ HTTP/1.1" 200 449
2024-07-09 00:50:22,698 +0545 [INFO] "GET /account/user/profile/ HTTP/1.1" 200 449
2024-07-09 00:50:22,705 +0545 [INFO] "GET /account/user/profile/ HTTP/1.1" 200 449
2024-07-09 00:50:22,725 +0545 [INFO] "GET /media/user/profile_images/images.jpeg HTTP/1.1" 200 7438
2024-07-09 00:50:24,842 +0545 [INFO] "GET /account/user/details/ HTTP/1.1" 200 288
2024-07-09 00:50:24,844 +0545 [INFO] "GET /account/user/profile/ HTTP/1.1" 200 449
2024-07-09 00:50:24,854 +0545 [INFO] "OPTIONS /account/buyer-profile/2/ HTTP/1.1" 200 0
2024-07-09 00:50:24,854 +0545 [INFO] "GET /account/user/profile/ HTTP/1.1" 200 449
2024-07-09 00:50:24,857 +0545 [INFO] "GET /account/user/details/ HTTP/1.1" 200 288
2024-07-09 00:50:24,859 +0545 [INFO] "GET /account/buyer-profile/2/ HTTP/1.1" 200 143
2024-07-09 00:50:24,865 +0545 [INFO] "GET /media/user/profile_images/images.jpeg HTTP/1.1" 200 7438
2024-07-09 00:50:37,790 +0545 [INFO] "PUT /account/buyer-profile/2/ HTTP/1.1" 200 160
2024-07-09 00:50:39,698 +0545 [INFO] "GET /account/user/profile/ HTTP/1.1" 200 466
2024-07-09 00:50:39,710 +0545 [INFO] "GET /account/user/profile/ HTTP/1.1" 200 466
2024-07-09 00:50:39,736 +0545 [INFO] "GET /account/user/details/ HTTP/1.1" 200 288
2024-07-09 00:50:39,755 +0545 [INFO] "GET /account/buyer-profile/2/ HTTP/1.1" 200 160
2024-07-09 00:50:39,757 +0545 [INFO] "GET /account/user/details/ HTTP/1.1" 200 288
2024-07-09 00:50:39,762 +0545 [INFO] "GET /media/user/profile_images/1_L2_3HJTZhbZQLXIwr0MVaQ.gif HTTP/1.1" 200 649541
2024-07-09 00:50:39,768 +0545 [INFO] "GET /media/user/profile_images/1_L2_3HJTZhbZQLXIwr0MVaQ.gif HTTP/1.1" 200 649541
2024-07-09 00:50:59,530 +0545 [INFO] "OPTIONS /e-com/api/orders/ HTTP/1.1" 200 0
2024-07-09 00:50:59,531 +0545 [INFO] "OPTIONS /e-com/api/orders/ HTTP/1.1" 200 0
2024-07-09 00:50:59,540 +0545 [INFO] "GET /e-com/api/orders/ HTTP/1.1" 200 680
2024-07-09 00:50:59,545 +0545 [INFO] "GET /e-com/api/orders/ HTTP/1.1" 200 680
2024-07-09 00:51:02,401 +0545 [INFO] "OPTIONS /e-com/api/reviews/create/ HTTP/1.1" 200 0
2024-07-09 00:51:02,401 +0545 [INFO] "OPTIONS /e-com/api/reviews/create/ HTTP/1.1" 200 0
2024-07-09 00:51:02,408 +0545 [INFO] "GET /e-com/api/reviews/create/ HTTP/1.1" 200 2
2024-07-09 00:51:02,412 +0545 [INFO] "GET /e-com/api/reviews/create/ HTTP/1.1" 200 2
2024-07-09 00:51:05,383 +0545 [INFO] "GET /e-com/api/reviews/create/ HTTP/1.1" 200 2
2024-07-09 00:51:05,387 +0545 [INFO] "GET /e-com/api/reviews/create/ HTTP/1.1" 200 2
2024-07-09 00:51:07,184 +0545 [INFO] "GET /account/user/details/ HTTP/1.1" 200 288
2024-07-09 00:51:07,186 +0545 [INFO] "GET /e-com/api/products/public/list/ HTTP/1.1" 200 4903
2024-07-09 00:51:07,198 +0545 [INFO] "GET /e-com/api/products/public/list/ HTTP/1.1" 200 4903
2024-07-09 00:51:07,199 +0545 [INFO] "GET /account/user/profile/ HTTP/1.1" 200 466
2024-07-09 00:51:07,202 +0545 [INFO] "GET /account/user/details/ HTTP/1.1" 200 288
2024-07-09 00:51:07,207 +0545 [INFO] "GET /account/user/profile/ HTTP/1.1" 200 466
2024-07-09 00:51:07,215 +0545 [INFO] "GET /account/user/profile/ HTTP/1.1" 200 466
2024-07-09 00:51:07,223 +0545 [INFO] "GET /account/user/profile/ HTTP/1.1" 200 466
2024-07-09 00:51:07,244 +0545 [INFO] "GET /media/user/profile_images/1_L2_3HJTZhbZQLXIwr0MVaQ.gif HTTP/1.1" 304 0
2024-07-09 00:51:08,987 +0545 [INFO] "GET /account/user/details/ HTTP/1.1" 200 288
2024-07-09 00:51:08,990 +0545 [INFO] "GET /account/user/profile/ HTTP/1.1" 200 466
2024-07-09 00:51:08,999 +0545 [INFO] "GET /account/user/details/ HTTP/1.1" 200 288
2024-07-09 00:51:09,003 +0545 [INFO] "GET /account/buyer-profile/2/ HTTP/1.1" 200 160
2024-07-09 00:51:09,005 +0545 [INFO] "GET /account/user/profile/ HTTP/1.1" 200 466
2024-07-09 00:51:09,009 +0545 [INFO] "GET /media/user/profile_images/1_L2_3HJTZhbZQLXIwr0MVaQ.gif HTTP/1.1" 304 0
2024-07-09 00:51:09,655 +0545 [INFO] "GET /e-com/api/orders/ HTTP/1.1" 200 680
2024-07-09 00:51:09,661 +0545 [INFO] "GET /e-com/api/orders/ HTTP/1.1" 200 680
2024-07-09 00:51:24,186 +0545 [INFO] "GET /e-com/api/products/public/list/ HTTP/1.1" 200 4903
2024-07-09 00:51:24,192 +0545 [INFO] "GET /account/user/details/ HTTP/1.1" 200 288
2024-07-09 00:51:24,198 +0545 [INFO] "GET /account/user/profile/ HTTP/1.1" 200 466
2024-07-09 00:51:24,200 +0545 [INFO] "GET /e-com/api/products/public/list/ HTTP/1.1" 200 4903
2024-07-09 00:51:24,218 +0545 [INFO] "GET /account/user/details/ HTTP/1.1" 200 288
2024-07-09 00:51:24,219 +0545 [INFO] "GET /account/user/profile/ HTTP/1.1" 200 466
2024-07-09 00:51:24,226 +0545 [INFO] "GET /account/user/profile/ HTTP/1.1" 200 466
2024-07-09 00:51:24,234 +0545 [INFO] "GET /account/user/profile/ HTTP/1.1" 200 466
2024-07-09 00:51:25,403 +0545 [INFO] "GET /e-com/api/products/public/list/ HTTP/1.1" 200 4903
2024-07-09 00:51:25,403 +0545 [INFO] "GET /e-com/api/reviews/ HTTP/1.1" 200 2
2024-07-09 00:51:25,409 +0545 [INFO] "GET /account/user/profile/ HTTP/1.1" 200 466
2024-07-09 00:51:25,411 +0545 [INFO] "GET /e-com/api/reviews/ HTTP/1.1" 200 2
2024-07-09 00:51:25,416 +0545 [INFO] "GET /e-com/api/products/public/list/ HTTP/1.1" 200 4903
2024-07-09 00:51:25,421 +0545 [INFO] "GET /account/user/profile/ HTTP/1.1" 200 466
2024-07-09 00:51:25,429 +0545 [INFO] "GET /account/user/profile/ HTTP/1.1" 200 466
2024-07-09 00:51:25,447 +0545 [INFO] "GET /account/user/profile/ HTTP/1.1" 200 466
2024-07-09 00:51:26,457 +0545 [INFO] "GET /account/user/profile/ HTTP/1.1" 200 466
2024-07-09 00:51:26,471 +0545 [INFO] "GET /account/user/profile/ HTTP/1.1" 200 466
2024-07-09 00:51:33,342 +0545 [INFO] "GET /account/user/profile/ HTTP/1.1" 200 466
2024-07-09 00:51:33,350 +0545 [INFO] "GET /account/user/profile/ HTTP/1.1" 200 466
2024-07-09 00:51:36,434 +0545 [INFO] "OPTIONS /account/user/profile/ HTTP/1.1" 200 0
2024-07-09 00:51:36,434 +0545 [INFO] "OPTIONS /account/user/profile/ HTTP/1.1" 200 0
2024-07-09 00:51:36,445 +0545 [INFO] "GET /account/user/profile/ HTTP/1.1" 200 466
2024-07-09 00:51:36,452 +0545 [INFO] "GET /account/user/profile/ HTTP/1.1" 200 466
2024-07-09 00:51:39,712 +0545 [INFO] "POST /e-com/api/orders/ HTTP/1.1" 201 888
2024-07-09 00:51:44,794 +0545 [INFO] "GET /e-com/api/products/public/list/ HTTP/1.1" 200 4903
2024-07-09 00:51:44,797 +0545 [INFO] "GET /account/user/details/ HTTP/1.1" 200 288
2024-07-09 00:51:44,801 +0545 [INFO] "GET /account/user/profile/ HTTP/1.1" 200 466
2024-07-09 00:51:44,804 +0545 [INFO] "GET /e-com/api/products/public/list/ HTTP/1.1" 200 4903
2024-07-09 00:51:44,815 +0545 [INFO] "GET /account/user/details/ HTTP/1.1" 200 288
2024-07-09 00:51:44,815 +0545 [INFO] "GET /account/user/profile/ HTTP/1.1" 200 466
2024-07-09 00:51:44,822 +0545 [INFO] "GET /account/user/profile/ HTTP/1.1" 200 466
2024-07-09 00:51:44,830 +0545 [INFO] "GET /account/user/profile/ HTTP/1.1" 200 466
2024-07-09 00:51:49,652 +0545 [INFO] "GET /account/user/profile/ HTTP/1.1" 200 466
2024-07-09 00:51:49,655 +0545 [INFO] "GET /account/user/details/ HTTP/1.1" 200 288
2024-07-09 00:51:49,666 +0545 [INFO] "GET /account/user/profile/ HTTP/1.1" 200 466
2024-07-09 00:51:49,666 +0545 [INFO] "GET /account/user/details/ HTTP/1.1" 200 288
2024-07-09 00:51:49,669 +0545 [INFO] "GET /account/buyer-profile/2/ HTTP/1.1" 200 160
2024-07-09 00:51:49,674 +0545 [INFO] "GET /media/user/profile_images/1_L2_3HJTZhbZQLXIwr0MVaQ.gif HTTP/1.1" 304 0
2024-07-09 00:51:51,269 +0545 [INFO] "GET /e-com/api/orders/ HTTP/1.1" 200 1569
2024-07-09 00:51:51,273 +0545 [INFO] "GET /e-com/api/orders/ HTTP/1.1" 200 1569
2024-07-09 00:51:54,952 +0545 [INFO] "GET /account/user/profile/ HTTP/1.1" 200 466
2024-07-09 00:51:54,960 +0545 [INFO] "GET /account/user/profile/ HTTP/1.1" 200 466
2024-07-09 00:51:54,984 +0545 [INFO] "GET /account/user/details/ HTTP/1.1" 200 288
2024-07-09 00:51:54,994 +0545 [INFO] "GET /media/user/profile_images/1_L2_3HJTZhbZQLXIwr0MVaQ.gif HTTP/1.1" 304 0
2024-07-09 00:51:54,996 +0545 [INFO] "GET /account/user/details/ HTTP/1.1" 200 288
2024-07-09 00:51:55,004 +0545 [INFO] "GET /account/buyer-profile/2/ HTTP/1.1" 200 160
2024-07-09 00:51:59,073 +0545 [INFO] "GET /e-com/api/products/public/list/ HTTP/1.1" 200 4903
2024-07-09 00:51:59,080 +0545 [INFO] "GET /e-com/api/products/public/list/ HTTP/1.1" 200 4903
2024-07-09 00:52:04,989 +0545 [INFO] "POST /account/auth/login/ HTTP/1.1" 200 483
2024-07-09 00:52:05,048 +0545 [INFO] "GET /account/user/details/ HTTP/1.1" 200 288
2024-07-09 00:52:05,048 +0545 [INFO] "GET /e-com/api/products/public/list/ HTTP/1.1" 200 4903
2024-07-09 00:52:05,060 +0545 [INFO] "GET /account/user/profile/ HTTP/1.1" 200 466
2024-07-09 00:52:05,064 +0545 [INFO] "GET /e-com/api/products/public/list/ HTTP/1.1" 200 4903
2024-07-09 00:52:05,070 +0545 [INFO] "GET /account/user/details/ HTTP/1.1" 200 288
2024-07-09 00:52:05,074 +0545 [INFO] "GET /account/user/profile/ HTTP/1.1" 200 466
2024-07-09 00:52:05,084 +0545 [INFO] "GET /account/user/profile/ HTTP/1.1" 200 466
2024-07-09 00:52:05,092 +0545 [INFO] "GET /account/user/profile/ HTTP/1.1" 200 466
2024-07-09 00:52:05,119 +0545 [INFO] "GET /media/user/profile_images/1_L2_3HJTZhbZQLXIwr0MVaQ.gif HTTP/1.1" 304 0
2024-07-09 00:52:07,455 +0545 [INFO] "GET /account/user/profile/ HTTP/1.1" 200 466
2024-07-09 00:52:07,455 +0545 [INFO] "GET /account/user/details/ HTTP/1.1" 200 288
2024-07-09 00:52:07,469 +0545 [INFO] "GET /account/user/details/ HTTP/1.1" 200 288
2024-07-09 00:52:07,470 +0545 [INFO] "GET /account/user/profile/ HTTP/1.1" 200 466
2024-07-09 00:52:07,472 +0545 [INFO] "GET /account/buyer-profile/2/ HTTP/1.1" 200 160
2024-07-09 00:52:07,500 +0545 [INFO] "GET /media/user/profile_images/1_L2_3HJTZhbZQLXIwr0MVaQ.gif HTTP/1.1" 304 0
2024-07-09 00:52:09,444 +0545 [INFO] "GET /e-com/api/products/public/list/ HTTP/1.1" 200 4903
2024-07-09 00:52:09,453 +0545 [INFO] "GET /e-com/api/products/public/list/ HTTP/1.1" 200 4903
2024-07-09 00:52:16,298 +0545 [INFO] "POST /account/auth/login/ HTTP/1.1" 200 483
2024-07-09 00:52:16,371 +0545 [INFO] "GET /e-com/api/products/public/list/ HTTP/1.1" 200 4903
2024-07-09 00:52:16,390 +0545 [INFO] "GET /account/user/details/ HTTP/1.1" 200 290
2024-07-09 00:52:16,392 +0545 [INFO] "GET /e-com/api/products/public/list/ HTTP/1.1" 200 4903
2024-07-09 00:52:16,394 +0545 [INFO] "GET /account/user/profile/ HTTP/1.1" 200 510
2024-07-09 00:52:16,401 +0545 [INFO] "GET /account/user/details/ HTTP/1.1" 200 290
2024-07-09 00:52:16,406 +0545 [INFO] "GET /account/user/profile/ HTTP/1.1" 200 510
2024-07-09 00:52:16,415 +0545 [INFO] "GET /account/user/profile/ HTTP/1.1" 200 510
2024-07-09 00:52:16,422 +0545 [INFO] "GET /account/user/profile/ HTTP/1.1" 200 510
2024-07-09 00:52:18,229 +0545 [INFO] "GET /account/user/details/ HTTP/1.1" 200 290
2024-07-09 00:52:18,231 +0545 [INFO] "GET /account/user/profile/ HTTP/1.1" 200 510
2024-07-09 00:52:18,236 +0545 [INFO] "GET /account/user/details/ HTTP/1.1" 200 290
2024-07-09 00:52:18,241 +0545 [INFO] "GET /account/user/profile/ HTTP/1.1" 200 510
2024-07-09 00:52:18,306 +0545 [INFO] "GET /account/seller-profile/1/ HTTP/1.1" 200 198
2024-07-09 00:52:21,754 +0545 [INFO] "OPTIONS /e-com/api/sellers/orders/ HTTP/1.1" 200 0
2024-07-09 00:52:21,754 +0545 [INFO] "OPTIONS /e-com/api/sellers/orders/ HTTP/1.1" 200 0
2024-07-09 00:52:21,762 +0545 [INFO] "GET /e-com/api/sellers/orders/ HTTP/1.1" 200 1459
2024-07-09 00:52:21,767 +0545 [INFO] "GET /e-com/api/sellers/orders/ HTTP/1.1" 200 1459
2024-07-09 00:52:23,777 +0545 [INFO] "GET /account/user/profile/ HTTP/1.1" 200 510
2024-07-09 00:52:23,785 +0545 [INFO] "GET /account/user/profile/ HTTP/1.1" 200 510
2024-07-09 00:52:23,825 +0545 [INFO] "GET /account/user/details/ HTTP/1.1" 200 290
2024-07-09 00:52:23,835 +0545 [INFO] "GET /account/user/details/ HTTP/1.1" 200 290
2024-07-09 00:52:23,853 +0545 [INFO] "GET /account/seller-profile/1/ HTTP/1.1" 200 198
2024-07-09 00:52:38,403 +0545 [INFO] "GET /e-com/api/sellers/orders/ HTTP/1.1" 200 1459
2024-07-09 00:52:38,409 +0545 [INFO] "GET /e-com/api/sellers/orders/ HTTP/1.1" 200 1459
2024-07-09 00:56:01,232 +0545 [INFO] "GET /account/user/profile/ HTTP/1.1" 200 510
2024-07-09 00:56:01,240 +0545 [INFO] "GET /account/user/profile/ HTTP/1.1" 200 510
2024-07-09 00:56:01,267 +0545 [INFO] "GET /account/user/details/ HTTP/1.1" 200 290
2024-07-09 00:56:01,291 +0545 [INFO] "GET /account/user/details/ HTTP/1.1" 200 290
2024-07-09 00:56:01,303 +0545 [INFO] "GET /account/seller-profile/1/ HTTP/1.1" 200 198
2024-07-09 00:56:03,523 +0545 [INFO] "GET /e-com/api/sellers/orders/ HTTP/1.1" 200 1459
2024-07-09 00:56:03,529 +0545 [INFO] "GET /e-com/api/sellers/orders/ HTTP/1.1" 200 1459
2024-07-09 00:56:06,230 +0545 [INFO] "GET /e-com/api/products/public/list/ HTTP/1.1" 200 4903
2024-07-09 00:56:06,231 +0545 [INFO] "GET /account/user/details/ HTTP/1.1" 200 290
2024-07-09 00:56:06,236 +0545 [INFO] "GET /account/user/profile/ HTTP/1.1" 200 510
2024-07-09 00:56:06,241 +0545 [INFO] "GET /e-com/api/products/public/list/ HTTP/1.1" 200 4903
2024-07-09 00:56:06,251 +0545 [INFO] "GET /account/user/details/ HTTP/1.1" 200 290
2024-07-09 00:56:06,259 +0545 [INFO] "GET /account/user/profile/ HTTP/1.1" 200 510
2024-07-09 00:56:06,268 +0545 [INFO] "GET /account/user/profile/ HTTP/1.1" 200 510
2024-07-09 00:56:06,279 +0545 [INFO] "GET /account/user/profile/ HTTP/1.1" 200 510
2024-07-09 00:56:08,762 +0545 [INFO] "GET /account/user/profile/ HTTP/1.1" 200 510
2024-07-09 00:56:08,762 +0545 [INFO] "GET /account/user/details/ HTTP/1.1" 200 290
2024-07-09 00:56:08,775 +0545 [INFO] "GET /account/user/details/ HTTP/1.1" 200 290
2024-07-09 00:56:08,778 +0545 [INFO] "GET /account/user/profile/ HTTP/1.1" 200 510
2024-07-09 00:56:08,811 +0545 [INFO] "GET /account/seller-profile/1/ HTTP/1.1" 200 198
2024-07-09 00:56:27,653 +0545 [INFO] "OPTIONS /e-com/api/seller/products/list/ HTTP/1.1" 200 0
2024-07-09 00:56:27,653 +0545 [INFO] "OPTIONS /e-com/api/seller/products/list/ HTTP/1.1" 200 0
2024-07-09 00:56:27,653 +0545 [INFO] "OPTIONS /e-com/api/seller/products/list/ HTTP/1.1" 200 0
2024-07-09 00:56:27,653 +0545 [INFO] "OPTIONS /e-com/api/seller/products/list/ HTTP/1.1" 200 0
2024-07-09 00:56:27,661 +0545 [INFO] "GET /e-com/api/seller/products/list/ HTTP/1.1" 200 4885
2024-07-09 00:56:27,669 +0545 [INFO] "GET /e-com/api/seller/products/list/ HTTP/1.1" 200 4885
2024-07-09 00:56:27,679 +0545 [INFO] "GET /e-com/api/seller/products/list/ HTTP/1.1" 200 4885
2024-07-09 00:56:27,685 +0545 [INFO] "GET /e-com/api/seller/products/list/ HTTP/1.1" 200 4885
2024-07-09 00:56:29,025 +0545 [INFO] "GET /account/user/details/ HTTP/1.1" 200 290
2024-07-09 00:56:29,031 +0545 [INFO] "GET /account/user/details/ HTTP/1.1" 200 290
2024-07-09 00:56:29,077 +0545 [INFO] "GET /account/seller-profile/1/ HTTP/1.1" 200 198
2024-07-09 00:56:29,926 +0545 [INFO] "GET /e-com/api/categories/list/ HTTP/1.1" 200 82
2024-07-09 00:56:29,931 +0545 [INFO] "GET /account/user/details/ HTTP/1.1" 200 290
2024-07-09 00:56:29,932 +0545 [INFO] "GET /e-com/api/categories/list/ HTTP/1.1" 200 82
2024-07-09 00:56:29,938 +0545 [INFO] "GET /account/user/details/ HTTP/1.1" 200 290
2024-07-09 00:56:31,236 +0545 [INFO] "GET /account/user/details/ HTTP/1.1" 200 290
2024-07-09 00:56:31,241 +0545 [INFO] "GET /account/user/details/ HTTP/1.1" 200 290
2024-07-09 00:56:31,273 +0545 [INFO] "GET /account/seller-profile/1/ HTTP/1.1" 200 198
2024-07-09 00:56:32,550 +0545 [INFO] "GET /e-com/api/sellers/orders/ HTTP/1.1" 200 1459
2024-07-09 00:56:32,556 +0545 [INFO] "GET /e-com/api/sellers/orders/ HTTP/1.1" 200 1459
2024-07-09 00:59:20,760 +0545 [INFO] "GET /account/user/profile/ HTTP/1.1" 200 510
2024-07-09 00:59:20,766 +0545 [INFO] "GET /account/user/profile/ HTTP/1.1" 200 510
2024-07-09 00:59:20,814 +0545 [INFO] "GET /account/user/details/ HTTP/1.1" 200 290
2024-07-09 00:59:20,825 +0545 [INFO] "GET /account/user/details/ HTTP/1.1" 200 290
2024-07-09 00:59:20,849 +0545 [INFO] "GET /account/seller-profile/1/ HTTP/1.1" 200 198
2024-07-09 00:59:24,555 +0545 [INFO] "GET /e-com/api/sellers/orders/ HTTP/1.1" 200 1459
2024-07-09 00:59:24,562 +0545 [INFO] "GET /e-com/api/sellers/orders/ HTTP/1.1" 200 1459
2024-07-09 00:59:48,063 +0545 [INFO] "GET /account/user/profile/ HTTP/1.1" 200 510
2024-07-09 00:59:48,074 +0545 [INFO] "GET /account/user/profile/ HTTP/1.1" 200 510
2024-07-09 00:59:48,130 +0545 [INFO] "GET /account/user/details/ HTTP/1.1" 200 290
2024-07-09 00:59:48,144 +0545 [INFO] "GET /account/user/details/ HTTP/1.1" 200 290
2024-07-09 00:59:48,166 +0545 [INFO] "GET /account/seller-profile/1/ HTTP/1.1" 200 198
2024-07-09 00:59:55,504 +0545 [INFO] "GET /account/user/profile/ HTTP/1.1" 200 510
2024-07-09 00:59:55,514 +0545 [INFO] "GET /account/user/profile/ HTTP/1.1" 200 510
2024-07-09 00:59:55,564 +0545 [INFO] "GET /account/user/details/ HTTP/1.1" 200 290
2024-07-09 00:59:55,582 +0545 [INFO] "GET /account/user/details/ HTTP/1.1" 200 290
2024-07-09 00:59:55,606 +0545 [INFO] "GET /account/seller-profile/1/ HTTP/1.1" 200 198
2024-07-09 00:59:57,954 +0545 [INFO] "GET /e-com/api/sellers/orders/ HTTP/1.1" 200 1459
2024-07-09 00:59:57,959 +0545 [INFO] "GET /e-com/api/sellers/orders/ HTTP/1.1" 200 1459
2024-07-09 01:03:41,595 +0545 [INFO] "GET /e-com/api/sellers/orders/ HTTP/1.1" 200 1459
2024-07-09 01:03:59,157 +0545 [INFO] "OPTIONS /e-com/api/sellers/orders/edit/bulk/ HTTP/1.1" 200 0
2024-07-09 01:03:59,172 +0545 [INFO] "PUT /e-com/api/sellers/orders/edit/bulk/ HTTP/1.1" 200 714
2024-07-09 01:04:01,134 +0545 [INFO] "PUT /e-com/api/sellers/orders/edit/bulk/ HTTP/1.1" 200 746
2024-07-09 01:04:03,368 +0545 [INFO] "GET /account/user/details/ HTTP/1.1" 200 290
2024-07-09 01:04:03,377 +0545 [INFO] "GET /account/user/details/ HTTP/1.1" 200 290
2024-07-09 01:04:03,432 +0545 [INFO] "GET /account/seller-profile/1/ HTTP/1.1" 200 198
2024-07-09 01:04:07,823 +0545 [INFO] "GET /e-com/api/products/public/list/ HTTP/1.1" 200 4903
2024-07-09 01:04:07,836 +0545 [INFO] "GET /e-com/api/products/public/list/ HTTP/1.1" 200 4903
2024-07-09 01:04:14,243 +0545 [INFO] "POST /account/auth/login/ HTTP/1.1" 200 483
2024-07-09 01:04:14,311 +0545 [INFO] "GET /e-com/api/products/public/list/ HTTP/1.1" 200 4903
2024-07-09 01:04:14,330 +0545 [INFO] "GET /e-com/api/products/public/list/ HTTP/1.1" 200 4903
2024-07-09 01:04:14,331 +0545 [INFO] "GET /account/user/details/ HTTP/1.1" 200 288
2024-07-09 01:04:14,335 +0545 [INFO] "GET /account/user/profile/ HTTP/1.1" 200 466
2024-07-09 01:04:14,342 +0545 [INFO] "GET /account/user/details/ HTTP/1.1" 200 288
2024-07-09 01:04:14,346 +0545 [INFO] "GET /account/user/profile/ HTTP/1.1" 200 466
2024-07-09 01:04:14,353 +0545 [INFO] "GET /account/user/profile/ HTTP/1.1" 200 466
2024-07-09 01:04:14,361 +0545 [INFO] "GET /account/user/profile/ HTTP/1.1" 200 466
2024-07-09 01:04:14,380 +0545 [INFO] "GET /media/user/profile_images/1_L2_3HJTZhbZQLXIwr0MVaQ.gif HTTP/1.1" 304 0
2024-07-09 01:04:16,599 +0545 [INFO] "GET /account/user/details/ HTTP/1.1" 200 288
2024-07-09 01:04:16,602 +0545 [INFO] "GET /account/user/profile/ HTTP/1.1" 200 466
2024-07-09 01:04:16,614 +0545 [INFO] "GET /account/user/details/ HTTP/1.1" 200 288
2024-07-09 01:04:16,614 +0545 [INFO] "GET /account/buyer-profile/2/ HTTP/1.1" 200 160
2024-07-09 01:04:16,617 +0545 [INFO] "GET /account/user/profile/ HTTP/1.1" 200 466
2024-07-09 01:04:16,621 +0545 [INFO] "GET /media/user/profile_images/1_L2_3HJTZhbZQLXIwr0MVaQ.gif HTTP/1.1" 304 0
2024-07-09 01:04:20,166 +0545 [INFO] "GET /e-com/api/orders/ HTTP/1.1" 200 1569
2024-07-09 01:04:20,172 +0545 [INFO] "GET /e-com/api/orders/ HTTP/1.1" 200 1569
2024-07-09 01:04:23,341 +0545 [INFO] "GET /account/user/profile/ HTTP/1.1" 200 466
2024-07-09 01:04:23,349 +0545 [INFO] "GET /account/user/profile/ HTTP/1.1" 200 466
2024-07-09 01:04:23,365 +0545 [INFO] "GET /account/user/details/ HTTP/1.1" 200 288
2024-07-09 01:04:23,371 +0545 [INFO] "GET /account/user/details/ HTTP/1.1" 200 288
2024-07-09 01:04:23,391 +0545 [INFO] "GET /account/buyer-profile/2/ HTTP/1.1" 200 160
2024-07-09 01:04:24,541 +0545 [INFO] "GET /e-com/api/orders/ HTTP/1.1" 200 1569
2024-07-09 01:04:24,546 +0545 [INFO] "GET /e-com/api/orders/ HTTP/1.1" 200 1569
2024-07-09 01:04:36,286 +0545 [INFO] "GET /e-com/api/products/public/list/ HTTP/1.1" 200 4903
2024-07-09 01:04:36,297 +0545 [INFO] "GET /account/user/profile/ HTTP/1.1" 200 466
2024-07-09 01:04:36,302 +0545 [INFO] "GET /account/user/details/ HTTP/1.1" 200 288
2024-07-09 01:04:36,303 +0545 [INFO] "GET /e-com/api/products/public/list/ HTTP/1.1" 200 4903
2024-07-09 01:04:36,312 +0545 [INFO] "GET /account/user/details/ HTTP/1.1" 200 288
2024-07-09 01:04:36,313 +0545 [INFO] "GET /account/user/profile/ HTTP/1.1" 200 466
2024-07-09 01:04:36,322 +0545 [INFO] "GET /account/user/profile/ HTTP/1.1" 200 466
2024-07-09 01:04:36,331 +0545 [INFO] "GET /account/user/profile/ HTTP/1.1" 200 466
2024-07-09 01:04:38,993 +0545 [INFO] "GET /account/user/details/ HTTP/1.1" 200 288
2024-07-09 01:04:38,997 +0545 [INFO] "GET /account/user/profile/ HTTP/1.1" 200 466
2024-07-09 01:04:39,010 +0545 [INFO] "GET /account/user/details/ HTTP/1.1" 200 288
2024-07-09 01:04:39,012 +0545 [INFO] "GET /account/buyer-profile/2/ HTTP/1.1" 200 160
2024-07-09 01:04:39,012 +0545 [INFO] "GET /account/user/profile/ HTTP/1.1" 200 466
2024-07-09 01:04:42,448 +0545 [INFO] "GET /e-com/api/orders/ HTTP/1.1" 200 1569
2024-07-09 01:04:42,458 +0545 [INFO] "GET /e-com/api/orders/ HTTP/1.1" 200 1569
2024-07-09 01:04:44,843 +0545 [INFO] "GET /account/user/profile/ HTTP/1.1" 200 466
2024-07-09 01:04:44,854 +0545 [INFO] "GET /account/user/profile/ HTTP/1.1" 200 466
2024-07-09 01:04:44,866 +0545 [INFO] "GET /account/user/details/ HTTP/1.1" 200 288
2024-07-09 01:04:44,884 +0545 [INFO] "GET /account/user/details/ HTTP/1.1" 200 288
2024-07-09 01:04:44,893 +0545 [INFO] "GET /account/buyer-profile/2/ HTTP/1.1" 200 160
2024-07-09 02:46:01,729 +0545 [INFO] "GET /e-com/api/reviews/create/ HTTP/1.1" 200 2
2024-07-09 02:46:01,735 +0545 [INFO] "GET /e-com/api/reviews/create/ HTTP/1.1" 200 2
2024-07-09 02:46:03,505 +0545 [INFO] "GET /e-com/api/orders/ HTTP/1.1" 200 1569
2024-07-09 02:46:03,510 +0545 [INFO] "GET /e-com/api/orders/ HTTP/1.1" 200 1569
2024-07-09 02:46:08,631 +0545 [INFO] "GET /e-com/api/products/public/list/ HTTP/1.1" 200 4903
2024-07-09 02:46:08,637 +0545 [INFO] "GET /e-com/api/products/public/list/ HTTP/1.1" 200 4903
2024-07-09 02:46:18,076 +0545 [INFO] "POST /account/auth/login/ HTTP/1.1" 200 483
2024-07-09 02:46:18,160 +0545 [INFO] "GET /e-com/api/products/public/list/ HTTP/1.1" 200 4903
2024-07-09 02:46:18,164 +0545 [INFO] "GET /account/user/details/ HTTP/1.1" 200 288
2024-07-09 02:46:18,171 +0545 [INFO] "GET /account/user/profile/ HTTP/1.1" 200 466
2024-07-09 02:46:18,172 +0545 [INFO] "GET /e-com/api/products/public/list/ HTTP/1.1" 200 4903
2024-07-09 02:46:18,184 +0545 [INFO] "GET /account/user/details/ HTTP/1.1" 200 288
2024-07-09 02:46:18,185 +0545 [INFO] "GET /account/user/profile/ HTTP/1.1" 200 466
2024-07-09 02:46:18,194 +0545 [INFO] "GET /account/user/profile/ HTTP/1.1" 200 466
2024-07-09 02:46:18,203 +0545 [INFO] "GET /account/user/profile/ HTTP/1.1" 200 466
2024-07-09 02:46:18,216 +0545 [INFO] "GET /media/user/profile_images/1_L2_3HJTZhbZQLXIwr0MVaQ.gif HTTP/1.1" 304 0
2024-07-09 02:46:20,037 +0545 [INFO] "GET /account/user/details/ HTTP/1.1" 200 288
2024-07-09 02:46:20,038 +0545 [INFO] "GET /account/user/profile/ HTTP/1.1" 200 466
2024-07-09 02:46:20,054 +0545 [INFO] "GET /account/user/details/ HTTP/1.1" 200 288
2024-07-09 02:46:20,056 +0545 [INFO] "GET /account/user/profile/ HTTP/1.1" 200 466
2024-07-09 02:46:20,057 +0545 [INFO] "GET /account/buyer-profile/2/ HTTP/1.1" 200 160
2024-07-09 02:46:20,064 +0545 [INFO] "GET /media/user/profile_images/1_L2_3HJTZhbZQLXIwr0MVaQ.gif HTTP/1.1" 304 0
2024-07-09 02:46:21,131 +0545 [INFO] "GET /e-com/api/reviews/create/ HTTP/1.1" 200 2
2024-07-09 02:46:21,135 +0545 [INFO] "GET /e-com/api/reviews/create/ HTTP/1.1" 200 2
2024-07-09 02:46:22,583 +0545 [INFO] "GET /e-com/api/orders/ HTTP/1.1" 200 1569
2024-07-09 02:46:22,588 +0545 [INFO] "GET /e-com/api/orders/ HTTP/1.1" 200 1569
2024-07-09 02:47:06,136 +0545 [INFO] "GET /e-com/api/orders/ HTTP/1.1" 200 1569
2024-07-09 02:47:06,142 +0545 [INFO] "GET /e-com/api/orders/ HTTP/1.1" 200 1569
2024-07-09 02:47:08,581 +0545 [INFO] "GET /e-com/api/products/public/list/ HTTP/1.1" 200 4903
2024-07-09 02:47:08,581 +0545 [INFO] "GET /account/user/details/ HTTP/1.1" 200 288
2024-07-09 02:47:08,587 +0545 [INFO] "GET /account/user/profile/ HTTP/1.1" 200 466
2024-07-09 02:47:08,598 +0545 [INFO] "GET /account/user/details/ HTTP/1.1" 200 288
2024-07-09 02:47:08,599 +0545 [INFO] "GET /e-com/api/products/public/list/ HTTP/1.1" 200 4903
2024-07-09 02:47:08,605 +0545 [INFO] "GET /account/user/profile/ HTTP/1.1" 200 466
2024-07-09 02:47:08,612 +0545 [INFO] "GET /account/user/profile/ HTTP/1.1" 200 466
2024-07-09 02:47:08,629 +0545 [INFO] "GET /account/user/profile/ HTTP/1.1" 200 466
2024-07-09 02:47:13,684 +0545 [INFO] "GET /account/user/profile/ HTTP/1.1" 200 466
2024-07-09 02:47:13,684 +0545 [INFO] "GET /account/user/details/ HTTP/1.1" 200 288
2024-07-09 02:47:13,699 +0545 [INFO] "GET /account/user/details/ HTTP/1.1" 200 288
2024-07-09 02:47:13,700 +0545 [INFO] "GET /account/user/profile/ HTTP/1.1" 200 466
2024-07-09 02:47:13,702 +0545 [INFO] "GET /account/buyer-profile/2/ HTTP/1.1" 200 160
2024-07-09 02:47:17,299 +0545 [INFO] "GET /e-com/api/reviews/create/ HTTP/1.1" 200 2
2024-07-09 02:47:17,303 +0545 [INFO] "GET /e-com/api/reviews/create/ HTTP/1.1" 200 2
2024-07-09 02:47:18,992 +0545 [INFO] "GET /e-com/api/orders/ HTTP/1.1" 200 1569
2024-07-09 02:47:18,997 +0545 [INFO] "GET /e-com/api/orders/ HTTP/1.1" 200 1569
2024-07-09 02:47:23,748 +0545 [INFO] "GET /account/user/profile/ HTTP/1.1" 200 466
2024-07-09 02:47:23,755 +0545 [INFO] "GET /account/user/profile/ HTTP/1.1" 200 466
2024-07-09 02:47:26,094 +0545 [INFO] "GET /e-com/api/products/public/list/ HTTP/1.1" 200 4903
2024-07-09 02:47:26,100 +0545 [INFO] "GET /account/user/profile/ HTTP/1.1" 200 466
2024-07-09 02:47:26,100 +0545 [INFO] "GET /account/user/details/ HTTP/1.1" 200 288
2024-07-09 02:47:26,108 +0545 [INFO] "GET /e-com/api/products/public/list/ HTTP/1.1" 200 4903
2024-07-09 02:47:26,115 +0545 [INFO] "GET /account/user/details/ HTTP/1.1" 200 288
2024-07-09 02:47:26,117 +0545 [INFO] "GET /account/user/profile/ HTTP/1.1" 200 466
2024-07-09 02:47:26,125 +0545 [INFO] "GET /account/user/profile/ HTTP/1.1" 200 466
2024-07-09 02:47:26,131 +0545 [INFO] "GET /account/user/profile/ HTTP/1.1" 200 466
2024-07-09 02:47:28,789 +0545 [INFO] "GET /account/user/details/ HTTP/1.1" 200 288
2024-07-09 02:47:28,789 +0545 [INFO] "GET /account/user/profile/ HTTP/1.1" 200 466
2024-07-09 02:47:28,800 +0545 [INFO] "GET /account/user/details/ HTTP/1.1" 200 288
2024-07-09 02:47:28,806 +0545 [INFO] "GET /account/user/profile/ HTTP/1.1" 200 466
2024-07-09 02:47:28,806 +0545 [INFO] "GET /account/buyer-profile/2/ HTTP/1.1" 200 160
2024-07-09 02:47:31,908 +0545 [INFO] "GET /e-com/api/orders/ HTTP/1.1" 200 1569
2024-07-09 02:47:31,912 +0545 [INFO] "GET /e-com/api/orders/ HTTP/1.1" 200 1569
2024-07-09 02:47:40,542 +0545 [INFO] "GET /e-com/api/products/public/list/ HTTP/1.1" 200 4903
2024-07-09 02:47:40,553 +0545 [INFO] "GET /e-com/api/products/public/list/ HTTP/1.1" 200 4903
2024-07-09 02:47:45,863 +0545 [INFO] "POST /account/auth/login/ HTTP/1.1" 200 483
2024-07-09 02:47:45,937 +0545 [INFO] "GET /e-com/api/products/public/list/ HTTP/1.1" 200 4903
2024-07-09 02:47:45,960 +0545 [INFO] "GET /e-com/api/products/public/list/ HTTP/1.1" 200 4903
2024-07-09 02:47:45,961 +0545 [INFO] "GET /account/user/details/ HTTP/1.1" 200 290
2024-07-09 02:47:45,962 +0545 [INFO] "GET /account/user/profile/ HTTP/1.1" 200 510
2024-07-09 02:47:45,976 +0545 [INFO] "GET /account/user/details/ HTTP/1.1" 200 290
2024-07-09 02:47:45,978 +0545 [INFO] "GET /account/user/profile/ HTTP/1.1" 200 510
2024-07-09 02:47:45,987 +0545 [INFO] "GET /account/user/profile/ HTTP/1.1" 200 510
2024-07-09 02:47:45,995 +0545 [INFO] "GET /account/user/profile/ HTTP/1.1" 200 510
2024-07-09 02:47:47,699 +0545 [INFO] "GET /account/user/details/ HTTP/1.1" 200 290
2024-07-09 02:47:47,700 +0545 [INFO] "GET /account/user/profile/ HTTP/1.1" 200 510
2024-07-09 02:47:47,713 +0545 [INFO] "GET /account/user/details/ HTTP/1.1" 200 290
2024-07-09 02:47:47,714 +0545 [INFO] "GET /account/user/profile/ HTTP/1.1" 200 510
2024-07-09 02:47:47,793 +0545 [INFO] "GET /account/seller-profile/1/ HTTP/1.1" 200 198
2024-07-09 02:47:49,832 +0545 [INFO] "GET /e-com/api/sellers/orders/ HTTP/1.1" 200 1459
2024-07-09 02:47:49,839 +0545 [INFO] "GET /e-com/api/sellers/orders/ HTTP/1.1" 200 1459
2024-07-09 02:47:57,761 +0545 [INFO] "GET /e-com/api/products/public/list/ HTTP/1.1" 200 4903
2024-07-09 02:47:57,767 +0545 [INFO] "GET /account/user/details/ HTTP/1.1" 200 290
2024-07-09 02:47:57,770 +0545 [INFO] "GET /account/user/profile/ HTTP/1.1" 200 510
2024-07-09 02:47:57,778 +0545 [INFO] "GET /e-com/api/products/public/list/ HTTP/1.1" 200 4903
2024-07-09 02:47:57,818 +0545 [INFO] "GET /account/user/details/ HTTP/1.1" 200 290
2024-07-09 02:47:57,822 +0545 [INFO] "GET /account/user/profile/ HTTP/1.1" 200 510
2024-07-09 02:47:57,829 +0545 [INFO] "GET /account/user/profile/ HTTP/1.1" 200 510
2024-07-09 02:47:57,836 +0545 [INFO] "GET /account/user/profile/ HTTP/1.1" 200 510
2024-07-09 02:48:00,992 +0545 [INFO] "GET /account/user/details/ HTTP/1.1" 200 290
2024-07-09 02:48:00,995 +0545 [INFO] "GET /account/user/profile/ HTTP/1.1" 200 510
2024-07-09 02:48:01,002 +0545 [INFO] "GET /account/user/details/ HTTP/1.1" 200 290
2024-07-09 02:48:01,006 +0545 [INFO] "GET /account/user/profile/ HTTP/1.1" 200 510
2024-07-09 02:48:01,041 +0545 [INFO] "GET /account/seller-profile/1/ HTTP/1.1" 200 198
2024-07-09 02:48:03,284 +0545 [INFO] "GET /e-com/api/products/public/list/ HTTP/1.1" 200 4903
2024-07-09 02:48:03,290 +0545 [INFO] "GET /e-com/api/products/public/list/ HTTP/1.1" 200 4903
2024-07-09 02:48:09,738 +0545 [INFO] "POST /account/auth/login/ HTTP/1.1" 200 483
2024-07-09 02:48:09,819 +0545 [INFO] "GET /e-com/api/products/public/list/ HTTP/1.1" 200 4903
2024-07-09 02:48:09,829 +0545 [INFO] "GET /account/user/profile/ HTTP/1.1" 200 466
2024-07-09 02:48:09,834 +0545 [INFO] "GET /account/user/details/ HTTP/1.1" 200 288
2024-07-09 02:48:09,835 +0545 [INFO] "GET /e-com/api/products/public/list/ HTTP/1.1" 200 4903
2024-07-09 02:48:09,847 +0545 [INFO] "GET /account/user/profile/ HTTP/1.1" 200 466
2024-07-09 02:48:09,851 +0545 [INFO] "GET /account/user/details/ HTTP/1.1" 200 288
2024-07-09 02:48:09,856 +0545 [INFO] "GET /account/user/profile/ HTTP/1.1" 200 466
2024-07-09 02:48:09,864 +0545 [INFO] "GET /account/user/profile/ HTTP/1.1" 200 466
2024-07-09 02:48:11,847 +0545 [INFO] "GET /account/user/details/ HTTP/1.1" 200 288
2024-07-09 02:48:11,847 +0545 [INFO] "GET /account/user/profile/ HTTP/1.1" 200 466
2024-07-09 02:48:11,861 +0545 [INFO] "GET /account/user/details/ HTTP/1.1" 200 288
2024-07-09 02:48:11,863 +0545 [INFO] "GET /account/user/profile/ HTTP/1.1" 200 466
2024-07-09 02:48:11,865 +0545 [INFO] "GET /account/buyer-profile/2/ HTTP/1.1" 200 160
2024-07-09 02:48:13,796 +0545 [INFO] "GET /e-com/api/orders/ HTTP/1.1" 200 1569
2024-07-09 02:48:13,801 +0545 [INFO] "GET /e-com/api/orders/ HTTP/1.1" 200 1569
2024-07-09 02:48:25,689 +0545 [INFO] "GET /account/user/profile/ HTTP/1.1" 200 466
2024-07-09 02:48:25,696 +0545 [INFO] "GET /account/user/profile/ HTTP/1.1" 200 466
2024-07-09 02:48:25,718 +0545 [INFO] "GET /account/user/details/ HTTP/1.1" 200 288
2024-07-09 02:48:25,746 +0545 [INFO] "GET /account/user/details/ HTTP/1.1" 200 288
2024-07-09 02:48:25,791 +0545 [INFO] "GET /account/buyer-profile/2/ HTTP/1.1" 200 160
2024-07-09 02:49:01,888 +0545 [INFO] "GET /e-com/api/orders/ HTTP/1.1" 200 1569
2024-07-09 02:49:01,894 +0545 [INFO] "GET /e-com/api/orders/ HTTP/1.1" 200 1569
2024-07-09 02:49:31,433 +0545 [INFO] "GET /e-com/api/products/public/list/ HTTP/1.1" 200 4903
2024-07-09 02:49:31,448 +0545 [INFO] "GET /account/user/details/ HTTP/1.1" 200 288
2024-07-09 02:49:31,456 +0545 [INFO] "GET /account/user/profile/ HTTP/1.1" 200 466
2024-07-09 02:49:31,462 +0545 [INFO] "GET /e-com/api/products/public/list/ HTTP/1.1" 200 4903
2024-07-09 02:49:31,464 +0545 [INFO] "GET /account/user/details/ HTTP/1.1" 200 288
2024-07-09 02:49:31,468 +0545 [INFO] "GET /account/user/profile/ HTTP/1.1" 200 466
2024-07-09 02:49:31,482 +0545 [INFO] "GET /account/user/profile/ HTTP/1.1" 200 466
2024-07-09 02:49:31,515 +0545 [INFO] "GET /account/user/profile/ HTTP/1.1" 200 466
2024-07-09 02:51:06,393 +0545 [INFO] "GET /account/user/profile/ HTTP/1.1" 200 466
2024-07-09 02:51:06,393 +0545 [INFO] "GET /account/user/details/ HTTP/1.1" 200 288
2024-07-09 02:51:06,408 +0545 [INFO] "GET /account/user/profile/ HTTP/1.1" 200 466
2024-07-09 02:51:06,410 +0545 [INFO] "GET /account/user/details/ HTTP/1.1" 200 288
2024-07-09 02:51:06,411 +0545 [INFO] "GET /account/buyer-profile/2/ HTTP/1.1" 200 160
2024-07-09 02:51:08,608 +0545 [INFO] "GET /e-com/api/reviews/create/ HTTP/1.1" 200 2
2024-07-09 02:51:08,612 +0545 [INFO] "GET /e-com/api/reviews/create/ HTTP/1.1" 200 2
2024-07-09 02:51:11,798 +0545 [INFO] "GET /e-com/api/products/public/list/ HTTP/1.1" 200 4903
2024-07-09 02:51:11,808 +0545 [INFO] "GET /e-com/api/products/public/list/ HTTP/1.1" 200 4903
2024-07-09 02:51:21,746 +0545 [INFO] "POST /account/auth/login/ HTTP/1.1" 200 483
2024-07-09 02:51:21,812 +0545 [INFO] "GET /e-com/api/products/public/list/ HTTP/1.1" 200 4903
2024-07-09 02:51:21,827 +0545 [INFO] "GET /account/user/details/ HTTP/1.1" 200 290
2024-07-09 02:51:21,834 +0545 [INFO] "GET /e-com/api/products/public/list/ HTTP/1.1" 200 4903
2024-07-09 02:51:21,835 +0545 [INFO] "GET /account/user/profile/ HTTP/1.1" 200 510
2024-07-09 02:51:21,845 +0545 [INFO] "GET /account/user/details/ HTTP/1.1" 200 290
2024-07-09 02:51:21,850 +0545 [INFO] "GET /account/user/profile/ HTTP/1.1" 200 510
2024-07-09 02:51:21,858 +0545 [INFO] "GET /account/user/profile/ HTTP/1.1" 200 510
2024-07-09 02:51:21,867 +0545 [INFO] "GET /account/user/profile/ HTTP/1.1" 200 510
2024-07-09 02:51:25,676 +0545 [INFO] "GET /account/user/details/ HTTP/1.1" 200 290
2024-07-09 02:51:25,677 +0545 [INFO] "GET /account/user/profile/ HTTP/1.1" 200 510
2024-07-09 02:51:25,692 +0545 [INFO] "GET /account/user/details/ HTTP/1.1" 200 290
2024-07-09 02:51:25,693 +0545 [INFO] "GET /account/user/profile/ HTTP/1.1" 200 510
2024-07-09 02:51:25,760 +0545 [INFO] "GET /account/seller-profile/1/ HTTP/1.1" 200 198
2024-07-09 02:51:28,592 +0545 [INFO] "GET /e-com/api/categories/list/ HTTP/1.1" 200 82
2024-07-09 02:51:28,600 +0545 [INFO] "GET /account/user/details/ HTTP/1.1" 200 290
2024-07-09 02:51:28,606 +0545 [INFO] "GET /e-com/api/categories/list/ HTTP/1.1" 200 82
2024-07-09 02:51:28,611 +0545 [INFO] "GET /account/user/details/ HTTP/1.1" 200 290
2024-07-09 02:53:55,769 +0545 [INFO] "OPTIONS /e-com/api/products/upload/ HTTP/1.1" 200 0
2024-07-09 02:53:55,794 +0545 [INFO] "POST /e-com/api/products/upload/ HTTP/1.1" 201 1138
2024-07-09 02:54:03,179 +0545 [INFO] "GET /e-com/api/products/public/list/ HTTP/1.1" 200 6042
2024-07-09 02:54:03,191 +0545 [INFO] "GET /account/user/details/ HTTP/1.1" 200 290
2024-07-09 02:54:03,194 +0545 [INFO] "GET /account/user/profile/ HTTP/1.1" 200 510
2024-07-09 02:54:03,206 +0545 [INFO] "GET /e-com/api/products/public/list/ HTTP/1.1" 200 6042
2024-07-09 02:54:03,214 +0545 [INFO] "GET /account/user/details/ HTTP/1.1" 200 290
2024-07-09 02:54:03,216 +0545 [INFO] "GET /account/user/profile/ HTTP/1.1" 200 510
2024-07-09 02:54:03,226 +0545 [INFO] "GET /account/user/profile/ HTTP/1.1" 200 510
2024-07-09 02:54:03,234 +0545 [INFO] "GET /account/user/profile/ HTTP/1.1" 200 510
2024-07-09 02:54:03,246 +0545 [INFO] "GET /media/seller/product_images/a78-427_600-green.png HTTP/1.1" 200 97358
2024-07-09 02:54:06,228 +0545 [INFO] "GET /e-com/api/reviews/ HTTP/1.1" 200 2
2024-07-09 02:54:06,230 +0545 [INFO] "GET /e-com/api/products/public/list/ HTTP/1.1" 200 6042
2024-07-09 02:54:06,238 +0545 [INFO] "GET /e-com/api/reviews/ HTTP/1.1" 200 2
2024-07-09 02:54:06,242 +0545 [INFO] "GET /account/user/profile/ HTTP/1.1" 200 510
2024-07-09 02:54:06,242 +0545 [INFO] "GET /e-com/api/products/public/list/ HTTP/1.1" 200 6042
2024-07-09 02:54:06,252 +0545 [INFO] "GET /account/user/profile/ HTTP/1.1" 200 510
2024-07-09 02:54:06,263 +0545 [INFO] "GET /account/user/profile/ HTTP/1.1" 200 510
2024-07-09 02:54:06,272 +0545 [INFO] "GET /account/user/profile/ HTTP/1.1" 200 510
2024-07-09 02:54:08,141 +0545 [INFO] "GET /account/user/profile/ HTTP/1.1" 200 510
2024-07-09 02:54:08,171 +0545 [INFO] "GET /account/user/profile/ HTTP/1.1" 200 510
2024-07-09 02:54:14,822 +0545 [INFO] "GET /account/user/profile/ HTTP/1.1" 200 510
2024-07-09 02:54:14,832 +0545 [INFO] "GET /account/user/profile/ HTTP/1.1" 200 510
2024-07-09 02:54:17,544 +0545 [INFO] "GET /account/user/profile/ HTTP/1.1" 200 510
2024-07-09 02:54:17,555 +0545 [INFO] "GET /account/user/profile/ HTTP/1.1" 200 510
2024-07-09 02:54:22,711 +0545 [INFO] "GET /account/user/details/ HTTP/1.1" 200 290
2024-07-09 02:54:22,716 +0545 [INFO] "GET /account/user/profile/ HTTP/1.1" 200 510
2024-07-09 02:54:22,724 +0545 [INFO] "GET /account/user/details/ HTTP/1.1" 200 290
2024-07-09 02:54:22,726 +0545 [INFO] "GET /account/user/profile/ HTTP/1.1" 200 510
2024-07-09 02:54:22,785 +0545 [INFO] "GET /account/seller-profile/1/ HTTP/1.1" 200 198
2024-07-09 02:54:25,452 +0545 [INFO] "GET /e-com/api/products/public/list/ HTTP/1.1" 200 6042
2024-07-09 02:54:25,460 +0545 [INFO] "GET /e-com/api/products/public/list/ HTTP/1.1" 200 6042
2024-07-09 02:54:25,468 +0545 [INFO] "GET /media/seller/product_images/a78-427_600-green.png HTTP/1.1" 304 0
2024-07-09 02:54:40,773 +0545 [INFO] "POST /account/auth/login/ HTTP/1.1" 200 483
2024-07-09 02:54:40,849 +0545 [INFO] "GET /e-com/api/products/public/list/ HTTP/1.1" 200 6042
2024-07-09 02:54:40,856 +0545 [INFO] "GET /account/user/details/ HTTP/1.1" 200 288
2024-07-09 02:54:40,857 +0545 [INFO] "GET /account/user/profile/ HTTP/1.1" 200 466
2024-07-09 02:54:40,860 +0545 [INFO] "GET /e-com/api/products/public/list/ HTTP/1.1" 200 6042
2024-07-09 02:54:40,869 +0545 [INFO] "GET /account/user/details/ HTTP/1.1" 200 288
2024-07-09 02:54:40,873 +0545 [INFO] "GET /account/user/profile/ HTTP/1.1" 200 466
2024-07-09 02:54:40,879 +0545 [INFO] "GET /account/user/profile/ HTTP/1.1" 200 466
2024-07-09 02:54:40,888 +0545 [INFO] "GET /account/user/profile/ HTTP/1.1" 200 466
2024-07-09 02:54:42,743 +0545 [INFO] "GET /account/user/details/ HTTP/1.1" 200 288
2024-07-09 02:54:42,744 +0545 [INFO] "GET /account/user/profile/ HTTP/1.1" 200 466
2024-07-09 02:54:42,761 +0545 [INFO] "GET /account/user/profile/ HTTP/1.1" 200 466
2024-07-09 02:54:42,761 +0545 [INFO] "GET /account/user/details/ HTTP/1.1" 200 288
2024-07-09 02:54:42,765 +0545 [INFO] "GET /account/buyer-profile/2/ HTTP/1.1" 200 160
2024-07-09 02:54:44,754 +0545 [INFO] "GET /e-com/api/products/public/list/ HTTP/1.1" 200 6042
2024-07-09 02:54:44,762 +0545 [INFO] "GET /account/user/details/ HTTP/1.1" 200 288
2024-07-09 02:54:44,766 +0545 [INFO] "GET /account/user/profile/ HTTP/1.1" 200 466
2024-07-09 02:54:44,772 +0545 [INFO] "GET /e-com/api/products/public/list/ HTTP/1.1" 200 6042
2024-07-09 02:54:44,788 +0545 [INFO] "GET /account/user/details/ HTTP/1.1" 200 288
2024-07-09 02:54:44,788 +0545 [INFO] "GET /media/seller/product_images/a78-427_600-green.png HTTP/1.1" 304 0
2024-07-09 02:54:44,792 +0545 [INFO] "GET /account/user/profile/ HTTP/1.1" 200 466
2024-07-09 02:54:44,801 +0545 [INFO] "GET /account/user/profile/ HTTP/1.1" 200 466
2024-07-09 02:54:44,808 +0545 [INFO] "GET /account/user/profile/ HTTP/1.1" 200 466
2024-07-09 02:54:46,286 +0545 [INFO] "GET /e-com/api/reviews/ HTTP/1.1" 200 2
2024-07-09 02:54:46,289 +0545 [INFO] "GET /e-com/api/products/public/list/ HTTP/1.1" 200 6042
2024-07-09 02:54:46,296 +0545 [INFO] "GET /e-com/api/reviews/ HTTP/1.1" 200 2
2024-07-09 02:54:46,299 +0545 [INFO] "GET /e-com/api/products/public/list/ HTTP/1.1" 200 6042
2024-07-09 02:54:46,300 +0545 [INFO] "GET /account/user/profile/ HTTP/1.1" 200 466
2024-07-09 02:54:46,307 +0545 [INFO] "GET /account/user/profile/ HTTP/1.1" 200 466
2024-07-09 02:54:46,315 +0545 [INFO] "GET /account/user/profile/ HTTP/1.1" 200 466
2024-07-09 02:54:46,324 +0545 [INFO] "GET /account/user/profile/ HTTP/1.1" 200 466
2024-07-09 02:54:47,472 +0545 [INFO] "GET /account/user/profile/ HTTP/1.1" 200 466
2024-07-09 02:54:47,486 +0545 [INFO] "GET /account/user/profile/ HTTP/1.1" 200 466
2024-07-09 02:54:53,952 +0545 [INFO] "GET /account/user/profile/ HTTP/1.1" 200 466
2024-07-09 02:54:53,962 +0545 [INFO] "GET /account/user/profile/ HTTP/1.1" 200 466
2024-07-09 02:54:57,681 +0545 [INFO] "GET /account/user/profile/ HTTP/1.1" 200 466
2024-07-09 02:54:57,692 +0545 [INFO] "GET /account/user/profile/ HTTP/1.1" 200 466
2024-07-09 02:55:00,862 +0545 [INFO] "POST /e-com/api/orders/ HTTP/1.1" 201 1134
2024-07-09 02:55:05,949 +0545 [INFO] "GET /e-com/api/products/public/list/ HTTP/1.1" 200 6042
2024-07-09 02:55:05,954 +0545 [INFO] "GET /account/user/details/ HTTP/1.1" 200 288
2024-07-09 02:55:05,954 +0545 [INFO] "GET /account/user/profile/ HTTP/1.1" 200 466
2024-07-09 02:55:05,960 +0545 [INFO] "GET /e-com/api/products/public/list/ HTTP/1.1" 200 6042
2024-07-09 02:55:05,972 +0545 [INFO] "GET /account/user/details/ HTTP/1.1" 200 288
2024-07-09 02:55:05,973 +0545 [INFO] "GET /account/user/profile/ HTTP/1.1" 200 466
2024-07-09 02:55:05,980 +0545 [INFO] "GET /account/user/profile/ HTTP/1.1" 200 466
2024-07-09 02:55:05,987 +0545 [INFO] "GET /account/user/profile/ HTTP/1.1" 200 466
2024-07-09 02:55:08,706 +0545 [INFO] "GET /account/user/details/ HTTP/1.1" 200 288
2024-07-09 02:55:08,708 +0545 [INFO] "GET /account/user/profile/ HTTP/1.1" 200 466
2024-07-09 02:55:08,719 +0545 [INFO] "GET /account/user/details/ HTTP/1.1" 200 288
2024-07-09 02:55:08,722 +0545 [INFO] "GET /account/buyer-profile/2/ HTTP/1.1" 200 160
2024-07-09 02:55:08,723 +0545 [INFO] "GET /account/user/profile/ HTTP/1.1" 200 466
2024-07-09 02:55:09,676 +0545 [INFO] "GET /e-com/api/orders/ HTTP/1.1" 200 2704
2024-07-09 02:55:09,681 +0545 [INFO] "GET /e-com/api/orders/ HTTP/1.1" 200 2704
2024-07-09 02:55:14,675 +0545 [INFO] "GET /e-com/api/products/public/list/ HTTP/1.1" 200 6042
2024-07-09 02:55:14,676 +0545 [INFO] "GET /account/user/details/ HTTP/1.1" 200 288
2024-07-09 02:55:14,677 +0545 [INFO] "GET /account/user/profile/ HTTP/1.1" 200 466
2024-07-09 02:55:14,690 +0545 [INFO] "GET /e-com/api/products/public/list/ HTTP/1.1" 200 6042
2024-07-09 02:55:14,697 +0545 [INFO] "GET /account/user/details/ HTTP/1.1" 200 288
2024-07-09 02:55:14,700 +0545 [INFO] "GET /account/user/profile/ HTTP/1.1" 200 466
2024-07-09 02:55:14,708 +0545 [INFO] "GET /account/user/profile/ HTTP/1.1" 200 466
2024-07-09 02:55:14,715 +0545 [INFO] "GET /account/user/profile/ HTTP/1.1" 200 466
2024-07-09 02:55:17,994 +0545 [INFO] "GET /account/user/profile/ HTTP/1.1" 200 466
2024-07-09 02:55:17,994 +0545 [INFO] "GET /account/user/details/ HTTP/1.1" 200 288
2024-07-09 02:55:18,007 +0545 [INFO] "GET /account/buyer-profile/2/ HTTP/1.1" 200 160
2024-07-09 02:55:18,010 +0545 [INFO] "GET /account/user/details/ HTTP/1.1" 200 288
2024-07-09 02:55:18,012 +0545 [INFO] "GET /account/user/profile/ HTTP/1.1" 200 466
2024-07-09 02:55:46,047 +0545 [WARNING] Not Found: /
2024-07-09 02:55:46,048 +0545 [WARNING] "GET / HTTP/1.1" 404 2404
2024-07-09 02:55:46,139 +0545 [WARNING] Not Found: /favicon.ico
2024-07-09 02:55:46,140 +0545 [WARNING] "GET /favicon.ico HTTP/1.1" 404 2455
2024-07-09 02:55:54,685 +0545 [INFO] "GET /e-com/api/buyer/orders/final-archive/ HTTP/1.1" 200 10294
2024-07-09 02:55:54,722 +0545 [INFO] "GET /static/rest_framework/css/bootstrap.min.css HTTP/1.1" 200 121457
2024-07-09 02:55:54,734 +0545 [INFO] "GET /static/rest_framework/css/bootstrap-tweaks.css HTTP/1.1" 200 3426
2024-07-09 02:55:54,739 +0545 [INFO] "GET /static/rest_framework/css/prettify.css HTTP/1.1" 200 817
2024-07-09 02:55:54,739 +0545 [INFO] "GET /static/rest_framework/css/default.css HTTP/1.1" 200 1152
2024-07-09 02:55:54,742 +0545 [INFO] "GET /static/rest_framework/js/ajax-form.js HTTP/1.1" 200 3796
2024-07-09 02:55:54,743 +0545 [INFO] "GET /static/rest_framework/js/csrf.js HTTP/1.1" 200 1793
2024-07-09 02:55:54,744 +0545 [INFO] "GET /static/rest_framework/js/prettify-min.js HTTP/1.1" 200 13632
2024-07-09 02:55:54,745 +0545 [INFO] "GET /static/rest_framework/js/default.js HTTP/1.1" 200 1268
2024-07-09 02:55:54,748 +0545 [INFO] "GET /static/rest_framework/js/bootstrap.min.js HTTP/1.1" 200 39680
2024-07-09 02:55:54,748 +0545 [INFO] "GET /static/rest_framework/js/load-ajax-form.js HTTP/1.1" 200 59
2024-07-09 02:55:54,751 +0545 [INFO] "GET /static/rest_framework/js/jquery-3.7.1.min.js HTTP/1.1" 200 87533
2024-07-09 02:55:54,755 +0545 [INFO] "GET /static/rest_framework/img/grid.png HTTP/1.1" 200 1458
2024-07-09 02:56:02,479 +0545 [INFO] "GET /e-com/api/orders/ HTTP/1.1" 200 2704
2024-07-09 02:56:02,485 +0545 [INFO] "GET /e-com/api/orders/ HTTP/1.1" 200 2704
2024-07-09 02:56:03,992 +0545 [INFO] "GET /account/user/profile/ HTTP/1.1" 200 466
2024-07-09 02:56:04,004 +0545 [INFO] "GET /account/user/profile/ HTTP/1.1" 200 466
2024-07-09 02:56:04,025 +0545 [INFO] "GET /account/user/details/ HTTP/1.1" 200 288
2024-07-09 02:56:04,036 +0545 [INFO] "GET /account/user/details/ HTTP/1.1" 200 288
2024-07-09 02:56:04,048 +0545 [INFO] "GET /account/buyer-profile/2/ HTTP/1.1" 200 160
2024-07-09 02:56:05,431 +0545 [INFO] "GET /e-com/api/orders/ HTTP/1.1" 200 2704
2024-07-09 02:56:05,436 +0545 [INFO] "GET /e-com/api/orders/ HTTP/1.1" 200 2704
2024-07-09 02:56:07,771 +0545 [INFO] "GET /e-com/api/buyer/orders/final-archive/ HTTP/1.1" 200 10294
2024-07-09 02:56:27,477 +0545 [WARNING] Unauthorized: /e-com/api/buyer/orders/final-archive/
2024-07-09 02:56:27,478 +0545 [WARNING] "PUT /e-com/api/buyer/orders/final-archive/ HTTP/1.1" 401 183
2024-07-09 02:56:31,541 +0545 [WARNING] Unauthorized: /e-com/api/buyer/orders/final-archive/
2024-07-09 02:56:31,543 +0545 [WARNING] "GET /e-com/api/buyer/orders/final-archive/ HTTP/1.1" 401 183
2024-07-09 02:56:38,390 +0545 [INFO] "GET /e-com/api/buyer/orders/final-archive/ HTTP/1.1" 200 2
2024-07-09 02:56:57,334 +0545 [INFO] "GET /account/user/profile/ HTTP/1.1" 200 466
2024-07-09 02:56:57,363 +0545 [INFO] "GET /account/user/profile/ HTTP/1.1" 200 466
2024-07-09 02:56:57,391 +0545 [INFO] "GET /account/user/details/ HTTP/1.1" 200 288
2024-07-09 02:56:57,436 +0545 [INFO] "GET /account/user/details/ HTTP/1.1" 200 288
2024-07-09 02:56:57,702 +0545 [INFO] "GET /account/buyer-profile/2/ HTTP/1.1" 200 160
2024-07-09 02:57:27,027 +0545 [INFO] "GET /e-com/api/buyer/orders/final-archive/ HTTP/1.1" 200 2
2024-07-09 02:59:33,104 +0545 [INFO] /Users/dilli/Desktop/e-com/backend/account/migrations/__init__.py changed, reloading.
2024-07-09 02:59:33,501 +0545 [INFO] Watching for file changes with StatReloader
2024-07-09 03:00:19,479 +0545 [WARNING] Unauthorized: /account/user/profile/
2024-07-09 03:00:19,480 +0545 [WARNING] Unauthorized: /account/user/details/
2024-07-09 03:00:19,481 +0545 [WARNING] "GET /account/user/profile/ HTTP/1.1" 401 51
2024-07-09 03:00:19,481 +0545 [WARNING] "GET /account/user/details/ HTTP/1.1" 401 51
2024-07-09 03:00:19,491 +0545 [WARNING] Unauthorized: /account/user/details/
2024-07-09 03:00:19,491 +0545 [WARNING] "GET /account/user/details/ HTTP/1.1" 401 51
2024-07-09 03:00:19,493 +0545 [WARNING] Unauthorized: /account/user/profile/
2024-07-09 03:00:19,494 +0545 [WARNING] "GET /account/user/profile/ HTTP/1.1" 401 51
2024-07-09 03:00:23,480 +0545 [INFO] "GET /e-com/api/products/public/list/ HTTP/1.1" 200 2
2024-07-09 03:00:23,525 +0545 [INFO] "GET /e-com/api/products/public/list/ HTTP/1.1" 200 2
2024-07-09 03:00:45,044 +0545 [INFO] "OPTIONS /account/auth/register/ HTTP/1.1" 200 0
2024-07-09 03:00:45,374 +0545 [INFO] "POST /account/auth/register/ HTTP/1.1" 200 288
2024-07-09 03:00:58,238 +0545 [INFO] "POST /account/auth/login/ HTTP/1.1" 200 483
2024-07-09 03:00:58,343 +0545 [INFO] "GET /e-com/api/products/public/list/ HTTP/1.1" 200 2
2024-07-09 03:00:58,363 +0545 [INFO] "GET /account/user/details/ HTTP/1.1" 200 288
2024-07-09 03:00:58,372 +0545 [INFO] "GET /account/user/profile/ HTTP/1.1" 200 384
2024-07-09 03:00:58,383 +0545 [INFO] "GET /e-com/api/products/public/list/ HTTP/1.1" 200 2
2024-07-09 03:00:58,395 +0545 [INFO] "GET /account/user/details/ HTTP/1.1" 200 288
2024-07-09 03:00:58,397 +0545 [INFO] "GET /account/user/profile/ HTTP/1.1" 200 384
2024-07-09 03:00:58,404 +0545 [INFO] "GET /account/user/profile/ HTTP/1.1" 200 384
2024-07-09 03:00:58,414 +0545 [INFO] "GET /account/user/profile/ HTTP/1.1" 200 384
2024-07-09 03:01:00,328 +0545 [INFO] "GET /account/user/profile/ HTTP/1.1" 200 384
2024-07-09 03:01:00,329 +0545 [INFO] "GET /account/user/details/ HTTP/1.1" 200 288
2024-07-09 03:01:00,337 +0545 [INFO] "OPTIONS /account/buyer-profile/1/ HTTP/1.1" 200 0
2024-07-09 03:01:00,343 +0545 [INFO] "GET /account/user/details/ HTTP/1.1" 200 288
2024-07-09 03:01:00,347 +0545 [INFO] "GET /account/user/profile/ HTTP/1.1" 200 384
2024-07-09 03:01:00,348 +0545 [INFO] "GET /account/buyer-profile/1/ HTTP/1.1" 200 78
2024-07-09 03:01:19,445 +0545 [INFO] "PUT /account/buyer-profile/1/ HTTP/1.1" 200 190
2024-07-09 03:01:21,437 +0545 [INFO] "GET /account/user/profile/ HTTP/1.1" 200 496
2024-07-09 03:01:21,454 +0545 [INFO] "GET /account/user/profile/ HTTP/1.1" 200 496
2024-07-09 03:01:21,499 +0545 [INFO] "GET /account/user/details/ HTTP/1.1" 200 288
2024-07-09 03:01:21,556 +0545 [INFO] "GET /account/user/details/ HTTP/1.1" 200 288
2024-07-09 03:01:21,575 +0545 [INFO] "GET /account/buyer-profile/1/ HTTP/1.1" 200 190
2024-07-09 03:01:21,601 +0545 [INFO] "GET /media/user/profile_images/1_L2_3HJTZhbZQLXIwr0MVaQ_q8xlFvE.gif HTTP/1.1" 200 649541
2024-07-09 03:01:21,623 +0545 [INFO] "GET /media/user/profile_images/1_L2_3HJTZhbZQLXIwr0MVaQ_q8xlFvE.gif HTTP/1.1" 200 649541
2024-07-09 03:01:23,690 +0545 [INFO] "GET /e-com/api/orders/ HTTP/1.1" 200 2
2024-07-09 03:01:23,701 +0545 [INFO] "GET /e-com/api/orders/ HTTP/1.1" 200 2
2024-07-09 03:01:24,745 +0545 [INFO] "GET /e-com/api/products/public/list/ HTTP/1.1" 200 2
2024-07-09 03:01:24,756 +0545 [INFO] "GET /e-com/api/products/public/list/ HTTP/1.1" 200 2
2024-07-09 03:01:24,760 +0545 [INFO] "GET /account/user/details/ HTTP/1.1" 200 288
2024-07-09 03:01:24,761 +0545 [INFO] "GET /account/user/profile/ HTTP/1.1" 200 496
2024-07-09 03:01:24,780 +0545 [INFO] "GET /account/user/details/ HTTP/1.1" 200 288
2024-07-09 03:01:24,784 +0545 [INFO] "GET /account/user/profile/ HTTP/1.1" 200 496
2024-07-09 03:01:24,795 +0545 [INFO] "GET /account/user/profile/ HTTP/1.1" 200 496
2024-07-09 03:01:24,813 +0545 [INFO] "GET /account/user/profile/ HTTP/1.1" 200 496
2024-07-09 03:01:27,041 +0545 [INFO] "GET /account/user/details/ HTTP/1.1" 200 288
2024-07-09 03:01:27,042 +0545 [INFO] "GET /account/user/profile/ HTTP/1.1" 200 496
2024-07-09 03:01:27,057 +0545 [INFO] "GET /account/user/details/ HTTP/1.1" 200 288
2024-07-09 03:01:27,062 +0545 [INFO] "GET /account/user/profile/ HTTP/1.1" 200 496
2024-07-09 03:01:27,064 +0545 [INFO] "GET /account/buyer-profile/1/ HTTP/1.1" 200 190
2024-07-09 03:01:29,477 +0545 [INFO] "GET /e-com/api/products/public/list/ HTTP/1.1" 200 2
2024-07-09 03:01:29,491 +0545 [INFO] "GET /e-com/api/products/public/list/ HTTP/1.1" 200 2
2024-07-09 03:02:35,761 +0545 [INFO] "POST /account/auth/register/ HTTP/1.1" 200 290
2024-07-09 03:02:49,291 +0545 [INFO] "POST /account/auth/login/ HTTP/1.1" 200 483
2024-07-09 03:02:49,384 +0545 [INFO] "GET /e-com/api/products/public/list/ HTTP/1.1" 200 2
2024-07-09 03:02:49,402 +0545 [INFO] "GET /e-com/api/products/public/list/ HTTP/1.1" 200 2
2024-07-09 03:02:49,404 +0545 [INFO] "GET /account/user/details/ HTTP/1.1" 200 290
2024-07-09 03:02:49,405 +0545 [INFO] "GET /account/user/profile/ HTTP/1.1" 200 409
2024-07-09 03:02:49,416 +0545 [INFO] "GET /account/user/details/ HTTP/1.1" 200 290
2024-07-09 03:02:49,421 +0545 [INFO] "GET /account/user/profile/ HTTP/1.1" 200 409
2024-07-09 03:02:49,429 +0545 [INFO] "GET /account/user/profile/ HTTP/1.1" 200 409
2024-07-09 03:02:49,436 +0545 [INFO] "GET /account/user/profile/ HTTP/1.1" 200 409
2024-07-09 03:02:51,429 +0545 [INFO] "GET /account/user/details/ HTTP/1.1" 200 290
2024-07-09 03:02:51,432 +0545 [INFO] "GET /account/user/profile/ HTTP/1.1" 200 409
2024-07-09 03:02:51,443 +0545 [INFO] "GET /account/user/details/ HTTP/1.1" 200 290
2024-07-09 03:02:51,444 +0545 [INFO] "GET /account/user/profile/ HTTP/1.1" 200 409
2024-07-09 03:02:51,547 +0545 [INFO] "OPTIONS /account/seller-profile/2/ HTTP/1.1" 200 0
2024-07-09 03:02:51,558 +0545 [INFO] "GET /account/seller-profile/2/ HTTP/1.1" 200 97
2024-07-09 03:03:14,265 +0545 [INFO] "GET /e-com/api/sellers/orders/ HTTP/1.1" 200 2
2024-07-09 03:03:14,269 +0545 [INFO] "GET /e-com/api/sellers/orders/ HTTP/1.1" 200 2
2024-07-09 03:03:15,990 +0545 [INFO] "GET /account/user/details/ HTTP/1.1" 200 290
2024-07-09 03:03:15,998 +0545 [INFO] "GET /account/user/details/ HTTP/1.1" 200 290
2024-07-09 03:03:16,047 +0545 [INFO] "GET /account/seller-profile/2/ HTTP/1.1" 200 97
2024-07-09 03:03:31,298 +0545 [INFO] "OPTIONS /e-com/api/categories/ HTTP/1.1" 200 0
2024-07-09 03:03:31,308 +0545 [INFO] "POST /e-com/api/categories/ HTTP/1.1" 201 187
2024-07-09 03:03:33,455 +0545 [INFO] "GET /account/seller-profile/2/ HTTP/1.1" 200 97
2024-07-09 03:03:35,560 +0545 [INFO] "GET /account/user/profile/ HTTP/1.1" 200 409
2024-07-09 03:03:35,592 +0545 [INFO] "GET /account/user/profile/ HTTP/1.1" 200 409
2024-07-09 03:03:35,715 +0545 [INFO] "GET /account/user/details/ HTTP/1.1" 200 290
2024-07-09 03:03:35,753 +0545 [INFO] "GET /account/user/details/ HTTP/1.1" 200 290
2024-07-09 03:03:35,800 +0545 [INFO] "GET /account/seller-profile/2/ HTTP/1.1" 200 97
2024-07-09 03:03:36,957 +0545 [INFO] "GET /e-com/api/categories/list/ HTTP/1.1" 200 189
2024-07-09 03:03:36,967 +0545 [INFO] "GET /account/user/details/ HTTP/1.1" 200 290
2024-07-09 03:03:36,969 +0545 [INFO] "GET /e-com/api/categories/list/ HTTP/1.1" 200 189
2024-07-09 03:03:36,979 +0545 [INFO] "GET /account/user/details/ HTTP/1.1" 200 290
2024-07-09 03:04:24,057 +0545 [INFO] "POST /e-com/api/products/upload/ HTTP/1.1" 201 1178
2024-07-09 03:04:31,429 +0545 [INFO] "GET /e-com/api/products/public/list/ HTTP/1.1" 200 1198
2024-07-09 03:04:31,452 +0545 [INFO] "GET /e-com/api/products/public/list/ HTTP/1.1" 200 1198
2024-07-09 03:04:31,454 +0545 [INFO] "GET /account/user/details/ HTTP/1.1" 200 290
2024-07-09 03:04:31,474 +0545 [INFO] "GET /account/user/profile/ HTTP/1.1" 200 409
2024-07-09 03:04:31,484 +0545 [INFO] "GET /account/user/details/ HTTP/1.1" 200 290
2024-07-09 03:04:31,487 +0545 [INFO] "GET /account/user/profile/ HTTP/1.1" 200 409
2024-07-09 03:04:31,496 +0545 [INFO] "GET /account/user/profile/ HTTP/1.1" 200 409
2024-07-09 03:04:31,505 +0545 [INFO] "GET /account/user/profile/ HTTP/1.1" 200 409
2024-07-09 03:04:31,522 +0545 [INFO] "GET /media/seller/product_images/a78-427_600-green_S29IHFt.png HTTP/1.1" 200 97358
2024-07-09 03:04:34,391 +0545 [INFO] "GET /account/user/details/ HTTP/1.1" 200 290
2024-07-09 03:04:34,392 +0545 [INFO] "GET /account/user/profile/ HTTP/1.1" 200 409
2024-07-09 03:04:34,402 +0545 [INFO] "GET /account/user/details/ HTTP/1.1" 200 290
2024-07-09 03:04:34,404 +0545 [INFO] "GET /account/user/profile/ HTTP/1.1" 200 409
2024-07-09 03:04:34,482 +0545 [INFO] "GET /account/seller-profile/2/ HTTP/1.1" 200 97
2024-07-09 03:04:37,285 +0545 [INFO] "GET /e-com/api/products/public/list/ HTTP/1.1" 200 1198
2024-07-09 03:04:37,336 +0545 [INFO] "GET /media/seller/product_images/a78-427_600-green_S29IHFt.png HTTP/1.1" 304 0
2024-07-09 03:04:37,343 +0545 [INFO] "GET /e-com/api/products/public/list/ HTTP/1.1" 200 1198
2024-07-09 03:04:49,318 +0545 [INFO] "POST /account/auth/login/ HTTP/1.1" 200 483
2024-07-09 03:04:49,408 +0545 [INFO] "GET /e-com/api/products/public/list/ HTTP/1.1" 200 1198
2024-07-09 03:04:49,445 +0545 [INFO] "GET /account/user/details/ HTTP/1.1" 200 288
2024-07-09 03:04:49,454 +0545 [INFO] "GET /account/user/profile/ HTTP/1.1" 200 496
2024-07-09 03:04:49,455 +0545 [INFO] "GET /e-com/api/products/public/list/ HTTP/1.1" 200 1198
2024-07-09 03:04:49,479 +0545 [INFO] "GET /account/user/details/ HTTP/1.1" 200 288
2024-07-09 03:04:49,483 +0545 [INFO] "GET /account/user/profile/ HTTP/1.1" 200 496
2024-07-09 03:04:49,509 +0545 [INFO] "GET /account/user/profile/ HTTP/1.1" 200 496
2024-07-09 03:04:49,532 +0545 [INFO] "GET /account/user/profile/ HTTP/1.1" 200 496
2024-07-09 03:04:49,533 +0545 [INFO] "GET /media/user/profile_images/1_L2_3HJTZhbZQLXIwr0MVaQ_q8xlFvE.gif HTTP/1.1" 304 0
2024-07-09 03:04:51,851 +0545 [INFO] "GET /account/user/details/ HTTP/1.1" 200 288
2024-07-09 03:04:51,860 +0545 [INFO] "GET /account/user/profile/ HTTP/1.1" 200 496
2024-07-09 03:04:51,868 +0545 [INFO] "GET /account/buyer-profile/1/ HTTP/1.1" 200 190
2024-07-09 03:04:51,871 +0545 [INFO] "GET /account/user/details/ HTTP/1.1" 200 288
2024-07-09 03:04:51,880 +0545 [INFO] "GET /media/user/profile_images/1_L2_3HJTZhbZQLXIwr0MVaQ_q8xlFvE.gif HTTP/1.1" 304 0
2024-07-09 03:04:51,880 +0545 [INFO] "GET /account/user/profile/ HTTP/1.1" 200 496
2024-07-09 03:04:53,956 +0545 [INFO] "GET /e-com/api/orders/ HTTP/1.1" 200 2
2024-07-09 03:04:53,962 +0545 [INFO] "GET /e-com/api/orders/ HTTP/1.1" 200 2
2024-07-09 03:04:55,947 +0545 [INFO] "GET /e-com/api/reviews/create/ HTTP/1.1" 200 2
2024-07-09 03:04:55,952 +0545 [INFO] "GET /e-com/api/reviews/create/ HTTP/1.1" 200 2
2024-07-09 03:04:57,142 +0545 [INFO] "GET /e-com/api/orders/ HTTP/1.1" 200 2
2024-07-09 03:04:57,146 +0545 [INFO] "GET /e-com/api/orders/ HTTP/1.1" 200 2
2024-07-09 03:05:01,770 +0545 [INFO] "GET /e-com/api/products/public/list/ HTTP/1.1" 200 1198
2024-07-09 03:05:01,777 +0545 [INFO] "GET /account/user/profile/ HTTP/1.1" 200 496
2024-07-09 03:05:01,781 +0545 [INFO] "GET /account/user/details/ HTTP/1.1" 200 288
2024-07-09 03:05:01,783 +0545 [INFO] "GET /e-com/api/products/public/list/ HTTP/1.1" 200 1198
2024-07-09 03:05:01,796 +0545 [INFO] "GET /account/user/profile/ HTTP/1.1" 200 496
2024-07-09 03:05:01,797 +0545 [INFO] "GET /account/user/details/ HTTP/1.1" 200 288
2024-07-09 03:05:01,809 +0545 [INFO] "GET /account/user/profile/ HTTP/1.1" 200 496
2024-07-09 03:05:01,818 +0545 [INFO] "GET /account/user/profile/ HTTP/1.1" 200 496
2024-07-09 03:05:02,511 +0545 [INFO] "GET /e-com/api/reviews/ HTTP/1.1" 200 2
2024-07-09 03:05:02,512 +0545 [INFO] "GET /e-com/api/products/public/list/ HTTP/1.1" 200 1198
2024-07-09 03:05:02,520 +0545 [INFO] "GET /account/user/profile/ HTTP/1.1" 200 496
2024-07-09 03:05:02,526 +0545 [INFO] "GET /e-com/api/reviews/ HTTP/1.1" 200 2
2024-07-09 03:05:02,527 +0545 [INFO] "GET /e-com/api/products/public/list/ HTTP/1.1" 200 1198
2024-07-09 03:05:02,532 +0545 [INFO] "GET /account/user/profile/ HTTP/1.1" 200 496
2024-07-09 03:05:02,540 +0545 [INFO] "GET /account/user/profile/ HTTP/1.1" 200 496
2024-07-09 03:05:02,551 +0545 [INFO] "GET /account/user/profile/ HTTP/1.1" 200 496
2024-07-09 03:05:03,803 +0545 [INFO] "GET /account/user/profile/ HTTP/1.1" 200 496
2024-07-09 03:05:03,813 +0545 [INFO] "GET /account/user/profile/ HTTP/1.1" 200 496
2024-07-09 03:05:09,711 +0545 [INFO] "GET /account/user/profile/ HTTP/1.1" 200 496
2024-07-09 03:05:09,723 +0545 [INFO] "GET /account/user/profile/ HTTP/1.1" 200 496
2024-07-09 03:05:11,584 +0545 [INFO] "GET /account/user/profile/ HTTP/1.1" 200 496
2024-07-09 03:05:11,594 +0545 [INFO] "GET /account/user/profile/ HTTP/1.1" 200 496
2024-07-09 03:05:16,260 +0545 [INFO] "POST /e-com/api/orders/ HTTP/1.1" 201 1199
2024-07-09 03:05:21,339 +0545 [INFO] "GET /e-com/api/products/public/list/ HTTP/1.1" 200 1198
2024-07-09 03:05:21,353 +0545 [INFO] "GET /account/user/profile/ HTTP/1.1" 200 496
2024-07-09 03:05:21,356 +0545 [INFO] "GET /account/user/details/ HTTP/1.1" 200 288
2024-07-09 03:05:21,360 +0545 [INFO] "GET /e-com/api/products/public/list/ HTTP/1.1" 200 1198
2024-07-09 03:05:21,375 +0545 [INFO] "GET /account/user/details/ HTTP/1.1" 200 288
2024-07-09 03:05:21,383 +0545 [INFO] "GET /account/user/profile/ HTTP/1.1" 200 496
2024-07-09 03:05:21,392 +0545 [INFO] "GET /account/user/profile/ HTTP/1.1" 200 496
2024-07-09 03:05:21,399 +0545 [INFO] "GET /account/user/profile/ HTTP/1.1" 200 496
2024-07-09 03:05:22,853 +0545 [INFO] "GET /account/user/details/ HTTP/1.1" 200 288
2024-07-09 03:05:22,865 +0545 [INFO] "GET /account/user/profile/ HTTP/1.1" 200 496
2024-07-09 03:05:22,871 +0545 [INFO] "GET /account/user/details/ HTTP/1.1" 200 288
2024-07-09 03:05:22,876 +0545 [INFO] "GET /account/buyer-profile/1/ HTTP/1.1" 200 190
2024-07-09 03:05:22,878 +0545 [INFO] "GET /account/user/profile/ HTTP/1.1" 200 496
2024-07-09 03:05:22,885 +0545 [INFO] "GET /media/user/profile_images/1_L2_3HJTZhbZQLXIwr0MVaQ_q8xlFvE.gif HTTP/1.1" 304 0
2024-07-09 03:05:24,248 +0545 [INFO] "GET /e-com/api/orders/ HTTP/1.1" 200 1201
2024-07-09 03:05:24,256 +0545 [INFO] "GET /e-com/api/orders/ HTTP/1.1" 200 1201
2024-07-09 03:05:29,993 +0545 [INFO] "GET /e-com/api/products/public/list/ HTTP/1.1" 200 1198
2024-07-09 03:05:30,006 +0545 [INFO] "GET /e-com/api/products/public/list/ HTTP/1.1" 200 1198
2024-07-09 03:05:30,023 +0545 [INFO] "GET /media/seller/product_images/a78-427_600-green_S29IHFt.png HTTP/1.1" 304 0
2024-07-09 03:05:35,487 +0545 [INFO] "POST /account/auth/login/ HTTP/1.1" 200 483
2024-07-09 03:05:35,570 +0545 [INFO] "GET /e-com/api/products/public/list/ HTTP/1.1" 200 1198
2024-07-09 03:05:35,586 +0545 [INFO] "GET /account/user/details/ HTTP/1.1" 200 290
2024-07-09 03:05:35,591 +0545 [INFO] "GET /account/user/profile/ HTTP/1.1" 200 409
2024-07-09 03:05:35,598 +0545 [INFO] "GET /e-com/api/products/public/list/ HTTP/1.1" 200 1198
2024-07-09 03:05:35,608 +0545 [INFO] "GET /account/user/details/ HTTP/1.1" 200 290
2024-07-09 03:05:35,613 +0545 [INFO] "GET /account/user/profile/ HTTP/1.1" 200 409
2024-07-09 03:05:35,623 +0545 [INFO] "GET /account/user/profile/ HTTP/1.1" 200 409
2024-07-09 03:05:35,632 +0545 [INFO] "GET /account/user/profile/ HTTP/1.1" 200 409
2024-07-09 03:05:37,961 +0545 [INFO] "GET /account/user/details/ HTTP/1.1" 200 290
2024-07-09 03:05:37,965 +0545 [INFO] "GET /account/user/profile/ HTTP/1.1" 200 409
2024-07-09 03:05:37,971 +0545 [INFO] "GET /account/user/details/ HTTP/1.1" 200 290
2024-07-09 03:05:37,977 +0545 [INFO] "GET /account/user/profile/ HTTP/1.1" 200 409
2024-07-09 03:05:38,087 +0545 [INFO] "GET /account/seller-profile/2/ HTTP/1.1" 200 97
2024-07-09 03:05:39,891 +0545 [INFO] "GET /e-com/api/categories/list/ HTTP/1.1" 200 189
2024-07-09 03:05:39,895 +0545 [INFO] "GET /account/user/details/ HTTP/1.1" 200 290
2024-07-09 03:05:39,900 +0545 [INFO] "GET /e-com/api/categories/list/ HTTP/1.1" 200 189
2024-07-09 03:05:39,905 +0545 [INFO] "GET /account/user/details/ HTTP/1.1" 200 290
2024-07-09 03:05:41,048 +0545 [INFO] "GET /account/user/details/ HTTP/1.1" 200 290
2024-07-09 03:05:41,057 +0545 [INFO] "GET /account/user/details/ HTTP/1.1" 200 290
2024-07-09 03:05:41,110 +0545 [INFO] "GET /account/seller-profile/2/ HTTP/1.1" 200 97
2024-07-09 03:05:41,761 +0545 [INFO] "GET /e-com/api/seller/products/list/ HTTP/1.1" 200 1180
2024-07-09 03:05:41,766 +0545 [INFO] "GET /e-com/api/seller/products/list/ HTTP/1.1" 200 1180
2024-07-09 03:05:41,775 +0545 [INFO] "GET /e-com/api/seller/products/list/ HTTP/1.1" 200 1180
2024-07-09 03:05:41,777 +0545 [INFO] "GET /media/seller/product_images/a78-427_600-green_S29IHFt.png HTTP/1.1" 304 0
2024-07-09 03:05:41,784 +0545 [INFO] "GET /e-com/api/seller/products/list/ HTTP/1.1" 200 1180
2024-07-09 03:05:43,944 +0545 [INFO] "GET /account/user/details/ HTTP/1.1" 200 290
2024-07-09 03:05:43,950 +0545 [INFO] "GET /account/user/details/ HTTP/1.1" 200 290
2024-07-09 03:05:44,003 +0545 [INFO] "GET /account/seller-profile/2/ HTTP/1.1" 200 97
2024-07-09 03:05:44,734 +0545 [INFO] "GET /e-com/api/sellers/orders/ HTTP/1.1" 200 769
2024-07-09 03:05:44,739 +0545 [INFO] "GET /e-com/api/sellers/orders/ HTTP/1.1" 200 769
2024-07-09 03:05:48,979 +0545 [INFO] "PUT /e-com/api/sellers/orders/edit/bulk/ HTTP/1.1" 200 769
2024-07-09 03:05:54,666 +0545 [INFO] "GET /account/user/details/ HTTP/1.1" 200 290
2024-07-09 03:05:54,673 +0545 [INFO] "GET /account/user/details/ HTTP/1.1" 200 290
2024-07-09 03:05:54,727 +0545 [INFO] "GET /account/seller-profile/2/ HTTP/1.1" 200 97
2024-07-09 03:05:55,602 +0545 [INFO] "GET /e-com/api/products/public/list/ HTTP/1.1" 200 1198
2024-07-09 03:05:55,617 +0545 [INFO] "GET /account/user/details/ HTTP/1.1" 200 290
2024-07-09 03:05:55,617 +0545 [INFO] "GET /e-com/api/products/public/list/ HTTP/1.1" 200 1198
2024-07-09 03:05:55,619 +0545 [INFO] "GET /account/user/profile/ HTTP/1.1" 200 409
2024-07-09 03:05:55,630 +0545 [INFO] "GET /account/user/details/ HTTP/1.1" 200 290
2024-07-09 03:05:55,634 +0545 [INFO] "GET /media/seller/product_images/a78-427_600-green_S29IHFt.png HTTP/1.1" 304 0
2024-07-09 03:05:55,639 +0545 [INFO] "GET /account/user/profile/ HTTP/1.1" 200 409
2024-07-09 03:05:55,649 +0545 [INFO] "GET /account/user/profile/ HTTP/1.1" 200 409
2024-07-09 03:05:55,656 +0545 [INFO] "GET /account/user/profile/ HTTP/1.1" 200 409
2024-07-09 03:05:58,900 +0545 [INFO] "GET /account/user/details/ HTTP/1.1" 200 290
2024-07-09 03:05:58,908 +0545 [INFO] "GET /account/user/profile/ HTTP/1.1" 200 409
2024-07-09 03:05:58,913 +0545 [INFO] "GET /account/user/details/ HTTP/1.1" 200 290
2024-07-09 03:05:58,920 +0545 [INFO] "GET /account/user/profile/ HTTP/1.1" 200 409
2024-07-09 03:05:58,977 +0545 [INFO] "GET /account/seller-profile/2/ HTTP/1.1" 200 97
2024-07-09 03:06:02,215 +0545 [INFO] "GET /e-com/api/products/public/list/ HTTP/1.1" 200 1198
2024-07-09 03:06:02,231 +0545 [INFO] "GET /e-com/api/products/public/list/ HTTP/1.1" 200 1198
2024-07-09 03:06:10,964 +0545 [INFO] "POST /account/auth/login/ HTTP/1.1" 200 483
2024-07-09 03:06:11,032 +0545 [INFO] "GET /e-com/api/products/public/list/ HTTP/1.1" 200 1198
2024-07-09 03:06:11,064 +0545 [INFO] "GET /account/user/details/ HTTP/1.1" 200 288
2024-07-09 03:06:11,072 +0545 [INFO] "GET /e-com/api/products/public/list/ HTTP/1.1" 200 1198
2024-07-09 03:06:11,072 +0545 [INFO] "GET /account/user/profile/ HTTP/1.1" 200 496
2024-07-09 03:06:11,083 +0545 [INFO] "GET /media/seller/product_images/a78-427_600-green_S29IHFt.png HTTP/1.1" 304 0
2024-07-09 03:06:11,090 +0545 [INFO] "GET /account/user/profile/ HTTP/1.1" 200 496
2024-07-09 03:06:11,091 +0545 [INFO] "GET /account/user/details/ HTTP/1.1" 200 288
2024-07-09 03:06:11,102 +0545 [INFO] "GET /account/user/profile/ HTTP/1.1" 200 496
2024-07-09 03:06:11,123 +0545 [INFO] "GET /media/user/profile_images/1_L2_3HJTZhbZQLXIwr0MVaQ_q8xlFvE.gif HTTP/1.1" 304 0
2024-07-09 03:06:11,124 +0545 [INFO] "GET /account/user/profile/ HTTP/1.1" 200 496
2024-07-09 03:06:12,841 +0545 [INFO] "GET /account/user/details/ HTTP/1.1" 200 288
2024-07-09 03:06:12,842 +0545 [INFO] "GET /account/user/profile/ HTTP/1.1" 200 496
2024-07-09 03:06:12,854 +0545 [INFO] "GET /account/user/details/ HTTP/1.1" 200 288
2024-07-09 03:06:12,855 +0545 [INFO] "GET /account/user/profile/ HTTP/1.1" 200 496
2024-07-09 03:06:12,859 +0545 [INFO] "GET /account/buyer-profile/1/ HTTP/1.1" 200 190
2024-07-09 03:06:12,867 +0545 [INFO] "GET /media/user/profile_images/1_L2_3HJTZhbZQLXIwr0MVaQ_q8xlFvE.gif HTTP/1.1" 304 0
2024-07-09 03:06:13,904 +0545 [INFO] "GET /e-com/api/orders/ HTTP/1.1" 200 1201
2024-07-09 03:06:13,911 +0545 [INFO] "GET /e-com/api/orders/ HTTP/1.1" 200 1201
2024-07-09 03:06:26,074 +0545 [INFO] "GET /e-com/api/buyer/orders/final-archive/ HTTP/1.1" 200 653
2024-07-09 03:06:40,660 +0545 [INFO] "GET /e-com/api/buyer/orders/final-archive/ HTTP/1.1" 200 2
2024-07-09 03:06:42,804 +0545 [INFO] "GET /e-com/api/buyer/orders/final-archive/ HTTP/1.1" 200 2
2024-07-09 03:06:56,609 +0545 [INFO] "GET /e-com/api/buyer/orders/final-archive/ HTTP/1.1" 200 2
2024-07-09 03:06:58,429 +0545 [INFO] "GET /e-com/api/buyer/orders/final-archive/ HTTP/1.1" 200 2
2024-07-09 03:06:58,793 +0545 [INFO] "GET /e-com/api/buyer/orders/final-archive/ HTTP/1.1" 200 2
2024-07-09 03:07:18,968 +0545 [INFO] "GET /account/user/profile/ HTTP/1.1" 200 496
2024-07-09 03:07:18,975 +0545 [INFO] "GET /account/user/profile/ HTTP/1.1" 200 496
2024-07-09 03:07:18,993 +0545 [INFO] "GET /account/user/details/ HTTP/1.1" 200 288
2024-07-09 03:07:19,009 +0545 [INFO] "GET /account/user/details/ HTTP/1.1" 200 288
2024-07-09 03:07:19,018 +0545 [INFO] "GET /media/user/profile_images/1_L2_3HJTZhbZQLXIwr0MVaQ_q8xlFvE.gif HTTP/1.1" 304 0
2024-07-09 03:07:19,023 +0545 [INFO] "GET /account/buyer-profile/1/ HTTP/1.1" 200 190
2024-07-09 03:07:19,030 +0545 [INFO] "GET /media/user/profile_images/1_L2_3HJTZhbZQLXIwr0MVaQ_q8xlFvE.gif HTTP/1.1" 304 0
2024-07-09 03:07:32,841 +0545 [INFO] "GET /e-com/api/buyer/orders/final-archive/ HTTP/1.1" 200 2
2024-07-09 03:07:34,865 +0545 [INFO] "GET /e-com/api/buyer/orders/final-archive/ HTTP/1.1" 200 2
2024-07-09 03:07:39,010 +0545 [INFO] "GET /e-com/api/buyer/orders/final-archive/ HTTP/1.1" 200 2
2024-07-09 03:07:53,077 +0545 [INFO] "GET /e-com/api/products/public/list/ HTTP/1.1" 200 1198
2024-07-09 03:07:53,114 +0545 [INFO] "GET /e-com/api/products/public/list/ HTTP/1.1" 200 1198
2024-07-09 03:07:53,140 +0545 [INFO] "GET /media/seller/product_images/a78-427_600-green_S29IHFt.png HTTP/1.1" 304 0
2024-07-09 03:07:58,971 +0545 [INFO] "POST /account/auth/login/ HTTP/1.1" 200 483
2024-07-09 03:07:59,050 +0545 [INFO] "GET /e-com/api/products/public/list/ HTTP/1.1" 200 1198
2024-07-09 03:07:59,073 +0545 [INFO] "GET /account/user/details/ HTTP/1.1" 200 290
2024-07-09 03:07:59,073 +0545 [INFO] "GET /e-com/api/products/public/list/ HTTP/1.1" 200 1198
2024-07-09 03:07:59,078 +0545 [INFO] "GET /account/user/profile/ HTTP/1.1" 200 409
2024-07-09 03:07:59,087 +0545 [INFO] "GET /account/user/details/ HTTP/1.1" 200 290
2024-07-09 03:07:59,099 +0545 [INFO] "GET /account/user/profile/ HTTP/1.1" 200 409
2024-07-09 03:07:59,109 +0545 [INFO] "GET /account/user/profile/ HTTP/1.1" 200 409
2024-07-09 03:07:59,125 +0545 [INFO] "GET /account/user/profile/ HTTP/1.1" 200 409
2024-07-09 03:08:08,818 +0545 [INFO] "GET /e-com/api/buyer/orders/final-archive/ HTTP/1.1" 200 653
2024-07-09 06:50:18,376 +0545 [INFO] "GET /e-com/api/buyer/orders/final-archive/ HTTP/1.1" 200 653
